
AVRASM ver. 2.1.30  C:\Projects\Micro Proccessor LAB\E6\2\List\adc2.asm Sat Apr 16 11:54:04 2016

C:\Projects\Micro Proccessor LAB\E6\2\List\adc2.asm(1073): warning: Register r5 already defined by the .DEF directive
C:\Projects\Micro Proccessor LAB\E6\2\List\adc2.asm(1074): warning: Register r4 already defined by the .DEF directive
C:\Projects\Micro Proccessor LAB\E6\2\List\adc2.asm(1075): warning: Register r7 already defined by the .DEF directive
                 
                 
                 ;CodeVisionAVR C Compiler V2.05.3 Standard
                 ;(C) Copyright 1998-2011 Pavel Haiduc, HP InfoTech s.r.l.
                 ;http://www.hpinfotech.com
                 
                 ;Chip type                : ATmega64
                 ;Program type             : Application
                 ;Clock frequency          : 8.000000 MHz
                 ;Memory model             : Small
                 ;Optimize for             : Size
                 ;(s)printf features       : int, width
                 ;(s)scanf features        : int, width
                 ;External RAM size        : 0
                 ;Data Stack size          : 1024 byte(s)
                 ;Heap size                : 0 byte(s)
                 ;Promote 'char' to 'int'  : Yes
                 ;'char' is unsigned       : Yes
                 ;8 bit enums              : Yes
                 ;Global 'const' stored in FLASH     : No
                 ;Enhanced function parameter passing: Yes
                 ;Enhanced core instructions         : On
                 ;Smart register allocation          : On
                 ;Automatic register allocation      : On
                 
                 	#pragma AVRPART ADMIN PART_NAME ATmega64
                 	#pragma AVRPART MEMORY PROG_FLASH 65536
                 	#pragma AVRPART MEMORY EEPROM 2048
                 	#pragma AVRPART MEMORY INT_SRAM SIZE 4351
                 	#pragma AVRPART MEMORY INT_SRAM START_ADDR 0x100
                 
                 	#define CALL_SUPPORTED 1
                 
                 	.LISTMAC
                 	.EQU UDRE=0x5
                 	.EQU RXC=0x7
                 	.EQU USR=0xB
                 	.EQU UDR=0xC
                 	.EQU SPSR=0xE
                 	.EQU SPDR=0xF
                 	.EQU EERE=0x0
                 	.EQU EEWE=0x1
                 	.EQU EEMWE=0x2
                 	.EQU EECR=0x1C
                 	.EQU EEDR=0x1D
                 	.EQU EEARL=0x1E
                 	.EQU EEARH=0x1F
                 	.EQU WDTCR=0x21
                 	.EQU MCUCR=0x35
                 	.EQU SPL=0x3D
                 	.EQU SPH=0x3E
                 	.EQU SREG=0x3F
                 	.EQU XMCRA=0x6D
                 	.EQU XMCRB=0x6C
                 
                 	.DEF R0X0=R0
                 	.DEF R0X1=R1
                 	.DEF R0X2=R2
                 	.DEF R0X3=R3
                 	.DEF R0X4=R4
                 	.DEF R0X5=R5
                 	.DEF R0X6=R6
                 	.DEF R0X7=R7
                 	.DEF R0X8=R8
                 	.DEF R0X9=R9
                 	.DEF R0XA=R10
                 	.DEF R0XB=R11
                 	.DEF R0XC=R12
                 	.DEF R0XD=R13
                 	.DEF R0XE=R14
                 	.DEF R0XF=R15
                 	.DEF R0X10=R16
                 	.DEF R0X11=R17
                 	.DEF R0X12=R18
                 	.DEF R0X13=R19
                 	.DEF R0X14=R20
                 	.DEF R0X15=R21
                 	.DEF R0X16=R22
                 	.DEF R0X17=R23
                 	.DEF R0X18=R24
                 	.DEF R0X19=R25
                 	.DEF R0X1A=R26
                 	.DEF R0X1B=R27
                 	.DEF R0X1C=R28
                 	.DEF R0X1D=R29
                 	.DEF R0X1E=R30
                 	.DEF R0X1F=R31
                 
                 	.EQU __SRAM_START=0x0100
                 	.EQU __SRAM_END=0x10FF
                 	.EQU __DSTACK_SIZE=0x0400
                 	.EQU __HEAP_SIZE=0x0000
                 	.EQU __CLEAR_SRAM_SIZE=__SRAM_END-__SRAM_START+1
                 
                 	.MACRO __CPD1N
                 	CPI  R30,LOW(@0)
                 	LDI  R26,HIGH(@0)
                 	CPC  R31,R26
                 	LDI  R26,BYTE3(@0)
                 	CPC  R22,R26
                 	LDI  R26,BYTE4(@0)
                 	CPC  R23,R26
                 	.ENDM
                 
                 	.MACRO __CPD2N
                 	CPI  R26,LOW(@0)
                 	LDI  R30,HIGH(@0)
                 	CPC  R27,R30
                 	LDI  R30,BYTE3(@0)
                 	CPC  R24,R30
                 	LDI  R30,BYTE4(@0)
                 	CPC  R25,R30
                 	.ENDM
                 
                 	.MACRO __CPWRR
                 	CP   R@0,R@2
                 	CPC  R@1,R@3
                 	.ENDM
                 
                 	.MACRO __CPWRN
                 	CPI  R@0,LOW(@2)
                 	LDI  R30,HIGH(@2)
                 	CPC  R@1,R30
                 	.ENDM
                 
                 	.MACRO __ADDB1MN
                 	SUBI R30,LOW(-@0-(@1))
                 	.ENDM
                 
                 	.MACRO __ADDB2MN
                 	SUBI R26,LOW(-@0-(@1))
                 	.ENDM
                 
                 	.MACRO __ADDW1MN
                 	SUBI R30,LOW(-@0-(@1))
                 	SBCI R31,HIGH(-@0-(@1))
                 	.ENDM
                 
                 	.MACRO __ADDW2MN
                 	SUBI R26,LOW(-@0-(@1))
                 	SBCI R27,HIGH(-@0-(@1))
                 	.ENDM
                 
                 	.MACRO __ADDW1FN
                 	SUBI R30,LOW(-2*@0-(@1))
                 	SBCI R31,HIGH(-2*@0-(@1))
                 	.ENDM
                 
                 	.MACRO __ADDD1FN
                 	SUBI R30,LOW(-2*@0-(@1))
                 	SBCI R31,HIGH(-2*@0-(@1))
                 	SBCI R22,BYTE3(-2*@0-(@1))
                 	.ENDM
                 
                 	.MACRO __ADDD1N
                 	SUBI R30,LOW(-@0)
                 	SBCI R31,HIGH(-@0)
                 	SBCI R22,BYTE3(-@0)
                 	SBCI R23,BYTE4(-@0)
                 	.ENDM
                 
                 	.MACRO __ADDD2N
                 	SUBI R26,LOW(-@0)
                 	SBCI R27,HIGH(-@0)
                 	SBCI R24,BYTE3(-@0)
                 	SBCI R25,BYTE4(-@0)
                 	.ENDM
                 
                 	.MACRO __SUBD1N
                 	SUBI R30,LOW(@0)
                 	SBCI R31,HIGH(@0)
                 	SBCI R22,BYTE3(@0)
                 	SBCI R23,BYTE4(@0)
                 	.ENDM
                 
                 	.MACRO __SUBD2N
                 	SUBI R26,LOW(@0)
                 	SBCI R27,HIGH(@0)
                 	SBCI R24,BYTE3(@0)
                 	SBCI R25,BYTE4(@0)
                 	.ENDM
                 
                 	.MACRO __ANDBMNN
                 	LDS  R30,@0+(@1)
                 	ANDI R30,LOW(@2)
                 	STS  @0+(@1),R30
                 	.ENDM
                 
                 	.MACRO __ANDWMNN
                 	LDS  R30,@0+(@1)
                 	ANDI R30,LOW(@2)
                 	STS  @0+(@1),R30
                 	LDS  R30,@0+(@1)+1
                 	ANDI R30,HIGH(@2)
                 	STS  @0+(@1)+1,R30
                 	.ENDM
                 
                 	.MACRO __ANDD1N
                 	ANDI R30,LOW(@0)
                 	ANDI R31,HIGH(@0)
                 	ANDI R22,BYTE3(@0)
                 	ANDI R23,BYTE4(@0)
                 	.ENDM
                 
                 	.MACRO __ANDD2N
                 	ANDI R26,LOW(@0)
                 	ANDI R27,HIGH(@0)
                 	ANDI R24,BYTE3(@0)
                 	ANDI R25,BYTE4(@0)
                 	.ENDM
                 
                 	.MACRO __ORBMNN
                 	LDS  R30,@0+(@1)
                 	ORI  R30,LOW(@2)
                 	STS  @0+(@1),R30
                 	.ENDM
                 
                 	.MACRO __ORWMNN
                 	LDS  R30,@0+(@1)
                 	ORI  R30,LOW(@2)
                 	STS  @0+(@1),R30
                 	LDS  R30,@0+(@1)+1
                 	ORI  R30,HIGH(@2)
                 	STS  @0+(@1)+1,R30
                 	.ENDM
                 
                 	.MACRO __ORD1N
                 	ORI  R30,LOW(@0)
                 	ORI  R31,HIGH(@0)
                 	ORI  R22,BYTE3(@0)
                 	ORI  R23,BYTE4(@0)
                 	.ENDM
                 
                 	.MACRO __ORD2N
                 	ORI  R26,LOW(@0)
                 	ORI  R27,HIGH(@0)
                 	ORI  R24,BYTE3(@0)
                 	ORI  R25,BYTE4(@0)
                 	.ENDM
                 
                 	.MACRO __DELAY_USB
                 	LDI  R24,LOW(@0)
                 __DELAY_USB_LOOP:
                 	DEC  R24
                 	BRNE __DELAY_USB_LOOP
                 	.ENDM
                 
                 	.MACRO __DELAY_USW
                 	LDI  R24,LOW(@0)
                 	LDI  R25,HIGH(@0)
                 __DELAY_USW_LOOP:
                 	SBIW R24,1
                 	BRNE __DELAY_USW_LOOP
                 	.ENDM
                 
                 	.MACRO __GETD1S
                 	LDD  R30,Y+@0
                 	LDD  R31,Y+@0+1
                 	LDD  R22,Y+@0+2
                 	LDD  R23,Y+@0+3
                 	.ENDM
                 
                 	.MACRO __GETD2S
                 	LDD  R26,Y+@0
                 	LDD  R27,Y+@0+1
                 	LDD  R24,Y+@0+2
                 	LDD  R25,Y+@0+3
                 	.ENDM
                 
                 	.MACRO __PUTD1S
                 	STD  Y+@0,R30
                 	STD  Y+@0+1,R31
                 	STD  Y+@0+2,R22
                 	STD  Y+@0+3,R23
                 	.ENDM
                 
                 	.MACRO __PUTD2S
                 	STD  Y+@0,R26
                 	STD  Y+@0+1,R27
                 	STD  Y+@0+2,R24
                 	STD  Y+@0+3,R25
                 	.ENDM
                 
                 	.MACRO __PUTDZ2
                 	STD  Z+@0,R26
                 	STD  Z+@0+1,R27
                 	STD  Z+@0+2,R24
                 	STD  Z+@0+3,R25
                 	.ENDM
                 
                 	.MACRO __CLRD1S
                 	STD  Y+@0,R30
                 	STD  Y+@0+1,R30
                 	STD  Y+@0+2,R30
                 	STD  Y+@0+3,R30
                 	.ENDM
                 
                 	.MACRO __POINTB1MN
                 	LDI  R30,LOW(@0+(@1))
                 	.ENDM
                 
                 	.MACRO __POINTW1MN
                 	LDI  R30,LOW(@0+(@1))
                 	LDI  R31,HIGH(@0+(@1))
                 	.ENDM
                 
                 	.MACRO __POINTD1M
                 	LDI  R30,LOW(@0)
                 	LDI  R31,HIGH(@0)
                 	LDI  R22,BYTE3(@0)
                 	LDI  R23,BYTE4(@0)
                 	.ENDM
                 
                 	.MACRO __POINTW1FN
                 	LDI  R30,LOW(2*@0+(@1))
                 	LDI  R31,HIGH(2*@0+(@1))
                 	.ENDM
                 
                 	.MACRO __POINTD1FN
                 	LDI  R30,LOW(2*@0+(@1))
                 	LDI  R31,HIGH(2*@0+(@1))
                 	LDI  R22,BYTE3(2*@0+(@1))
                 	LDI  R23,BYTE4(2*@0+(@1))
                 	.ENDM
                 
                 	.MACRO __POINTB2MN
                 	LDI  R26,LOW(@0+(@1))
                 	.ENDM
                 
                 	.MACRO __POINTW2MN
                 	LDI  R26,LOW(@0+(@1))
                 	LDI  R27,HIGH(@0+(@1))
                 	.ENDM
                 
                 	.MACRO __POINTW2FN
                 	LDI  R26,LOW(2*@0+(@1))
                 	LDI  R27,HIGH(2*@0+(@1))
                 	.ENDM
                 
                 	.MACRO __POINTD2FN
                 	LDI  R26,LOW(2*@0+(@1))
                 	LDI  R27,HIGH(2*@0+(@1))
                 	LDI  R24,BYTE3(2*@0+(@1))
                 	LDI  R25,BYTE4(2*@0+(@1))
                 	.ENDM
                 
                 	.MACRO __POINTBRM
                 	LDI  R@0,LOW(@1)
                 	.ENDM
                 
                 	.MACRO __POINTWRM
                 	LDI  R@0,LOW(@2)
                 	LDI  R@1,HIGH(@2)
                 	.ENDM
                 
                 	.MACRO __POINTBRMN
                 	LDI  R@0,LOW(@1+(@2))
                 	.ENDM
                 
                 	.MACRO __POINTWRMN
                 	LDI  R@0,LOW(@2+(@3))
                 	LDI  R@1,HIGH(@2+(@3))
                 	.ENDM
                 
                 	.MACRO __POINTWRFN
                 	LDI  R@0,LOW(@2*2+(@3))
                 	LDI  R@1,HIGH(@2*2+(@3))
                 	.ENDM
                 
                 	.MACRO __GETD1N
                 	LDI  R30,LOW(@0)
                 	LDI  R31,HIGH(@0)
                 	LDI  R22,BYTE3(@0)
                 	LDI  R23,BYTE4(@0)
                 	.ENDM
                 
                 	.MACRO __GETD2N
                 	LDI  R26,LOW(@0)
                 	LDI  R27,HIGH(@0)
                 	LDI  R24,BYTE3(@0)
                 	LDI  R25,BYTE4(@0)
                 	.ENDM
                 
                 	.MACRO __GETB1MN
                 	LDS  R30,@0+(@1)
                 	.ENDM
                 
                 	.MACRO __GETB1HMN
                 	LDS  R31,@0+(@1)
                 	.ENDM
                 
                 	.MACRO __GETW1MN
                 	LDS  R30,@0+(@1)
                 	LDS  R31,@0+(@1)+1
                 	.ENDM
                 
                 	.MACRO __GETD1MN
                 	LDS  R30,@0+(@1)
                 	LDS  R31,@0+(@1)+1
                 	LDS  R22,@0+(@1)+2
                 	LDS  R23,@0+(@1)+3
                 	.ENDM
                 
                 	.MACRO __GETBRMN
                 	LDS  R@0,@1+(@2)
                 	.ENDM
                 
                 	.MACRO __GETWRMN
                 	LDS  R@0,@2+(@3)
                 	LDS  R@1,@2+(@3)+1
                 	.ENDM
                 
                 	.MACRO __GETWRZ
                 	LDD  R@0,Z+@2
                 	LDD  R@1,Z+@2+1
                 	.ENDM
                 
                 	.MACRO __GETD2Z
                 	LDD  R26,Z+@0
                 	LDD  R27,Z+@0+1
                 	LDD  R24,Z+@0+2
                 	LDD  R25,Z+@0+3
                 	.ENDM
                 
                 	.MACRO __GETB2MN
                 	LDS  R26,@0+(@1)
                 	.ENDM
                 
                 	.MACRO __GETW2MN
                 	LDS  R26,@0+(@1)
                 	LDS  R27,@0+(@1)+1
                 	.ENDM
                 
                 	.MACRO __GETD2MN
                 	LDS  R26,@0+(@1)
                 	LDS  R27,@0+(@1)+1
                 	LDS  R24,@0+(@1)+2
                 	LDS  R25,@0+(@1)+3
                 	.ENDM
                 
                 	.MACRO __PUTB1MN
                 	STS  @0+(@1),R30
                 	.ENDM
                 
                 	.MACRO __PUTW1MN
                 	STS  @0+(@1),R30
                 	STS  @0+(@1)+1,R31
                 	.ENDM
                 
                 	.MACRO __PUTD1MN
                 	STS  @0+(@1),R30
                 	STS  @0+(@1)+1,R31
                 	STS  @0+(@1)+2,R22
                 	STS  @0+(@1)+3,R23
                 	.ENDM
                 
                 	.MACRO __PUTB1EN
                 	LDI  R26,LOW(@0+(@1))
                 	LDI  R27,HIGH(@0+(@1))
                 	CALL __EEPROMWRB
                 	.ENDM
                 
                 	.MACRO __PUTW1EN
                 	LDI  R26,LOW(@0+(@1))
                 	LDI  R27,HIGH(@0+(@1))
                 	CALL __EEPROMWRW
                 	.ENDM
                 
                 	.MACRO __PUTD1EN
                 	LDI  R26,LOW(@0+(@1))
                 	LDI  R27,HIGH(@0+(@1))
                 	CALL __EEPROMWRD
                 	.ENDM
                 
                 	.MACRO __PUTBR0MN
                 	STS  @0+(@1),R0
                 	.ENDM
                 
                 	.MACRO __PUTBMRN
                 	STS  @0+(@1),R@2
                 	.ENDM
                 
                 	.MACRO __PUTWMRN
                 	STS  @0+(@1),R@2
                 	STS  @0+(@1)+1,R@3
                 	.ENDM
                 
                 	.MACRO __PUTBZR
                 	STD  Z+@1,R@0
                 	.ENDM
                 
                 	.MACRO __PUTWZR
                 	STD  Z+@2,R@0
                 	STD  Z+@2+1,R@1
                 	.ENDM
                 
                 	.MACRO __GETW1R
                 	MOV  R30,R@0
                 	MOV  R31,R@1
                 	.ENDM
                 
                 	.MACRO __GETW2R
                 	MOV  R26,R@0
                 	MOV  R27,R@1
                 	.ENDM
                 
                 	.MACRO __GETWRN
                 	LDI  R@0,LOW(@2)
                 	LDI  R@1,HIGH(@2)
                 	.ENDM
                 
                 	.MACRO __PUTW1R
                 	MOV  R@0,R30
                 	MOV  R@1,R31
                 	.ENDM
                 
                 	.MACRO __PUTW2R
                 	MOV  R@0,R26
                 	MOV  R@1,R27
                 	.ENDM
                 
                 	.MACRO __ADDWRN
                 	SUBI R@0,LOW(-@2)
                 	SBCI R@1,HIGH(-@2)
                 	.ENDM
                 
                 	.MACRO __ADDWRR
                 	ADD  R@0,R@2
                 	ADC  R@1,R@3
                 	.ENDM
                 
                 	.MACRO __SUBWRN
                 	SUBI R@0,LOW(@2)
                 	SBCI R@1,HIGH(@2)
                 	.ENDM
                 
                 	.MACRO __SUBWRR
                 	SUB  R@0,R@2
                 	SBC  R@1,R@3
                 	.ENDM
                 
                 	.MACRO __ANDWRN
                 	ANDI R@0,LOW(@2)
                 	ANDI R@1,HIGH(@2)
                 	.ENDM
                 
                 	.MACRO __ANDWRR
                 	AND  R@0,R@2
                 	AND  R@1,R@3
                 	.ENDM
                 
                 	.MACRO __ORWRN
                 	ORI  R@0,LOW(@2)
                 	ORI  R@1,HIGH(@2)
                 	.ENDM
                 
                 	.MACRO __ORWRR
                 	OR   R@0,R@2
                 	OR   R@1,R@3
                 	.ENDM
                 
                 	.MACRO __EORWRR
                 	EOR  R@0,R@2
                 	EOR  R@1,R@3
                 	.ENDM
                 
                 	.MACRO __GETWRS
                 	LDD  R@0,Y+@2
                 	LDD  R@1,Y+@2+1
                 	.ENDM
                 
                 	.MACRO __PUTBSR
                 	STD  Y+@1,R@0
                 	.ENDM
                 
                 	.MACRO __PUTWSR
                 	STD  Y+@2,R@0
                 	STD  Y+@2+1,R@1
                 	.ENDM
                 
                 	.MACRO __MOVEWRR
                 	MOV  R@0,R@2
                 	MOV  R@1,R@3
                 	.ENDM
                 
                 	.MACRO __INWR
                 	IN   R@0,@2
                 	IN   R@1,@2+1
                 	.ENDM
                 
                 	.MACRO __OUTWR
                 	OUT  @2+1,R@1
                 	OUT  @2,R@0
                 	.ENDM
                 
                 	.MACRO __CALL1MN
                 	LDS  R30,@0+(@1)
                 	LDS  R31,@0+(@1)+1
                 	ICALL
                 	.ENDM
                 
                 	.MACRO __CALL1FN
                 	LDI  R30,LOW(2*@0+(@1))
                 	LDI  R31,HIGH(2*@0+(@1))
                 	CALL __GETW1PF
                 	ICALL
                 	.ENDM
                 
                 	.MACRO __CALL2EN
                 	LDI  R26,LOW(@0+(@1))
                 	LDI  R27,HIGH(@0+(@1))
                 	CALL __EEPROMRDW
                 	ICALL
                 	.ENDM
                 
                 	.MACRO __GETW1STACK
                 	IN   R26,SPL
                 	IN   R27,SPH
                 	ADIW R26,@0+1
                 	LD   R30,X+
                 	LD   R31,X
                 	.ENDM
                 
                 	.MACRO __GETD1STACK
                 	IN   R26,SPL
                 	IN   R27,SPH
                 	ADIW R26,@0+1
                 	LD   R30,X+
                 	LD   R31,X+
                 	LD   R22,X
                 	.ENDM
                 
                 	.MACRO __NBST
                 	BST  R@0,@1
                 	IN   R30,SREG
                 	LDI  R31,0x40
                 	EOR  R30,R31
                 	OUT  SREG,R30
                 	.ENDM
                 
                 
                 	.MACRO __PUTB1SN
                 	LDD  R26,Y+@0
                 	LDD  R27,Y+@0+1
                 	SUBI R26,LOW(-@1)
                 	SBCI R27,HIGH(-@1)
                 	ST   X,R30
                 	.ENDM
                 
                 	.MACRO __PUTW1SN
                 	LDD  R26,Y+@0
                 	LDD  R27,Y+@0+1
                 	SUBI R26,LOW(-@1)
                 	SBCI R27,HIGH(-@1)
                 	ST   X+,R30
                 	ST   X,R31
                 	.ENDM
                 
                 	.MACRO __PUTD1SN
                 	LDD  R26,Y+@0
                 	LDD  R27,Y+@0+1
                 	SUBI R26,LOW(-@1)
                 	SBCI R27,HIGH(-@1)
                 	CALL __PUTDP1
                 	.ENDM
                 
                 	.MACRO __PUTB1SNS
                 	LDD  R26,Y+@0
                 	LDD  R27,Y+@0+1
                 	ADIW R26,@1
                 	ST   X,R30
                 	.ENDM
                 
                 	.MACRO __PUTW1SNS
                 	LDD  R26,Y+@0
                 	LDD  R27,Y+@0+1
                 	ADIW R26,@1
                 	ST   X+,R30
                 	ST   X,R31
                 	.ENDM
                 
                 	.MACRO __PUTD1SNS
                 	LDD  R26,Y+@0
                 	LDD  R27,Y+@0+1
                 	ADIW R26,@1
                 	CALL __PUTDP1
                 	.ENDM
                 
                 	.MACRO __PUTB1PMN
                 	LDS  R26,@0
                 	LDS  R27,@0+1
                 	SUBI R26,LOW(-@1)
                 	SBCI R27,HIGH(-@1)
                 	ST   X,R30
                 	.ENDM
                 
                 	.MACRO __PUTW1PMN
                 	LDS  R26,@0
                 	LDS  R27,@0+1
                 	SUBI R26,LOW(-@1)
                 	SBCI R27,HIGH(-@1)
                 	ST   X+,R30
                 	ST   X,R31
                 	.ENDM
                 
                 	.MACRO __PUTD1PMN
                 	LDS  R26,@0
                 	LDS  R27,@0+1
                 	SUBI R26,LOW(-@1)
                 	SBCI R27,HIGH(-@1)
                 	CALL __PUTDP1
                 	.ENDM
                 
                 	.MACRO __PUTB1PMNS
                 	LDS  R26,@0
                 	LDS  R27,@0+1
                 	ADIW R26,@1
                 	ST   X,R30
                 	.ENDM
                 
                 	.MACRO __PUTW1PMNS
                 	LDS  R26,@0
                 	LDS  R27,@0+1
                 	ADIW R26,@1
                 	ST   X+,R30
                 	ST   X,R31
                 	.ENDM
                 
                 	.MACRO __PUTD1PMNS
                 	LDS  R26,@0
                 	LDS  R27,@0+1
                 	ADIW R26,@1
                 	CALL __PUTDP1
                 	.ENDM
                 
                 	.MACRO __PUTB1RN
                 	MOVW R26,R@0
                 	SUBI R26,LOW(-@1)
                 	SBCI R27,HIGH(-@1)
                 	ST   X,R30
                 	.ENDM
                 
                 	.MACRO __PUTW1RN
                 	MOVW R26,R@0
                 	SUBI R26,LOW(-@1)
                 	SBCI R27,HIGH(-@1)
                 	ST   X+,R30
                 	ST   X,R31
                 	.ENDM
                 
                 	.MACRO __PUTD1RN
                 	MOVW R26,R@0
                 	SUBI R26,LOW(-@1)
                 	SBCI R27,HIGH(-@1)
                 	CALL __PUTDP1
                 	.ENDM
                 
                 	.MACRO __PUTB1RNS
                 	MOVW R26,R@0
                 	ADIW R26,@1
                 	ST   X,R30
                 	.ENDM
                 
                 	.MACRO __PUTW1RNS
                 	MOVW R26,R@0
                 	ADIW R26,@1
                 	ST   X+,R30
                 	ST   X,R31
                 	.ENDM
                 
                 	.MACRO __PUTD1RNS
                 	MOVW R26,R@0
                 	ADIW R26,@1
                 	CALL __PUTDP1
                 	.ENDM
                 
                 	.MACRO __PUTB1RON
                 	MOV  R26,R@0
                 	MOV  R27,R@1
                 	SUBI R26,LOW(-@2)
                 	SBCI R27,HIGH(-@2)
                 	ST   X,R30
                 	.ENDM
                 
                 	.MACRO __PUTW1RON
                 	MOV  R26,R@0
                 	MOV  R27,R@1
                 	SUBI R26,LOW(-@2)
                 	SBCI R27,HIGH(-@2)
                 	ST   X+,R30
                 	ST   X,R31
                 	.ENDM
                 
                 	.MACRO __PUTD1RON
                 	MOV  R26,R@0
                 	MOV  R27,R@1
                 	SUBI R26,LOW(-@2)
                 	SBCI R27,HIGH(-@2)
                 	CALL __PUTDP1
                 	.ENDM
                 
                 	.MACRO __PUTB1RONS
                 	MOV  R26,R@0
                 	MOV  R27,R@1
                 	ADIW R26,@2
                 	ST   X,R30
                 	.ENDM
                 
                 	.MACRO __PUTW1RONS
                 	MOV  R26,R@0
                 	MOV  R27,R@1
                 	ADIW R26,@2
                 	ST   X+,R30
                 	ST   X,R31
                 	.ENDM
                 
                 	.MACRO __PUTD1RONS
                 	MOV  R26,R@0
                 	MOV  R27,R@1
                 	ADIW R26,@2
                 	CALL __PUTDP1
                 	.ENDM
                 
                 
                 	.MACRO __GETB1SX
                 	MOVW R30,R28
                 	SUBI R30,LOW(-@0)
                 	SBCI R31,HIGH(-@0)
                 	LD   R30,Z
                 	.ENDM
                 
                 	.MACRO __GETB1HSX
                 	MOVW R30,R28
                 	SUBI R30,LOW(-@0)
                 	SBCI R31,HIGH(-@0)
                 	LD   R31,Z
                 	.ENDM
                 
                 	.MACRO __GETW1SX
                 	MOVW R30,R28
                 	SUBI R30,LOW(-@0)
                 	SBCI R31,HIGH(-@0)
                 	LD   R0,Z+
                 	LD   R31,Z
                 	MOV  R30,R0
                 	.ENDM
                 
                 	.MACRO __GETD1SX
                 	MOVW R30,R28
                 	SUBI R30,LOW(-@0)
                 	SBCI R31,HIGH(-@0)
                 	LD   R0,Z+
                 	LD   R1,Z+
                 	LD   R22,Z+
                 	LD   R23,Z
                 	MOVW R30,R0
                 	.ENDM
                 
                 	.MACRO __GETB2SX
                 	MOVW R26,R28
                 	SUBI R26,LOW(-@0)
                 	SBCI R27,HIGH(-@0)
                 	LD   R26,X
                 	.ENDM
                 
                 	.MACRO __GETW2SX
                 	MOVW R26,R28
                 	SUBI R26,LOW(-@0)
                 	SBCI R27,HIGH(-@0)
                 	LD   R0,X+
                 	LD   R27,X
                 	MOV  R26,R0
                 	.ENDM
                 
                 	.MACRO __GETD2SX
                 	MOVW R26,R28
                 	SUBI R26,LOW(-@0)
                 	SBCI R27,HIGH(-@0)
                 	LD   R0,X+
                 	LD   R1,X+
                 	LD   R24,X+
                 	LD   R25,X
                 	MOVW R26,R0
                 	.ENDM
                 
                 	.MACRO __GETBRSX
                 	MOVW R30,R28
                 	SUBI R30,LOW(-@1)
                 	SBCI R31,HIGH(-@1)
                 	LD   R@0,Z
                 	.ENDM
                 
                 	.MACRO __GETWRSX
                 	MOVW R30,R28
                 	SUBI R30,LOW(-@2)
                 	SBCI R31,HIGH(-@2)
                 	LD   R@0,Z+
                 	LD   R@1,Z
                 	.ENDM
                 
                 	.MACRO __GETBRSX2
                 	MOVW R26,R28
                 	SUBI R26,LOW(-@1)
                 	SBCI R27,HIGH(-@1)
                 	LD   R@0,X
                 	.ENDM
                 
                 	.MACRO __GETWRSX2
                 	MOVW R26,R28
                 	SUBI R26,LOW(-@2)
                 	SBCI R27,HIGH(-@2)
                 	LD   R@0,X+
                 	LD   R@1,X
                 	.ENDM
                 
                 	.MACRO __LSLW8SX
                 	MOVW R30,R28
                 	SUBI R30,LOW(-@0)
                 	SBCI R31,HIGH(-@0)
                 	LD   R31,Z
                 	CLR  R30
                 	.ENDM
                 
                 	.MACRO __PUTB1SX
                 	MOVW R26,R28
                 	SUBI R26,LOW(-@0)
                 	SBCI R27,HIGH(-@0)
                 	ST   X,R30
                 	.ENDM
                 
                 	.MACRO __PUTW1SX
                 	MOVW R26,R28
                 	SUBI R26,LOW(-@0)
                 	SBCI R27,HIGH(-@0)
                 	ST   X+,R30
                 	ST   X,R31
                 	.ENDM
                 
                 	.MACRO __PUTD1SX
                 	MOVW R26,R28
                 	SUBI R26,LOW(-@0)
                 	SBCI R27,HIGH(-@0)
                 	ST   X+,R30
                 	ST   X+,R31
                 	ST   X+,R22
                 	ST   X,R23
                 	.ENDM
                 
                 	.MACRO __CLRW1SX
                 	MOVW R26,R28
                 	SUBI R26,LOW(-@0)
                 	SBCI R27,HIGH(-@0)
                 	ST   X+,R30
                 	ST   X,R30
                 	.ENDM
                 
                 	.MACRO __CLRD1SX
                 	MOVW R26,R28
                 	SUBI R26,LOW(-@0)
                 	SBCI R27,HIGH(-@0)
                 	ST   X+,R30
                 	ST   X+,R30
                 	ST   X+,R30
                 	ST   X,R30
                 	.ENDM
                 
                 	.MACRO __PUTB2SX
                 	MOVW R30,R28
                 	SUBI R30,LOW(-@0)
                 	SBCI R31,HIGH(-@0)
                 	ST   Z,R26
                 	.ENDM
                 
                 	.MACRO __PUTW2SX
                 	MOVW R30,R28
                 	SUBI R30,LOW(-@0)
                 	SBCI R31,HIGH(-@0)
                 	ST   Z+,R26
                 	ST   Z,R27
                 	.ENDM
                 
                 	.MACRO __PUTD2SX
                 	MOVW R30,R28
                 	SUBI R30,LOW(-@0)
                 	SBCI R31,HIGH(-@0)
                 	ST   Z+,R26
                 	ST   Z+,R27
                 	ST   Z+,R24
                 	ST   Z,R25
                 	.ENDM
                 
                 	.MACRO __PUTBSRX
                 	MOVW R30,R28
                 	SUBI R30,LOW(-@1)
                 	SBCI R31,HIGH(-@1)
                 	ST   Z,R@0
                 	.ENDM
                 
                 	.MACRO __PUTWSRX
                 	MOVW R30,R28
                 	SUBI R30,LOW(-@2)
                 	SBCI R31,HIGH(-@2)
                 	ST   Z+,R@0
                 	ST   Z,R@1
                 	.ENDM
                 
                 	.MACRO __PUTB1SNX
                 	MOVW R26,R28
                 	SUBI R26,LOW(-@0)
                 	SBCI R27,HIGH(-@0)
                 	LD   R0,X+
                 	LD   R27,X
                 	MOV  R26,R0
                 	SUBI R26,LOW(-@1)
                 	SBCI R27,HIGH(-@1)
                 	ST   X,R30
                 	.ENDM
                 
                 	.MACRO __PUTW1SNX
                 	MOVW R26,R28
                 	SUBI R26,LOW(-@0)
                 	SBCI R27,HIGH(-@0)
                 	LD   R0,X+
                 	LD   R27,X
                 	MOV  R26,R0
                 	SUBI R26,LOW(-@1)
                 	SBCI R27,HIGH(-@1)
                 	ST   X+,R30
                 	ST   X,R31
                 	.ENDM
                 
                 	.MACRO __PUTD1SNX
                 	MOVW R26,R28
                 	SUBI R26,LOW(-@0)
                 	SBCI R27,HIGH(-@0)
                 	LD   R0,X+
                 	LD   R27,X
                 	MOV  R26,R0
                 	SUBI R26,LOW(-@1)
                 	SBCI R27,HIGH(-@1)
                 	ST   X+,R30
                 	ST   X+,R31
                 	ST   X+,R22
                 	ST   X,R23
                 	.ENDM
                 
                 	.MACRO __MULBRR
                 	MULS R@0,R@1
                 	MOVW R30,R0
                 	.ENDM
                 
                 	.MACRO __MULBRRU
                 	MUL  R@0,R@1
                 	MOVW R30,R0
                 	.ENDM
                 
                 	.MACRO __MULBRR0
                 	MULS R@0,R@1
                 	.ENDM
                 
                 	.MACRO __MULBRRU0
                 	MUL  R@0,R@1
                 	.ENDM
                 
                 	.MACRO __MULBNWRU
                 	LDI  R26,@2
                 	MUL  R26,R@0
                 	MOVW R30,R0
                 	MUL  R26,R@1
                 	ADD  R31,R0
                 	.ENDM
                 
                 ;NAME DEFINITIONS FOR GLOBAL VARIABLES ALLOCATED TO REGISTERS
                 	.DEF __lcd_x=R5
                 	.DEF __lcd_y=R4
                 	.DEF __lcd_maxx=R7
                 
                 	.CSEG
                 	.ORG 0x00
                 
                 ;START OF CODE MARKER
                 __START_OF_CODE:
                 
                 ;INTERRUPT VECTORS
000000 940c 004b 	JMP  __RESET
000002 940c 0000 	JMP  0x00
000004 940c 0000 	JMP  0x00
000006 940c 0000 	JMP  0x00
000008 940c 0000 	JMP  0x00
00000a 940c 0000 	JMP  0x00
00000c 940c 0000 	JMP  0x00
00000e 940c 0000 	JMP  0x00
000010 940c 0000 	JMP  0x00
000012 940c 0000 	JMP  0x00
000014 940c 0000 	JMP  0x00
000016 940c 0000 	JMP  0x00
000018 940c 0000 	JMP  0x00
00001a 940c 0000 	JMP  0x00
00001c 940c 0000 	JMP  0x00
00001e 940c 0000 	JMP  0x00
000020 940c 0000 	JMP  0x00
000022 940c 0000 	JMP  0x00
000024 940c 0000 	JMP  0x00
000026 940c 0000 	JMP  0x00
000028 940c 0000 	JMP  0x00
00002a 940c 0000 	JMP  0x00
00002c 940c 0000 	JMP  0x00
00002e 940c 0000 	JMP  0x00
000030 940c 0000 	JMP  0x00
000032 940c 0000 	JMP  0x00
000034 940c 0000 	JMP  0x00
000036 940c 0000 	JMP  0x00
000038 940c 0000 	JMP  0x00
00003a 940c 0000 	JMP  0x00
00003c 940c 0000 	JMP  0x00
00003e 940c 0000 	JMP  0x00
000040 940c 0000 	JMP  0x00
000042 940c 0000 	JMP  0x00
000044 940c 0000 	JMP  0x00
                 
                 _0x2000003:
000046 c080      	.DB  0x80,0xC0
                 
                 __GLOBAL_INI_TBL:
000047 0002      	.DW  0x02
000048 0500      	.DW  __base_y_G100
000049 008c      	.DW  _0x2000003*2
                 
                 _0xFFFFFFFF:
00004a 0000      	.DW  0
                 
                 __RESET:
00004b 94f8      	CLI
00004c 27ee      	CLR  R30
00004d bbec      	OUT  EECR,R30
                 
                 ;INTERRUPT VECTORS ARE PLACED
                 ;AT THE START OF FLASH
00004e e0f1      	LDI  R31,1
00004f bff5      	OUT  MCUCR,R31
000050 bfe5      	OUT  MCUCR,R30
000051 93e0 006c 	STS  XMCRB,R30
                 
                 ;DISABLE WATCHDOG
000053 e1f8      	LDI  R31,0x18
000054 bdf1      	OUT  WDTCR,R31
000055 bde1      	OUT  WDTCR,R30
                 
                 ;CLEAR R2-R14
000056 e08d      	LDI  R24,(14-2)+1
000057 e0a2      	LDI  R26,2
000058 27bb      	CLR  R27
                 __CLEAR_REG:
000059 93ed      	ST   X+,R30
00005a 958a      	DEC  R24
00005b f7e9      	BRNE __CLEAR_REG
                 
                 ;CLEAR SRAM
00005c e080      	LDI  R24,LOW(__CLEAR_SRAM_SIZE)
00005d e190      	LDI  R25,HIGH(__CLEAR_SRAM_SIZE)
00005e e0a0      	LDI  R26,LOW(__SRAM_START)
00005f e0b1      	LDI  R27,HIGH(__SRAM_START)
                 __CLEAR_SRAM:
000060 93ed      	ST   X+,R30
000061 9701      	SBIW R24,1
000062 f7e9      	BRNE __CLEAR_SRAM
                 
                 ;GLOBAL VARIABLES INITIALIZATION
000063 e8ee      	LDI  R30,LOW(__GLOBAL_INI_TBL*2)
000064 e0f0      	LDI  R31,HIGH(__GLOBAL_INI_TBL*2)
                 __GLOBAL_INI_NEXT:
000065 9185      	LPM  R24,Z+
000066 9195      	LPM  R25,Z+
000067 9700      	SBIW R24,0
000068 f061      	BREQ __GLOBAL_INI_END
000069 91a5      	LPM  R26,Z+
00006a 91b5      	LPM  R27,Z+
00006b 9005      	LPM  R0,Z+
00006c 9015      	LPM  R1,Z+
00006d 01bf      	MOVW R22,R30
00006e 01f0      	MOVW R30,R0
                 __GLOBAL_INI_LOOP:
00006f 9005      	LPM  R0,Z+
000070 920d      	ST   X+,R0
000071 9701      	SBIW R24,1
000072 f7e1      	BRNE __GLOBAL_INI_LOOP
000073 01fb      	MOVW R30,R22
000074 cff0      	RJMP __GLOBAL_INI_NEXT
                 __GLOBAL_INI_END:
                 
                 ;HARDWARE STACK POINTER INITIALIZATION
000075 efef      	LDI  R30,LOW(__SRAM_END-__HEAP_SIZE)
000076 bfed      	OUT  SPL,R30
000077 e1e0      	LDI  R30,HIGH(__SRAM_END-__HEAP_SIZE)
000078 bfee      	OUT  SPH,R30
                 
                 ;DATA STACK POINTER INITIALIZATION
000079 e0c0      	LDI  R28,LOW(__SRAM_START+__DSTACK_SIZE)
00007a e0d5      	LDI  R29,HIGH(__SRAM_START+__DSTACK_SIZE)
                 
00007b 940c 008a 	JMP  _main
                 
                 	.ESEG
                 	.ORG 0
                 
                 	.DSEG
                 	.ORG 0x500
                 
                 	.CSEG
                 ;/*****************************************************
                 ;This program was produced by the
                 ;CodeWizardAVR V2.05.3 Standard
                 ;Automatic Program Generator
                 ;© Copyright 1998-2011 Pavel Haiduc, HP InfoTech s.r.l.
                 ;http://www.hpinfotech.com
                 ;
                 ;Project :
                 ;Version :
                 ;Date    : 4/16/2016
                 ;Author  : Reza
                 ;Company :
                 ;Comments:
                 ;
                 ;
                 ;Chip type               : ATmega64
                 ;Program type            : Application
                 ;AVR Core Clock frequency: 8.000000 MHz
                 ;Memory model            : Small
                 ;External RAM size       : 0
                 ;Data Stack size         : 1024
                 ;*****************************************************/
                 ;
                 ;#include <mega64.h>
                 	#ifndef __SLEEP_DEFINED__
                 	#define __SLEEP_DEFINED__
                 	.EQU __se_bit=0x20
                 	.EQU __sm_mask=0x1C
                 	.EQU __sm_powerdown=0x10
                 	.EQU __sm_powersave=0x18
                 	.EQU __sm_standby=0x14
                 	.EQU __sm_ext_standby=0x1C
                 	.EQU __sm_adc_noise_red=0x08
                 	.SET power_ctrl_reg=mcucr
                 	#endif
                 ;
                 ;#include <delay.h>
                 ;
                 ;// Alphanumeric LCD functions
                 ;#include <alcd.h>
                 ;
                 ;#include <string.h>
                 ;
                 ;
                 ;#define ADC_VREF_TYPE 0x00
                 ;
                 ;// Read the AD conversion result
                 ;unsigned int read_adc(unsigned char adc_input)
                 ; 0000 0026 {
                 
                 	.CSEG
                 _read_adc:
                 ; 0000 0027 ADMUX=adc_input | (ADC_VREF_TYPE & 0xff);
00007d 93aa      	ST   -Y,R26
                 ;	adc_input -> Y+0
00007e 81e8      	LD   R30,Y
00007f b9e7      	OUT  0x7,R30
                 ; 0000 0028 // Delay needed for the stabilization of the ADC input voltage
                 ; 0000 0029 delay_us(10);
                +
000080 e18b     +LDI R24 , LOW ( 27 )
                +__DELAY_USB_LOOP :
000081 958a     +DEC R24
000082 f7f1     +BRNE __DELAY_USB_LOOP
                 	__DELAY_USB 27
                 ; 0000 002A // Start the AD conversion
                 ; 0000 002B ADCSRA|=0x40;
000083 9a36      	SBI  0x6,6
                 ; 0000 002C // Wait for the AD conversion to complete
                 ; 0000 002D while ((ADCSRA & 0x10)==0);
                 _0x3:
000084 9b34      	SBIS 0x6,4
000085 cffe      	RJMP _0x3
                 ; 0000 002E ADCSRA|=0x10;
000086 9a34      	SBI  0x6,4
                 ; 0000 002F return ADCW;
000087 b1e4      	IN   R30,0x4
000088 b1f5      	IN   R31,0x4+1
000089 c0d2      	RJMP _0x2040001
                 ; 0000 0030 }
                 ;
                 ;// Declare your global variables here
                 ;
                 ;void main(void)
                 ; 0000 0035 {
                 _main:
                 ; 0000 0036 // Declare your local variables here
                 ; 0000 0037    int buf;
                 ; 0000 0038    char charBuff[5];
                 ; 0000 0039 // Input/Output Ports initialization
                 ; 0000 003A // Port A initialization
                 ; 0000 003B // Func7=In Func6=In Func5=In Func4=In Func3=In Func2=In Func1=In Func0=In
                 ; 0000 003C // State7=T State6=T State5=T State4=T State3=T State2=T State1=T State0=T
                 ; 0000 003D PORTA=0x00;
00008a 9725      	SBIW R28,5
                 ;	buf -> R16,R17
                 ;	charBuff -> Y+0
00008b e0e0      	LDI  R30,LOW(0)
00008c bbeb      	OUT  0x1B,R30
                 ; 0000 003E DDRA=0x00;
00008d bbea      	OUT  0x1A,R30
                 ; 0000 003F 
                 ; 0000 0040 // Port B initialization
                 ; 0000 0041 // Func7=In Func6=In Func5=In Func4=In Func3=In Func2=In Func1=In Func0=In
                 ; 0000 0042 // State7=T State6=T State5=T State4=T State3=T State2=T State1=T State0=T
                 ; 0000 0043 PORTB=0x00;
00008e bbe8      	OUT  0x18,R30
                 ; 0000 0044 DDRB=0x00;
00008f bbe7      	OUT  0x17,R30
                 ; 0000 0045 
                 ; 0000 0046 // Port C initialization
                 ; 0000 0047 // Func7=In Func6=In Func5=In Func4=In Func3=In Func2=In Func1=In Func0=In
                 ; 0000 0048 // State7=T State6=T State5=T State4=T State3=T State2=T State1=T State0=T
                 ; 0000 0049 PORTC=0x00;
000090 bbe5      	OUT  0x15,R30
                 ; 0000 004A DDRC=0x00;
000091 bbe4      	OUT  0x14,R30
                 ; 0000 004B 
                 ; 0000 004C // Port D initialization
                 ; 0000 004D // Func7=In Func6=In Func5=In Func4=In Func3=In Func2=In Func1=In Func0=In
                 ; 0000 004E // State7=T State6=T State5=T State4=T State3=T State2=T State1=T State0=T
                 ; 0000 004F PORTD=0x00;
000092 bbe2      	OUT  0x12,R30
                 ; 0000 0050 DDRD=0x00;
000093 bbe1      	OUT  0x11,R30
                 ; 0000 0051 
                 ; 0000 0052 // Port E initialization
                 ; 0000 0053 // Func7=In Func6=In Func5=In Func4=In Func3=In Func2=In Func1=In Func0=In
                 ; 0000 0054 // State7=T State6=T State5=T State4=T State3=T State2=T State1=T State0=T
                 ; 0000 0055 PORTE=0x00;
000094 b9e3      	OUT  0x3,R30
                 ; 0000 0056 DDRE=0x00;
000095 b9e2      	OUT  0x2,R30
                 ; 0000 0057 
                 ; 0000 0058 // Port F initialization
                 ; 0000 0059 // Func7=In Func6=In Func5=In Func4=In Func3=In Func2=In Func1=In Func0=In
                 ; 0000 005A // State7=T State6=T State5=T State4=T State3=T State2=T State1=T State0=T
                 ; 0000 005B PORTF=0x00;
000096 93e0 0062 	STS  98,R30
                 ; 0000 005C DDRF=0x00;
000098 93e0 0061 	STS  97,R30
                 ; 0000 005D 
                 ; 0000 005E // Port G initialization
                 ; 0000 005F // Func4=In Func3=In Func2=In Func1=In Func0=In
                 ; 0000 0060 // State4=T State3=T State2=T State1=T State0=T
                 ; 0000 0061 PORTG=0x00;
00009a 93e0 0065 	STS  101,R30
                 ; 0000 0062 DDRG=0x00;
00009c 93e0 0064 	STS  100,R30
                 ; 0000 0063 
                 ; 0000 0064 // ADC initialization
                 ; 0000 0065 // ADC Clock frequency: 1000.000 kHz
                 ; 0000 0066 // ADC Voltage Reference: AREF pin
                 ; 0000 0067 ADMUX=ADC_VREF_TYPE & 0xff;
00009e b9e7      	OUT  0x7,R30
                 ; 0000 0068 ADCSRA=0x83;
00009f e8e3      	LDI  R30,LOW(131)
0000a0 b9e6      	OUT  0x6,R30
                 ; 0000 0069 
                 ; 0000 006A // Alphanumeric LCD initialization
                 ; 0000 006B // Connections are specified in the
                 ; 0000 006C // Project|Configure|C Compiler|Libraries|Alphanumeric LCD menu:
                 ; 0000 006D // RS - PORTC Bit 0
                 ; 0000 006E // RD - PORTC Bit 1
                 ; 0000 006F // EN - PORTC Bit 2
                 ; 0000 0070 // D4 - PORTC Bit 4
                 ; 0000 0071 // D5 - PORTC Bit 5
                 ; 0000 0072 // D6 - PORTC Bit 6
                 ; 0000 0073 // D7 - PORTC Bit 7
                 ; 0000 0074 // Characters/line: 20
                 ; 0000 0075 lcd_init(20);
0000a1 e1a4      	LDI  R26,LOW(20)
0000a2 d08d      	RCALL _lcd_init
                 ; 0000 0076 //char* adcString = "%000";
                 ; 0000 0077 while (1)
                 _0x6:
                 ; 0000 0078       {
                 ; 0000 0079 //      // Place your code here
                 ; 0000 007A //          x=read_adc(0)   ;
                 ; 0000 007B //          x =( x / 1023) * 100;
                 ; 0000 007C //          //sprintf(adcString,"%d",x);
                 ; 0000 007D //      lcd_gotoxy(0,0);
                 ; 0000 007E //      lcd_puts((string) x);
                 ; 0000 007F //
                 ; 0000 0080 
                 ; 0000 0081 
                 ; 0000 0082       buf = read_adc(0);
0000a3 e0a0      	LDI  R26,LOW(0)
0000a4 dfd8      	RCALL _read_adc
0000a5 018f      	MOVW R16,R30
                 ; 0000 0083       if(buf >= 1000) buf = 1000;
                +
0000a6 3e08     +CPI R16 , LOW ( 1000 )
0000a7 e0e3     +LDI R30 , HIGH ( 1000 )
0000a8 071e     +CPC R17 , R30
                 	__CPWRN 16,17,1000
0000a9 f014      	BRLT _0x9
                +
0000aa ee08     +LDI R16 , LOW ( 1000 )
0000ab e013     +LDI R17 , HIGH ( 1000 )
                 	__GETWRN 16,17,1000
                 ; 0000 0084       buf/=10;
                 _0x9:
0000ac 01d8      	MOVW R26,R16
0000ad e0ea      	LDI  R30,LOW(10)
0000ae e0f0      	LDI  R31,HIGH(10)
0000af 940e 0191 	CALL __DIVW21
0000b1 018f      	MOVW R16,R30
                 ; 0000 0085       charBuff[0]=buf/100;
0000b2 01d8      	MOVW R26,R16
0000b3 e6e4      	LDI  R30,LOW(100)
0000b4 e0f0      	LDI  R31,HIGH(100)
0000b5 940e 0191 	CALL __DIVW21
0000b7 83e8      	ST   Y,R30
                 ; 0000 0086       buf%=100;
0000b8 01d8      	MOVW R26,R16
0000b9 e6e4      	LDI  R30,LOW(100)
0000ba e0f0      	LDI  R31,HIGH(100)
0000bb 940e 0196 	CALL __MODW21
0000bd 018f      	MOVW R16,R30
                 ; 0000 0087       charBuff[1]=buf/10;
0000be 01d8      	MOVW R26,R16
0000bf e0ea      	LDI  R30,LOW(10)
0000c0 e0f0      	LDI  R31,HIGH(10)
0000c1 940e 0191 	CALL __DIVW21
0000c3 83e9      	STD  Y+1,R30
                 ; 0000 0088       charBuff[2]=buf%10;
0000c4 01d8      	MOVW R26,R16
0000c5 e0ea      	LDI  R30,LOW(10)
0000c6 e0f0      	LDI  R31,HIGH(10)
0000c7 940e 0196 	CALL __MODW21
0000c9 83ea      	STD  Y+2,R30
                 ; 0000 0089 
                 ; 0000 008A //      buf = (buf/1023)*100;
                 ; 0000 008B //
                 ; 0000 008C //      charBuff[2]=buf % 10;
                 ; 0000 008D //      charBuff[0]=buf/10 % 10;
                 ; 0000 008E //      charBuff[1]=buf/100;
                 ; 0000 008F 
                 ; 0000 0090 
                 ; 0000 0091       lcd_gotoxy(0,0);
0000ca e0e0      	LDI  R30,LOW(0)
0000cb 940e 015e 	CALL SUBOPT_0x0
                 ; 0000 0092       lcd_putchar('%');
0000cd e2a5      	LDI  R26,LOW(37)
0000ce d04d      	RCALL _lcd_putchar
                 ; 0000 0093       lcd_gotoxy(1,0);
0000cf e0e1      	LDI  R30,LOW(1)
0000d0 940e 015e 	CALL SUBOPT_0x0
                 ; 0000 0094       lcd_putchar(charBuff[0]+'0');
0000d2 81a8      	LD   R26,Y
0000d3 5da0      	SUBI R26,-LOW(48)
0000d4 d047      	RCALL _lcd_putchar
                 ; 0000 0095       lcd_gotoxy(2,0);
0000d5 e0e2      	LDI  R30,LOW(2)
0000d6 940e 015e 	CALL SUBOPT_0x0
                 ; 0000 0096       lcd_putchar(charBuff[1]+'0');
0000d8 81a9      	LDD  R26,Y+1
0000d9 5da0      	SUBI R26,-LOW(48)
0000da d041      	RCALL _lcd_putchar
                 ; 0000 0097       lcd_gotoxy(3,0);
0000db e0e3      	LDI  R30,LOW(3)
0000dc 940e 015e 	CALL SUBOPT_0x0
                 ; 0000 0098       lcd_putchar(charBuff[2]+'0');
0000de 81aa      	LDD  R26,Y+2
0000df 5da0      	SUBI R26,-LOW(48)
0000e0 d03b      	RCALL _lcd_putchar
                 ; 0000 0099       }
0000e1 cfc1      	RJMP _0x6
                 ; 0000 009A }
                 _0xA:
0000e2 cfff      	RJMP _0xA
                 	#ifndef __SLEEP_DEFINED__
                 	#endif
                 
                 	.DSEG
                 
                 	.CSEG
                 __lcd_write_nibble_G100:
0000e3 93aa      	ST   -Y,R26
0000e4 b3e5      	IN   R30,0x15
0000e5 70ef      	ANDI R30,LOW(0xF)
0000e6 2fae      	MOV  R26,R30
0000e7 81e8      	LD   R30,Y
0000e8 7fe0      	ANDI R30,LOW(0xF0)
0000e9 2bea      	OR   R30,R26
0000ea bbe5      	OUT  0x15,R30
                +
0000eb e085     +LDI R24 , LOW ( 5 )
                +__DELAY_USB_LOOP :
0000ec 958a     +DEC R24
0000ed f7f1     +BRNE __DELAY_USB_LOOP
                 	__DELAY_USB 5
0000ee 9aaa      	SBI  0x15,2
                +
0000ef e08d     +LDI R24 , LOW ( 13 )
                +__DELAY_USB_LOOP :
0000f0 958a     +DEC R24
0000f1 f7f1     +BRNE __DELAY_USB_LOOP
                 	__DELAY_USB 13
0000f2 98aa      	CBI  0x15,2
                +
0000f3 e08d     +LDI R24 , LOW ( 13 )
                +__DELAY_USB_LOOP :
0000f4 958a     +DEC R24
0000f5 f7f1     +BRNE __DELAY_USB_LOOP
                 	__DELAY_USB 13
0000f6 c065      	RJMP _0x2040001
                 __lcd_write_data:
0000f7 93aa      	ST   -Y,R26
0000f8 81a8      	LD   R26,Y
0000f9 dfe9      	RCALL __lcd_write_nibble_G100
0000fa 81e8          ld    r30,y
0000fb 95e2          swap  r30
0000fc 83e8          st    y,r30
0000fd 81a8      	LD   R26,Y
0000fe dfe4      	RCALL __lcd_write_nibble_G100
                +
0000ff e885     +LDI R24 , LOW ( 133 )
                +__DELAY_USB_LOOP :
000100 958a     +DEC R24
000101 f7f1     +BRNE __DELAY_USB_LOOP
                 	__DELAY_USB 133
000102 c059      	RJMP _0x2040001
                 _lcd_gotoxy:
000103 93aa      	ST   -Y,R26
000104 81e8      	LD   R30,Y
000105 e0f0      	LDI  R31,0
000106 50e0      	SUBI R30,LOW(-__base_y_G100)
000107 4ffb      	SBCI R31,HIGH(-__base_y_G100)
000108 81e0      	LD   R30,Z
000109 81a9      	LDD  R26,Y+1
00010a 0fae      	ADD  R26,R30
00010b dfeb      	RCALL __lcd_write_data
00010c 8059      	LDD  R5,Y+1
00010d 8048      	LDD  R4,Y+0
00010e 9622      	ADIW R28,2
00010f 9508      	RET
                 _lcd_clear:
000110 e0a2      	LDI  R26,LOW(2)
000111 940e 0162 	CALL SUBOPT_0x1
000113 e0ac      	LDI  R26,LOW(12)
000114 dfe2      	RCALL __lcd_write_data
000115 e0a1      	LDI  R26,LOW(1)
000116 940e 0162 	CALL SUBOPT_0x1
000118 e0e0      	LDI  R30,LOW(0)
000119 2e4e      	MOV  R4,R30
00011a 2e5e      	MOV  R5,R30
00011b 9508      	RET
                 _lcd_putchar:
00011c 93aa      	ST   -Y,R26
00011d 81a8      	LD   R26,Y
00011e 30aa      	CPI  R26,LOW(0xA)
00011f f011      	BREQ _0x2000005
000120 1457      	CP   R5,R7
000121 f040      	BRLO _0x2000004
                 _0x2000005:
000122 e0e0      	LDI  R30,LOW(0)
000123 93ea      	ST   -Y,R30
000124 9443      	INC  R4
000125 2da4      	MOV  R26,R4
000126 dfdc      	RCALL _lcd_gotoxy
000127 81a8      	LD   R26,Y
000128 30aa      	CPI  R26,LOW(0xA)
000129 f191      	BREQ _0x2040001
                 _0x2000004:
00012a 9453      	INC  R5
00012b 9aa8      	SBI  0x15,0
00012c 81a8      	LD   R26,Y
00012d dfc9      	RCALL __lcd_write_data
00012e 98a8      	CBI  0x15,0
00012f c02c      	RJMP _0x2040001
                 _lcd_init:
000130 93aa      	ST   -Y,R26
000131 b3e4      	IN   R30,0x14
000132 6fe0      	ORI  R30,LOW(0xF0)
000133 bbe4      	OUT  0x14,R30
000134 9aa2      	SBI  0x14,2
000135 9aa0      	SBI  0x14,0
000136 9aa1      	SBI  0x14,1
000137 98aa      	CBI  0x15,2
000138 98a8      	CBI  0x15,0
000139 98a9      	CBI  0x15,1
00013a 8078      	LDD  R7,Y+0
00013b 81e8      	LD   R30,Y
00013c 58e0      	SUBI R30,-LOW(128)
                +
00013d 93e0 0502+STS __base_y_G100 + ( 2 ) , R30
                 	__PUTB1MN __base_y_G100,2
00013f 81e8      	LD   R30,Y
000140 54e0      	SUBI R30,-LOW(192)
                +
000141 93e0 0503+STS __base_y_G100 + ( 3 ) , R30
                 	__PUTB1MN __base_y_G100,3
000143 e1a4      	LDI  R26,LOW(20)
000144 e0b0      	LDI  R27,0
000145 940e 0170 	CALL _delay_ms
000147 940e 0168 	CALL SUBOPT_0x2
000149 940e 0168 	CALL SUBOPT_0x2
00014b 940e 0168 	CALL SUBOPT_0x2
00014d e2a0      	LDI  R26,LOW(32)
00014e df94      	RCALL __lcd_write_nibble_G100
                +
00014f ec88     +LDI R24 , LOW ( 200 )
000150 e090     +LDI R25 , HIGH ( 200 )
                +__DELAY_USW_LOOP :
000151 9701     +SBIW R24 , 1
000152 f7f1     +BRNE __DELAY_USW_LOOP
                 	__DELAY_USW 200
000153 e2a8      	LDI  R26,LOW(40)
000154 dfa2      	RCALL __lcd_write_data
000155 e0a4      	LDI  R26,LOW(4)
000156 dfa0      	RCALL __lcd_write_data
000157 e8a5      	LDI  R26,LOW(133)
000158 df9e      	RCALL __lcd_write_data
000159 e0a6      	LDI  R26,LOW(6)
00015a df9c      	RCALL __lcd_write_data
00015b dfb4      	RCALL _lcd_clear
                 _0x2040001:
00015c 9621      	ADIW R28,1
00015d 9508      	RET
                 
                 	.CSEG
                 
                 	.DSEG
                 __base_y_G100:
000500           	.BYTE 0x4
                 
                 	.CSEG
                 ;OPTIMIZER ADDED SUBROUTINE, CALLED 4 TIMES, CODE SIZE REDUCTION:3 WORDS
                 SUBOPT_0x0:
00015e 93ea      	ST   -Y,R30
00015f e0a0      	LDI  R26,LOW(0)
000160 940c 0103 	JMP  _lcd_gotoxy
                 
                 ;OPTIMIZER ADDED SUBROUTINE, CALLED 2 TIMES, CODE SIZE REDUCTION:3 WORDS
                 SUBOPT_0x1:
000162 940e 00f7 	CALL __lcd_write_data
000164 e0a3      	LDI  R26,LOW(3)
000165 e0b0      	LDI  R27,0
000166 940c 0170 	JMP  _delay_ms
                 
                 ;OPTIMIZER ADDED SUBROUTINE, CALLED 3 TIMES, CODE SIZE REDUCTION:7 WORDS
                 SUBOPT_0x2:
000168 e3a0      	LDI  R26,LOW(48)
000169 940e 00e3 	CALL __lcd_write_nibble_G100
                +
00016b ec88     +LDI R24 , LOW ( 200 )
00016c e090     +LDI R25 , HIGH ( 200 )
                +__DELAY_USW_LOOP :
00016d 9701     +SBIW R24 , 1
00016e f7f1     +BRNE __DELAY_USW_LOOP
                 	__DELAY_USW 200
00016f 9508      	RET
                 
                 
                 	.CSEG
                 _delay_ms:
000170 9610      	adiw r26,0
000171 f039      	breq __delay_ms1
                 __delay_ms0:
                +
000172 ed80     +LDI R24 , LOW ( 0x7D0 )
000173 e097     +LDI R25 , HIGH ( 0x7D0 )
                +__DELAY_USW_LOOP :
000174 9701     +SBIW R24 , 1
000175 f7f1     +BRNE __DELAY_USW_LOOP
                 	__DELAY_USW 0x7D0
000176 95a8      	wdr
000177 9711      	sbiw r26,1
000178 f7c9      	brne __delay_ms0
                 __delay_ms1:
000179 9508      	ret
                 
                 __ANEGW1:
00017a 95f1      	NEG  R31
00017b 95e1      	NEG  R30
00017c 40f0      	SBCI R31,0
00017d 9508      	RET
                 
                 __DIVW21U:
00017e 2400      	CLR  R0
00017f 2411      	CLR  R1
000180 e190      	LDI  R25,16
                 __DIVW21U1:
000181 0faa      	LSL  R26
000182 1fbb      	ROL  R27
000183 1c00      	ROL  R0
000184 1c11      	ROL  R1
000185 1a0e      	SUB  R0,R30
000186 0a1f      	SBC  R1,R31
000187 f418      	BRCC __DIVW21U2
000188 0e0e      	ADD  R0,R30
000189 1e1f      	ADC  R1,R31
00018a c001      	RJMP __DIVW21U3
                 __DIVW21U2:
00018b 60a1      	SBR  R26,1
                 __DIVW21U3:
00018c 959a      	DEC  R25
00018d f799      	BRNE __DIVW21U1
00018e 01fd      	MOVW R30,R26
00018f 01d0      	MOVW R26,R0
000190 9508      	RET
                 
                 __DIVW21:
000191 d012      	RCALL __CHKSIGNW
000192 dfeb      	RCALL __DIVW21U
000193 f40e      	BRTC __DIVW211
000194 dfe5      	RCALL __ANEGW1
                 __DIVW211:
000195 9508      	RET
                 
                 __MODW21:
000196 94e8      	CLT
000197 ffb7      	SBRS R27,7
000198 c004      	RJMP __MODW211
000199 95a0      	COM  R26
00019a 95b0      	COM  R27
00019b 9611      	ADIW R26,1
00019c 9468      	SET
                 __MODW211:
00019d fdf7      	SBRC R31,7
00019e dfdb      	RCALL __ANEGW1
00019f dfde      	RCALL __DIVW21U
0001a0 01fd      	MOVW R30,R26
0001a1 f40e      	BRTC __MODW212
0001a2 dfd7      	RCALL __ANEGW1
                 __MODW212:
0001a3 9508      	RET
                 
                 __CHKSIGNW:
0001a4 94e8      	CLT
0001a5 fff7      	SBRS R31,7
0001a6 c002      	RJMP __CHKSW1
0001a7 dfd2      	RCALL __ANEGW1
0001a8 9468      	SET
                 __CHKSW1:
0001a9 ffb7      	SBRS R27,7
0001aa c006      	RJMP __CHKSW2
0001ab 95a0      	COM  R26
0001ac 95b0      	COM  R27
0001ad 9611      	ADIW R26,1
0001ae f800      	BLD  R0,0
0001af 9403      	INC  R0
0001b0 fa00      	BST  R0,0
                 __CHKSW2:
0001b1 9508      	RET
                 
                 ;END OF CODE MARKER
                 __END_OF_CODE:


RESOURCE USE INFORMATION
------------------------

Notice:
The register and instruction counts are symbol table hit counts,
and hence implicitly used resources are not counted, eg, the
'lpm' instruction without operands implicitly uses r0 and z,
none of which are counted.

x,y,z are separate entities in the symbol table and are
counted separately from r26..r31 here.

.dseg memory usage only counts static data declared with .byte

ATmega64 register use summary:
r0 :  12 r1 :   5 r2 :   0 r3 :   0 r4 :   4 r5 :   4 r6 :   0 r7 :   2 
r8 :   0 r9 :   0 r10:   0 r11:   0 r12:   0 r13:   0 r14:   0 r15:   0 
r16:  10 r17:   2 r18:   0 r19:   0 r20:   0 r21:   0 r22:   2 r23:   0 
r24:  23 r25:   7 r26:  58 r27:  10 r28:   4 r29:   1 r30:  87 r31:  19 
x  :   3 y  :  30 z  :   8 
Registers used: 19 out of 35 (54.3%)

ATmega64 instruction use summary:
.lds  :   0 .lds.l:   0 .sts  :   0 .sts.l:   0 adc   :   1 add   :   2 
adiw  :   5 and   :   0 andi  :   2 asr   :   0 bclr  :   0 bld   :   1 
brbc  :   0 brbs  :   0 brcc  :   1 brcs  :   0 break :   0 breq  :   4 
brge  :   0 brhc  :   0 brhs  :   0 brid  :   0 brie  :   0 brlo  :   1 
brlt  :   1 brmi  :   0 brne  :  13 brpl  :   0 brsh  :   0 brtc  :   2 
brts  :   0 brvc  :   0 brvs  :   0 bset  :   0 bst   :   1 call  :  17 
cbi   :   5 cbr   :   0 clc   :   0 clh   :   0 cli   :   1 cln   :   0 
clr   :   4 cls   :   0 clt   :   2 clv   :   0 clz   :   0 com   :   4 
cp    :   1 cpc   :   1 cpi   :   3 cpse  :   0 dec   :   7 des   :   0 
eor   :   0 fmul  :   0 fmuls :   0 fmulsu:   0 icall :   0 ijmp  :   0 
in    :   4 inc   :   3 jmp   :  38 ld    :  13 ldd   :   6 ldi   :  65 
lds   :   0 lpm   :   7 lsl   :   1 lsr   :   0 mov   :   4 movw  :  14 
mul   :   0 muls  :   0 mulsu :   0 neg   :   2 nop   :   0 or    :   1 
ori   :   1 out   :  22 pop   :   0 push  :   0 rcall :  25 ret   :  10 
reti  :   0 rjmp  :  12 rol   :   3 ror   :   0 sbc   :   1 sbci  :   2 
sbi   :   7 sbic  :   0 sbis  :   1 sbiw  :   8 sbr   :   1 sbrc  :   1 
sbrs  :   3 sec   :   0 seh   :   0 sei   :   0 sen   :   0 ser   :   0 
ses   :   0 set   :   2 sev   :   0 sez   :   0 sleep :   0 spm   :   0 
st    :  13 std   :   2 sts   :   7 sub   :   1 subi  :   6 swap  :   1 
tst   :   0 wdr   :   1 
Instructions used: 56 out of 116 (48.3%)

ATmega64 memory use summary [bytes]:
Segment   Begin    End      Code   Data   Used    Size   Use%
---------------------------------------------------------------
[.cseg] 0x000000 0x000364    858     10    868   65536   1.3%
[.dseg] 0x000100 0x000504      0      4      4    4351   0.1%
[.eseg] 0x000000 0x000000      0      0      0    2048   0.0%

Assembly complete, 0 errors, 3 warnings
