
AVRASM ver. 2.1.30  C:\Projects\Micro Proccessor LAB\E3\Seven segement\List\main.asm Sat Mar 12 08:07:10 2016

C:\Projects\Micro Proccessor LAB\E3\Seven segement\List\main.asm(1073): warning: Register r4 already defined by the .DEF directive
C:\Projects\Micro Proccessor LAB\E3\Seven segement\List\main.asm(1074): warning: Register r6 already defined by the .DEF directive
C:\Projects\Micro Proccessor LAB\E3\Seven segement\List\main.asm(1075): warning: Register r8 already defined by the .DEF directive
C:\Projects\Micro Proccessor LAB\E3\Seven segement\List\main.asm(1076): warning: Register r10 already defined by the .DEF directive
                 
                 
                 ;CodeVisionAVR C Compiler V2.05.3 Standard
                 ;(C) Copyright 1998-2011 Pavel Haiduc, HP InfoTech s.r.l.
                 ;http://www.hpinfotech.com
                 
                 ;Chip type                : ATmega64
                 ;Program type             : Application
                 ;Clock frequency          : 8.000000 MHz
                 ;Memory model             : Small
                 ;Optimize for             : Size
                 ;(s)printf features       : int, width
                 ;(s)scanf features        : int, width
                 ;External RAM size        : 0
                 ;Data Stack size          : 1024 byte(s)
                 ;Heap size                : 0 byte(s)
                 ;Promote 'char' to 'int'  : Yes
                 ;'char' is unsigned       : Yes
                 ;8 bit enums              : Yes
                 ;Global 'const' stored in FLASH     : No
                 ;Enhanced function parameter passing: Yes
                 ;Enhanced core instructions         : On
                 ;Smart register allocation          : On
                 ;Automatic register allocation      : On
                 
                 	#pragma AVRPART ADMIN PART_NAME ATmega64
                 	#pragma AVRPART MEMORY PROG_FLASH 65536
                 	#pragma AVRPART MEMORY EEPROM 2048
                 	#pragma AVRPART MEMORY INT_SRAM SIZE 4351
                 	#pragma AVRPART MEMORY INT_SRAM START_ADDR 0x100
                 
                 	#define CALL_SUPPORTED 1
                 
                 	.LISTMAC
                 	.EQU UDRE=0x5
                 	.EQU RXC=0x7
                 	.EQU USR=0xB
                 	.EQU UDR=0xC
                 	.EQU SPSR=0xE
                 	.EQU SPDR=0xF
                 	.EQU EERE=0x0
                 	.EQU EEWE=0x1
                 	.EQU EEMWE=0x2
                 	.EQU EECR=0x1C
                 	.EQU EEDR=0x1D
                 	.EQU EEARL=0x1E
                 	.EQU EEARH=0x1F
                 	.EQU WDTCR=0x21
                 	.EQU MCUCR=0x35
                 	.EQU SPL=0x3D
                 	.EQU SPH=0x3E
                 	.EQU SREG=0x3F
                 	.EQU XMCRA=0x6D
                 	.EQU XMCRB=0x6C
                 
                 	.DEF R0X0=R0
                 	.DEF R0X1=R1
                 	.DEF R0X2=R2
                 	.DEF R0X3=R3
                 	.DEF R0X4=R4
                 	.DEF R0X5=R5
                 	.DEF R0X6=R6
                 	.DEF R0X7=R7
                 	.DEF R0X8=R8
                 	.DEF R0X9=R9
                 	.DEF R0XA=R10
                 	.DEF R0XB=R11
                 	.DEF R0XC=R12
                 	.DEF R0XD=R13
                 	.DEF R0XE=R14
                 	.DEF R0XF=R15
                 	.DEF R0X10=R16
                 	.DEF R0X11=R17
                 	.DEF R0X12=R18
                 	.DEF R0X13=R19
                 	.DEF R0X14=R20
                 	.DEF R0X15=R21
                 	.DEF R0X16=R22
                 	.DEF R0X17=R23
                 	.DEF R0X18=R24
                 	.DEF R0X19=R25
                 	.DEF R0X1A=R26
                 	.DEF R0X1B=R27
                 	.DEF R0X1C=R28
                 	.DEF R0X1D=R29
                 	.DEF R0X1E=R30
                 	.DEF R0X1F=R31
                 
                 	.EQU __SRAM_START=0x0100
                 	.EQU __SRAM_END=0x10FF
                 	.EQU __DSTACK_SIZE=0x0400
                 	.EQU __HEAP_SIZE=0x0000
                 	.EQU __CLEAR_SRAM_SIZE=__SRAM_END-__SRAM_START+1
                 
                 	.MACRO __CPD1N
                 	CPI  R30,LOW(@0)
                 	LDI  R26,HIGH(@0)
                 	CPC  R31,R26
                 	LDI  R26,BYTE3(@0)
                 	CPC  R22,R26
                 	LDI  R26,BYTE4(@0)
                 	CPC  R23,R26
                 	.ENDM
                 
                 	.MACRO __CPD2N
                 	CPI  R26,LOW(@0)
                 	LDI  R30,HIGH(@0)
                 	CPC  R27,R30
                 	LDI  R30,BYTE3(@0)
                 	CPC  R24,R30
                 	LDI  R30,BYTE4(@0)
                 	CPC  R25,R30
                 	.ENDM
                 
                 	.MACRO __CPWRR
                 	CP   R@0,R@2
                 	CPC  R@1,R@3
                 	.ENDM
                 
                 	.MACRO __CPWRN
                 	CPI  R@0,LOW(@2)
                 	LDI  R30,HIGH(@2)
                 	CPC  R@1,R30
                 	.ENDM
                 
                 	.MACRO __ADDB1MN
                 	SUBI R30,LOW(-@0-(@1))
                 	.ENDM
                 
                 	.MACRO __ADDB2MN
                 	SUBI R26,LOW(-@0-(@1))
                 	.ENDM
                 
                 	.MACRO __ADDW1MN
                 	SUBI R30,LOW(-@0-(@1))
                 	SBCI R31,HIGH(-@0-(@1))
                 	.ENDM
                 
                 	.MACRO __ADDW2MN
                 	SUBI R26,LOW(-@0-(@1))
                 	SBCI R27,HIGH(-@0-(@1))
                 	.ENDM
                 
                 	.MACRO __ADDW1FN
                 	SUBI R30,LOW(-2*@0-(@1))
                 	SBCI R31,HIGH(-2*@0-(@1))
                 	.ENDM
                 
                 	.MACRO __ADDD1FN
                 	SUBI R30,LOW(-2*@0-(@1))
                 	SBCI R31,HIGH(-2*@0-(@1))
                 	SBCI R22,BYTE3(-2*@0-(@1))
                 	.ENDM
                 
                 	.MACRO __ADDD1N
                 	SUBI R30,LOW(-@0)
                 	SBCI R31,HIGH(-@0)
                 	SBCI R22,BYTE3(-@0)
                 	SBCI R23,BYTE4(-@0)
                 	.ENDM
                 
                 	.MACRO __ADDD2N
                 	SUBI R26,LOW(-@0)
                 	SBCI R27,HIGH(-@0)
                 	SBCI R24,BYTE3(-@0)
                 	SBCI R25,BYTE4(-@0)
                 	.ENDM
                 
                 	.MACRO __SUBD1N
                 	SUBI R30,LOW(@0)
                 	SBCI R31,HIGH(@0)
                 	SBCI R22,BYTE3(@0)
                 	SBCI R23,BYTE4(@0)
                 	.ENDM
                 
                 	.MACRO __SUBD2N
                 	SUBI R26,LOW(@0)
                 	SBCI R27,HIGH(@0)
                 	SBCI R24,BYTE3(@0)
                 	SBCI R25,BYTE4(@0)
                 	.ENDM
                 
                 	.MACRO __ANDBMNN
                 	LDS  R30,@0+(@1)
                 	ANDI R30,LOW(@2)
                 	STS  @0+(@1),R30
                 	.ENDM
                 
                 	.MACRO __ANDWMNN
                 	LDS  R30,@0+(@1)
                 	ANDI R30,LOW(@2)
                 	STS  @0+(@1),R30
                 	LDS  R30,@0+(@1)+1
                 	ANDI R30,HIGH(@2)
                 	STS  @0+(@1)+1,R30
                 	.ENDM
                 
                 	.MACRO __ANDD1N
                 	ANDI R30,LOW(@0)
                 	ANDI R31,HIGH(@0)
                 	ANDI R22,BYTE3(@0)
                 	ANDI R23,BYTE4(@0)
                 	.ENDM
                 
                 	.MACRO __ANDD2N
                 	ANDI R26,LOW(@0)
                 	ANDI R27,HIGH(@0)
                 	ANDI R24,BYTE3(@0)
                 	ANDI R25,BYTE4(@0)
                 	.ENDM
                 
                 	.MACRO __ORBMNN
                 	LDS  R30,@0+(@1)
                 	ORI  R30,LOW(@2)
                 	STS  @0+(@1),R30
                 	.ENDM
                 
                 	.MACRO __ORWMNN
                 	LDS  R30,@0+(@1)
                 	ORI  R30,LOW(@2)
                 	STS  @0+(@1),R30
                 	LDS  R30,@0+(@1)+1
                 	ORI  R30,HIGH(@2)
                 	STS  @0+(@1)+1,R30
                 	.ENDM
                 
                 	.MACRO __ORD1N
                 	ORI  R30,LOW(@0)
                 	ORI  R31,HIGH(@0)
                 	ORI  R22,BYTE3(@0)
                 	ORI  R23,BYTE4(@0)
                 	.ENDM
                 
                 	.MACRO __ORD2N
                 	ORI  R26,LOW(@0)
                 	ORI  R27,HIGH(@0)
                 	ORI  R24,BYTE3(@0)
                 	ORI  R25,BYTE4(@0)
                 	.ENDM
                 
                 	.MACRO __DELAY_USB
                 	LDI  R24,LOW(@0)
                 __DELAY_USB_LOOP:
                 	DEC  R24
                 	BRNE __DELAY_USB_LOOP
                 	.ENDM
                 
                 	.MACRO __DELAY_USW
                 	LDI  R24,LOW(@0)
                 	LDI  R25,HIGH(@0)
                 __DELAY_USW_LOOP:
                 	SBIW R24,1
                 	BRNE __DELAY_USW_LOOP
                 	.ENDM
                 
                 	.MACRO __GETD1S
                 	LDD  R30,Y+@0
                 	LDD  R31,Y+@0+1
                 	LDD  R22,Y+@0+2
                 	LDD  R23,Y+@0+3
                 	.ENDM
                 
                 	.MACRO __GETD2S
                 	LDD  R26,Y+@0
                 	LDD  R27,Y+@0+1
                 	LDD  R24,Y+@0+2
                 	LDD  R25,Y+@0+3
                 	.ENDM
                 
                 	.MACRO __PUTD1S
                 	STD  Y+@0,R30
                 	STD  Y+@0+1,R31
                 	STD  Y+@0+2,R22
                 	STD  Y+@0+3,R23
                 	.ENDM
                 
                 	.MACRO __PUTD2S
                 	STD  Y+@0,R26
                 	STD  Y+@0+1,R27
                 	STD  Y+@0+2,R24
                 	STD  Y+@0+3,R25
                 	.ENDM
                 
                 	.MACRO __PUTDZ2
                 	STD  Z+@0,R26
                 	STD  Z+@0+1,R27
                 	STD  Z+@0+2,R24
                 	STD  Z+@0+3,R25
                 	.ENDM
                 
                 	.MACRO __CLRD1S
                 	STD  Y+@0,R30
                 	STD  Y+@0+1,R30
                 	STD  Y+@0+2,R30
                 	STD  Y+@0+3,R30
                 	.ENDM
                 
                 	.MACRO __POINTB1MN
                 	LDI  R30,LOW(@0+(@1))
                 	.ENDM
                 
                 	.MACRO __POINTW1MN
                 	LDI  R30,LOW(@0+(@1))
                 	LDI  R31,HIGH(@0+(@1))
                 	.ENDM
                 
                 	.MACRO __POINTD1M
                 	LDI  R30,LOW(@0)
                 	LDI  R31,HIGH(@0)
                 	LDI  R22,BYTE3(@0)
                 	LDI  R23,BYTE4(@0)
                 	.ENDM
                 
                 	.MACRO __POINTW1FN
                 	LDI  R30,LOW(2*@0+(@1))
                 	LDI  R31,HIGH(2*@0+(@1))
                 	.ENDM
                 
                 	.MACRO __POINTD1FN
                 	LDI  R30,LOW(2*@0+(@1))
                 	LDI  R31,HIGH(2*@0+(@1))
                 	LDI  R22,BYTE3(2*@0+(@1))
                 	LDI  R23,BYTE4(2*@0+(@1))
                 	.ENDM
                 
                 	.MACRO __POINTB2MN
                 	LDI  R26,LOW(@0+(@1))
                 	.ENDM
                 
                 	.MACRO __POINTW2MN
                 	LDI  R26,LOW(@0+(@1))
                 	LDI  R27,HIGH(@0+(@1))
                 	.ENDM
                 
                 	.MACRO __POINTW2FN
                 	LDI  R26,LOW(2*@0+(@1))
                 	LDI  R27,HIGH(2*@0+(@1))
                 	.ENDM
                 
                 	.MACRO __POINTD2FN
                 	LDI  R26,LOW(2*@0+(@1))
                 	LDI  R27,HIGH(2*@0+(@1))
                 	LDI  R24,BYTE3(2*@0+(@1))
                 	LDI  R25,BYTE4(2*@0+(@1))
                 	.ENDM
                 
                 	.MACRO __POINTBRM
                 	LDI  R@0,LOW(@1)
                 	.ENDM
                 
                 	.MACRO __POINTWRM
                 	LDI  R@0,LOW(@2)
                 	LDI  R@1,HIGH(@2)
                 	.ENDM
                 
                 	.MACRO __POINTBRMN
                 	LDI  R@0,LOW(@1+(@2))
                 	.ENDM
                 
                 	.MACRO __POINTWRMN
                 	LDI  R@0,LOW(@2+(@3))
                 	LDI  R@1,HIGH(@2+(@3))
                 	.ENDM
                 
                 	.MACRO __POINTWRFN
                 	LDI  R@0,LOW(@2*2+(@3))
                 	LDI  R@1,HIGH(@2*2+(@3))
                 	.ENDM
                 
                 	.MACRO __GETD1N
                 	LDI  R30,LOW(@0)
                 	LDI  R31,HIGH(@0)
                 	LDI  R22,BYTE3(@0)
                 	LDI  R23,BYTE4(@0)
                 	.ENDM
                 
                 	.MACRO __GETD2N
                 	LDI  R26,LOW(@0)
                 	LDI  R27,HIGH(@0)
                 	LDI  R24,BYTE3(@0)
                 	LDI  R25,BYTE4(@0)
                 	.ENDM
                 
                 	.MACRO __GETB1MN
                 	LDS  R30,@0+(@1)
                 	.ENDM
                 
                 	.MACRO __GETB1HMN
                 	LDS  R31,@0+(@1)
                 	.ENDM
                 
                 	.MACRO __GETW1MN
                 	LDS  R30,@0+(@1)
                 	LDS  R31,@0+(@1)+1
                 	.ENDM
                 
                 	.MACRO __GETD1MN
                 	LDS  R30,@0+(@1)
                 	LDS  R31,@0+(@1)+1
                 	LDS  R22,@0+(@1)+2
                 	LDS  R23,@0+(@1)+3
                 	.ENDM
                 
                 	.MACRO __GETBRMN
                 	LDS  R@0,@1+(@2)
                 	.ENDM
                 
                 	.MACRO __GETWRMN
                 	LDS  R@0,@2+(@3)
                 	LDS  R@1,@2+(@3)+1
                 	.ENDM
                 
                 	.MACRO __GETWRZ
                 	LDD  R@0,Z+@2
                 	LDD  R@1,Z+@2+1
                 	.ENDM
                 
                 	.MACRO __GETD2Z
                 	LDD  R26,Z+@0
                 	LDD  R27,Z+@0+1
                 	LDD  R24,Z+@0+2
                 	LDD  R25,Z+@0+3
                 	.ENDM
                 
                 	.MACRO __GETB2MN
                 	LDS  R26,@0+(@1)
                 	.ENDM
                 
                 	.MACRO __GETW2MN
                 	LDS  R26,@0+(@1)
                 	LDS  R27,@0+(@1)+1
                 	.ENDM
                 
                 	.MACRO __GETD2MN
                 	LDS  R26,@0+(@1)
                 	LDS  R27,@0+(@1)+1
                 	LDS  R24,@0+(@1)+2
                 	LDS  R25,@0+(@1)+3
                 	.ENDM
                 
                 	.MACRO __PUTB1MN
                 	STS  @0+(@1),R30
                 	.ENDM
                 
                 	.MACRO __PUTW1MN
                 	STS  @0+(@1),R30
                 	STS  @0+(@1)+1,R31
                 	.ENDM
                 
                 	.MACRO __PUTD1MN
                 	STS  @0+(@1),R30
                 	STS  @0+(@1)+1,R31
                 	STS  @0+(@1)+2,R22
                 	STS  @0+(@1)+3,R23
                 	.ENDM
                 
                 	.MACRO __PUTB1EN
                 	LDI  R26,LOW(@0+(@1))
                 	LDI  R27,HIGH(@0+(@1))
                 	CALL __EEPROMWRB
                 	.ENDM
                 
                 	.MACRO __PUTW1EN
                 	LDI  R26,LOW(@0+(@1))
                 	LDI  R27,HIGH(@0+(@1))
                 	CALL __EEPROMWRW
                 	.ENDM
                 
                 	.MACRO __PUTD1EN
                 	LDI  R26,LOW(@0+(@1))
                 	LDI  R27,HIGH(@0+(@1))
                 	CALL __EEPROMWRD
                 	.ENDM
                 
                 	.MACRO __PUTBR0MN
                 	STS  @0+(@1),R0
                 	.ENDM
                 
                 	.MACRO __PUTBMRN
                 	STS  @0+(@1),R@2
                 	.ENDM
                 
                 	.MACRO __PUTWMRN
                 	STS  @0+(@1),R@2
                 	STS  @0+(@1)+1,R@3
                 	.ENDM
                 
                 	.MACRO __PUTBZR
                 	STD  Z+@1,R@0
                 	.ENDM
                 
                 	.MACRO __PUTWZR
                 	STD  Z+@2,R@0
                 	STD  Z+@2+1,R@1
                 	.ENDM
                 
                 	.MACRO __GETW1R
                 	MOV  R30,R@0
                 	MOV  R31,R@1
                 	.ENDM
                 
                 	.MACRO __GETW2R
                 	MOV  R26,R@0
                 	MOV  R27,R@1
                 	.ENDM
                 
                 	.MACRO __GETWRN
                 	LDI  R@0,LOW(@2)
                 	LDI  R@1,HIGH(@2)
                 	.ENDM
                 
                 	.MACRO __PUTW1R
                 	MOV  R@0,R30
                 	MOV  R@1,R31
                 	.ENDM
                 
                 	.MACRO __PUTW2R
                 	MOV  R@0,R26
                 	MOV  R@1,R27
                 	.ENDM
                 
                 	.MACRO __ADDWRN
                 	SUBI R@0,LOW(-@2)
                 	SBCI R@1,HIGH(-@2)
                 	.ENDM
                 
                 	.MACRO __ADDWRR
                 	ADD  R@0,R@2
                 	ADC  R@1,R@3
                 	.ENDM
                 
                 	.MACRO __SUBWRN
                 	SUBI R@0,LOW(@2)
                 	SBCI R@1,HIGH(@2)
                 	.ENDM
                 
                 	.MACRO __SUBWRR
                 	SUB  R@0,R@2
                 	SBC  R@1,R@3
                 	.ENDM
                 
                 	.MACRO __ANDWRN
                 	ANDI R@0,LOW(@2)
                 	ANDI R@1,HIGH(@2)
                 	.ENDM
                 
                 	.MACRO __ANDWRR
                 	AND  R@0,R@2
                 	AND  R@1,R@3
                 	.ENDM
                 
                 	.MACRO __ORWRN
                 	ORI  R@0,LOW(@2)
                 	ORI  R@1,HIGH(@2)
                 	.ENDM
                 
                 	.MACRO __ORWRR
                 	OR   R@0,R@2
                 	OR   R@1,R@3
                 	.ENDM
                 
                 	.MACRO __EORWRR
                 	EOR  R@0,R@2
                 	EOR  R@1,R@3
                 	.ENDM
                 
                 	.MACRO __GETWRS
                 	LDD  R@0,Y+@2
                 	LDD  R@1,Y+@2+1
                 	.ENDM
                 
                 	.MACRO __PUTBSR
                 	STD  Y+@1,R@0
                 	.ENDM
                 
                 	.MACRO __PUTWSR
                 	STD  Y+@2,R@0
                 	STD  Y+@2+1,R@1
                 	.ENDM
                 
                 	.MACRO __MOVEWRR
                 	MOV  R@0,R@2
                 	MOV  R@1,R@3
                 	.ENDM
                 
                 	.MACRO __INWR
                 	IN   R@0,@2
                 	IN   R@1,@2+1
                 	.ENDM
                 
                 	.MACRO __OUTWR
                 	OUT  @2+1,R@1
                 	OUT  @2,R@0
                 	.ENDM
                 
                 	.MACRO __CALL1MN
                 	LDS  R30,@0+(@1)
                 	LDS  R31,@0+(@1)+1
                 	ICALL
                 	.ENDM
                 
                 	.MACRO __CALL1FN
                 	LDI  R30,LOW(2*@0+(@1))
                 	LDI  R31,HIGH(2*@0+(@1))
                 	CALL __GETW1PF
                 	ICALL
                 	.ENDM
                 
                 	.MACRO __CALL2EN
                 	LDI  R26,LOW(@0+(@1))
                 	LDI  R27,HIGH(@0+(@1))
                 	CALL __EEPROMRDW
                 	ICALL
                 	.ENDM
                 
                 	.MACRO __GETW1STACK
                 	IN   R26,SPL
                 	IN   R27,SPH
                 	ADIW R26,@0+1
                 	LD   R30,X+
                 	LD   R31,X
                 	.ENDM
                 
                 	.MACRO __GETD1STACK
                 	IN   R26,SPL
                 	IN   R27,SPH
                 	ADIW R26,@0+1
                 	LD   R30,X+
                 	LD   R31,X+
                 	LD   R22,X
                 	.ENDM
                 
                 	.MACRO __NBST
                 	BST  R@0,@1
                 	IN   R30,SREG
                 	LDI  R31,0x40
                 	EOR  R30,R31
                 	OUT  SREG,R30
                 	.ENDM
                 
                 
                 	.MACRO __PUTB1SN
                 	LDD  R26,Y+@0
                 	LDD  R27,Y+@0+1
                 	SUBI R26,LOW(-@1)
                 	SBCI R27,HIGH(-@1)
                 	ST   X,R30
                 	.ENDM
                 
                 	.MACRO __PUTW1SN
                 	LDD  R26,Y+@0
                 	LDD  R27,Y+@0+1
                 	SUBI R26,LOW(-@1)
                 	SBCI R27,HIGH(-@1)
                 	ST   X+,R30
                 	ST   X,R31
                 	.ENDM
                 
                 	.MACRO __PUTD1SN
                 	LDD  R26,Y+@0
                 	LDD  R27,Y+@0+1
                 	SUBI R26,LOW(-@1)
                 	SBCI R27,HIGH(-@1)
                 	CALL __PUTDP1
                 	.ENDM
                 
                 	.MACRO __PUTB1SNS
                 	LDD  R26,Y+@0
                 	LDD  R27,Y+@0+1
                 	ADIW R26,@1
                 	ST   X,R30
                 	.ENDM
                 
                 	.MACRO __PUTW1SNS
                 	LDD  R26,Y+@0
                 	LDD  R27,Y+@0+1
                 	ADIW R26,@1
                 	ST   X+,R30
                 	ST   X,R31
                 	.ENDM
                 
                 	.MACRO __PUTD1SNS
                 	LDD  R26,Y+@0
                 	LDD  R27,Y+@0+1
                 	ADIW R26,@1
                 	CALL __PUTDP1
                 	.ENDM
                 
                 	.MACRO __PUTB1PMN
                 	LDS  R26,@0
                 	LDS  R27,@0+1
                 	SUBI R26,LOW(-@1)
                 	SBCI R27,HIGH(-@1)
                 	ST   X,R30
                 	.ENDM
                 
                 	.MACRO __PUTW1PMN
                 	LDS  R26,@0
                 	LDS  R27,@0+1
                 	SUBI R26,LOW(-@1)
                 	SBCI R27,HIGH(-@1)
                 	ST   X+,R30
                 	ST   X,R31
                 	.ENDM
                 
                 	.MACRO __PUTD1PMN
                 	LDS  R26,@0
                 	LDS  R27,@0+1
                 	SUBI R26,LOW(-@1)
                 	SBCI R27,HIGH(-@1)
                 	CALL __PUTDP1
                 	.ENDM
                 
                 	.MACRO __PUTB1PMNS
                 	LDS  R26,@0
                 	LDS  R27,@0+1
                 	ADIW R26,@1
                 	ST   X,R30
                 	.ENDM
                 
                 	.MACRO __PUTW1PMNS
                 	LDS  R26,@0
                 	LDS  R27,@0+1
                 	ADIW R26,@1
                 	ST   X+,R30
                 	ST   X,R31
                 	.ENDM
                 
                 	.MACRO __PUTD1PMNS
                 	LDS  R26,@0
                 	LDS  R27,@0+1
                 	ADIW R26,@1
                 	CALL __PUTDP1
                 	.ENDM
                 
                 	.MACRO __PUTB1RN
                 	MOVW R26,R@0
                 	SUBI R26,LOW(-@1)
                 	SBCI R27,HIGH(-@1)
                 	ST   X,R30
                 	.ENDM
                 
                 	.MACRO __PUTW1RN
                 	MOVW R26,R@0
                 	SUBI R26,LOW(-@1)
                 	SBCI R27,HIGH(-@1)
                 	ST   X+,R30
                 	ST   X,R31
                 	.ENDM
                 
                 	.MACRO __PUTD1RN
                 	MOVW R26,R@0
                 	SUBI R26,LOW(-@1)
                 	SBCI R27,HIGH(-@1)
                 	CALL __PUTDP1
                 	.ENDM
                 
                 	.MACRO __PUTB1RNS
                 	MOVW R26,R@0
                 	ADIW R26,@1
                 	ST   X,R30
                 	.ENDM
                 
                 	.MACRO __PUTW1RNS
                 	MOVW R26,R@0
                 	ADIW R26,@1
                 	ST   X+,R30
                 	ST   X,R31
                 	.ENDM
                 
                 	.MACRO __PUTD1RNS
                 	MOVW R26,R@0
                 	ADIW R26,@1
                 	CALL __PUTDP1
                 	.ENDM
                 
                 	.MACRO __PUTB1RON
                 	MOV  R26,R@0
                 	MOV  R27,R@1
                 	SUBI R26,LOW(-@2)
                 	SBCI R27,HIGH(-@2)
                 	ST   X,R30
                 	.ENDM
                 
                 	.MACRO __PUTW1RON
                 	MOV  R26,R@0
                 	MOV  R27,R@1
                 	SUBI R26,LOW(-@2)
                 	SBCI R27,HIGH(-@2)
                 	ST   X+,R30
                 	ST   X,R31
                 	.ENDM
                 
                 	.MACRO __PUTD1RON
                 	MOV  R26,R@0
                 	MOV  R27,R@1
                 	SUBI R26,LOW(-@2)
                 	SBCI R27,HIGH(-@2)
                 	CALL __PUTDP1
                 	.ENDM
                 
                 	.MACRO __PUTB1RONS
                 	MOV  R26,R@0
                 	MOV  R27,R@1
                 	ADIW R26,@2
                 	ST   X,R30
                 	.ENDM
                 
                 	.MACRO __PUTW1RONS
                 	MOV  R26,R@0
                 	MOV  R27,R@1
                 	ADIW R26,@2
                 	ST   X+,R30
                 	ST   X,R31
                 	.ENDM
                 
                 	.MACRO __PUTD1RONS
                 	MOV  R26,R@0
                 	MOV  R27,R@1
                 	ADIW R26,@2
                 	CALL __PUTDP1
                 	.ENDM
                 
                 
                 	.MACRO __GETB1SX
                 	MOVW R30,R28
                 	SUBI R30,LOW(-@0)
                 	SBCI R31,HIGH(-@0)
                 	LD   R30,Z
                 	.ENDM
                 
                 	.MACRO __GETB1HSX
                 	MOVW R30,R28
                 	SUBI R30,LOW(-@0)
                 	SBCI R31,HIGH(-@0)
                 	LD   R31,Z
                 	.ENDM
                 
                 	.MACRO __GETW1SX
                 	MOVW R30,R28
                 	SUBI R30,LOW(-@0)
                 	SBCI R31,HIGH(-@0)
                 	LD   R0,Z+
                 	LD   R31,Z
                 	MOV  R30,R0
                 	.ENDM
                 
                 	.MACRO __GETD1SX
                 	MOVW R30,R28
                 	SUBI R30,LOW(-@0)
                 	SBCI R31,HIGH(-@0)
                 	LD   R0,Z+
                 	LD   R1,Z+
                 	LD   R22,Z+
                 	LD   R23,Z
                 	MOVW R30,R0
                 	.ENDM
                 
                 	.MACRO __GETB2SX
                 	MOVW R26,R28
                 	SUBI R26,LOW(-@0)
                 	SBCI R27,HIGH(-@0)
                 	LD   R26,X
                 	.ENDM
                 
                 	.MACRO __GETW2SX
                 	MOVW R26,R28
                 	SUBI R26,LOW(-@0)
                 	SBCI R27,HIGH(-@0)
                 	LD   R0,X+
                 	LD   R27,X
                 	MOV  R26,R0
                 	.ENDM
                 
                 	.MACRO __GETD2SX
                 	MOVW R26,R28
                 	SUBI R26,LOW(-@0)
                 	SBCI R27,HIGH(-@0)
                 	LD   R0,X+
                 	LD   R1,X+
                 	LD   R24,X+
                 	LD   R25,X
                 	MOVW R26,R0
                 	.ENDM
                 
                 	.MACRO __GETBRSX
                 	MOVW R30,R28
                 	SUBI R30,LOW(-@1)
                 	SBCI R31,HIGH(-@1)
                 	LD   R@0,Z
                 	.ENDM
                 
                 	.MACRO __GETWRSX
                 	MOVW R30,R28
                 	SUBI R30,LOW(-@2)
                 	SBCI R31,HIGH(-@2)
                 	LD   R@0,Z+
                 	LD   R@1,Z
                 	.ENDM
                 
                 	.MACRO __GETBRSX2
                 	MOVW R26,R28
                 	SUBI R26,LOW(-@1)
                 	SBCI R27,HIGH(-@1)
                 	LD   R@0,X
                 	.ENDM
                 
                 	.MACRO __GETWRSX2
                 	MOVW R26,R28
                 	SUBI R26,LOW(-@2)
                 	SBCI R27,HIGH(-@2)
                 	LD   R@0,X+
                 	LD   R@1,X
                 	.ENDM
                 
                 	.MACRO __LSLW8SX
                 	MOVW R30,R28
                 	SUBI R30,LOW(-@0)
                 	SBCI R31,HIGH(-@0)
                 	LD   R31,Z
                 	CLR  R30
                 	.ENDM
                 
                 	.MACRO __PUTB1SX
                 	MOVW R26,R28
                 	SUBI R26,LOW(-@0)
                 	SBCI R27,HIGH(-@0)
                 	ST   X,R30
                 	.ENDM
                 
                 	.MACRO __PUTW1SX
                 	MOVW R26,R28
                 	SUBI R26,LOW(-@0)
                 	SBCI R27,HIGH(-@0)
                 	ST   X+,R30
                 	ST   X,R31
                 	.ENDM
                 
                 	.MACRO __PUTD1SX
                 	MOVW R26,R28
                 	SUBI R26,LOW(-@0)
                 	SBCI R27,HIGH(-@0)
                 	ST   X+,R30
                 	ST   X+,R31
                 	ST   X+,R22
                 	ST   X,R23
                 	.ENDM
                 
                 	.MACRO __CLRW1SX
                 	MOVW R26,R28
                 	SUBI R26,LOW(-@0)
                 	SBCI R27,HIGH(-@0)
                 	ST   X+,R30
                 	ST   X,R30
                 	.ENDM
                 
                 	.MACRO __CLRD1SX
                 	MOVW R26,R28
                 	SUBI R26,LOW(-@0)
                 	SBCI R27,HIGH(-@0)
                 	ST   X+,R30
                 	ST   X+,R30
                 	ST   X+,R30
                 	ST   X,R30
                 	.ENDM
                 
                 	.MACRO __PUTB2SX
                 	MOVW R30,R28
                 	SUBI R30,LOW(-@0)
                 	SBCI R31,HIGH(-@0)
                 	ST   Z,R26
                 	.ENDM
                 
                 	.MACRO __PUTW2SX
                 	MOVW R30,R28
                 	SUBI R30,LOW(-@0)
                 	SBCI R31,HIGH(-@0)
                 	ST   Z+,R26
                 	ST   Z,R27
                 	.ENDM
                 
                 	.MACRO __PUTD2SX
                 	MOVW R30,R28
                 	SUBI R30,LOW(-@0)
                 	SBCI R31,HIGH(-@0)
                 	ST   Z+,R26
                 	ST   Z+,R27
                 	ST   Z+,R24
                 	ST   Z,R25
                 	.ENDM
                 
                 	.MACRO __PUTBSRX
                 	MOVW R30,R28
                 	SUBI R30,LOW(-@1)
                 	SBCI R31,HIGH(-@1)
                 	ST   Z,R@0
                 	.ENDM
                 
                 	.MACRO __PUTWSRX
                 	MOVW R30,R28
                 	SUBI R30,LOW(-@2)
                 	SBCI R31,HIGH(-@2)
                 	ST   Z+,R@0
                 	ST   Z,R@1
                 	.ENDM
                 
                 	.MACRO __PUTB1SNX
                 	MOVW R26,R28
                 	SUBI R26,LOW(-@0)
                 	SBCI R27,HIGH(-@0)
                 	LD   R0,X+
                 	LD   R27,X
                 	MOV  R26,R0
                 	SUBI R26,LOW(-@1)
                 	SBCI R27,HIGH(-@1)
                 	ST   X,R30
                 	.ENDM
                 
                 	.MACRO __PUTW1SNX
                 	MOVW R26,R28
                 	SUBI R26,LOW(-@0)
                 	SBCI R27,HIGH(-@0)
                 	LD   R0,X+
                 	LD   R27,X
                 	MOV  R26,R0
                 	SUBI R26,LOW(-@1)
                 	SBCI R27,HIGH(-@1)
                 	ST   X+,R30
                 	ST   X,R31
                 	.ENDM
                 
                 	.MACRO __PUTD1SNX
                 	MOVW R26,R28
                 	SUBI R26,LOW(-@0)
                 	SBCI R27,HIGH(-@0)
                 	LD   R0,X+
                 	LD   R27,X
                 	MOV  R26,R0
                 	SUBI R26,LOW(-@1)
                 	SBCI R27,HIGH(-@1)
                 	ST   X+,R30
                 	ST   X+,R31
                 	ST   X+,R22
                 	ST   X,R23
                 	.ENDM
                 
                 	.MACRO __MULBRR
                 	MULS R@0,R@1
                 	MOVW R30,R0
                 	.ENDM
                 
                 	.MACRO __MULBRRU
                 	MUL  R@0,R@1
                 	MOVW R30,R0
                 	.ENDM
                 
                 	.MACRO __MULBRR0
                 	MULS R@0,R@1
                 	.ENDM
                 
                 	.MACRO __MULBRRU0
                 	MUL  R@0,R@1
                 	.ENDM
                 
                 	.MACRO __MULBNWRU
                 	LDI  R26,@2
                 	MUL  R26,R@0
                 	MOVW R30,R0
                 	MUL  R26,R@1
                 	ADD  R31,R0
                 	.ENDM
                 
                 ;NAME DEFINITIONS FOR GLOBAL VARIABLES ALLOCATED TO REGISTERS
                 	.DEF _OutVal1=R4
                 	.DEF _OutVal2=R6
                 	.DEF _OutVal3=R8
                 	.DEF _OutVal4=R10
                 
                 	.CSEG
                 	.ORG 0x00
                 
                 ;START OF CODE MARKER
                 __START_OF_CODE:
                 
                 ;INTERRUPT VECTORS
000000 940c 004e 	JMP  __RESET
000002 940c 0000 	JMP  0x00
000004 940c 0000 	JMP  0x00
000006 940c 0000 	JMP  0x00
000008 940c 0000 	JMP  0x00
00000a 940c 0000 	JMP  0x00
00000c 940c 0000 	JMP  0x00
00000e 940c 0000 	JMP  0x00
000010 940c 0000 	JMP  0x00
000012 940c 0000 	JMP  0x00
000014 940c 0000 	JMP  0x00
000016 940c 0000 	JMP  0x00
000018 940c 0080 	JMP  _timer1_compa_isr
00001a 940c 0000 	JMP  0x00
00001c 940c 0000 	JMP  0x00
00001e 940c 0000 	JMP  0x00
000020 940c 0000 	JMP  0x00
000022 940c 0000 	JMP  0x00
000024 940c 0000 	JMP  0x00
000026 940c 0000 	JMP  0x00
000028 940c 0000 	JMP  0x00
00002a 940c 0000 	JMP  0x00
00002c 940c 0000 	JMP  0x00
00002e 940c 0000 	JMP  0x00
000030 940c 0000 	JMP  0x00
000032 940c 0000 	JMP  0x00
000034 940c 0000 	JMP  0x00
000036 940c 0000 	JMP  0x00
000038 940c 0000 	JMP  0x00
00003a 940c 0000 	JMP  0x00
00003c 940c 0000 	JMP  0x00
00003e 940c 0000 	JMP  0x00
000040 940c 0000 	JMP  0x00
000042 940c 0000 	JMP  0x00
000044 940c 0000 	JMP  0x00
                 
                 _0x1A:
000046 0001
000047 0001
000048 0001
000049 0009      	.DB  0x1,0x0,0x1,0x0,0x1,0x0,0x9,0x0
                 
                 __GLOBAL_INI_TBL:
00004a 0008      	.DW  0x08
00004b 0004      	.DW  0x04
00004c 008c      	.DW  _0x1A*2
                 
                 _0xFFFFFFFF:
00004d 0000      	.DW  0
                 
                 __RESET:
00004e 94f8      	CLI
00004f 27ee      	CLR  R30
000050 bbec      	OUT  EECR,R30
                 
                 ;INTERRUPT VECTORS ARE PLACED
                 ;AT THE START OF FLASH
000051 e0f1      	LDI  R31,1
000052 bff5      	OUT  MCUCR,R31
000053 bfe5      	OUT  MCUCR,R30
000054 93e0 006c 	STS  XMCRB,R30
                 
                 ;DISABLE WATCHDOG
000056 e1f8      	LDI  R31,0x18
000057 bdf1      	OUT  WDTCR,R31
000058 bde1      	OUT  WDTCR,R30
                 
                 ;CLEAR R2-R14
000059 e08d      	LDI  R24,(14-2)+1
00005a e0a2      	LDI  R26,2
00005b 27bb      	CLR  R27
                 __CLEAR_REG:
00005c 93ed      	ST   X+,R30
00005d 958a      	DEC  R24
00005e f7e9      	BRNE __CLEAR_REG
                 
                 ;CLEAR SRAM
00005f e080      	LDI  R24,LOW(__CLEAR_SRAM_SIZE)
000060 e190      	LDI  R25,HIGH(__CLEAR_SRAM_SIZE)
000061 e0a0      	LDI  R26,LOW(__SRAM_START)
000062 e0b1      	LDI  R27,HIGH(__SRAM_START)
                 __CLEAR_SRAM:
000063 93ed      	ST   X+,R30
000064 9701      	SBIW R24,1
000065 f7e9      	BRNE __CLEAR_SRAM
                 
                 ;GLOBAL VARIABLES INITIALIZATION
000066 e9e4      	LDI  R30,LOW(__GLOBAL_INI_TBL*2)
000067 e0f0      	LDI  R31,HIGH(__GLOBAL_INI_TBL*2)
                 __GLOBAL_INI_NEXT:
000068 9185      	LPM  R24,Z+
000069 9195      	LPM  R25,Z+
00006a 9700      	SBIW R24,0
00006b f061      	BREQ __GLOBAL_INI_END
00006c 91a5      	LPM  R26,Z+
00006d 91b5      	LPM  R27,Z+
00006e 9005      	LPM  R0,Z+
00006f 9015      	LPM  R1,Z+
000070 01bf      	MOVW R22,R30
000071 01f0      	MOVW R30,R0
                 __GLOBAL_INI_LOOP:
000072 9005      	LPM  R0,Z+
000073 920d      	ST   X+,R0
000074 9701      	SBIW R24,1
000075 f7e1      	BRNE __GLOBAL_INI_LOOP
000076 01fb      	MOVW R30,R22
000077 cff0      	RJMP __GLOBAL_INI_NEXT
                 __GLOBAL_INI_END:
                 
                 ;HARDWARE STACK POINTER INITIALIZATION
000078 efef      	LDI  R30,LOW(__SRAM_END-__HEAP_SIZE)
000079 bfed      	OUT  SPL,R30
00007a e1e0      	LDI  R30,HIGH(__SRAM_END-__HEAP_SIZE)
00007b bfee      	OUT  SPH,R30
                 
                 ;DATA STACK POINTER INITIALIZATION
00007c e0c0      	LDI  R28,LOW(__SRAM_START+__DSTACK_SIZE)
00007d e0d5      	LDI  R29,HIGH(__SRAM_START+__DSTACK_SIZE)
                 
00007e 940c 0120 	JMP  _main
                 
                 	.ESEG
                 	.ORG 0
                 
                 	.DSEG
                 	.ORG 0x500
                 
                 	.CSEG
                 ;/*****************************************************
                 ;This program was produced by the
                 ;CodeWizardAVR V2.05.3 Standard
                 ;Automatic Program Generator
                 ;© Copyright 1998-2011 Pavel Haiduc, HP InfoTech s.r.l.
                 ;http://www.hpinfotech.com
                 ;
                 ;Project :
                 ;Version :
                 ;Date    : 3/5/2016
                 ;Author  : Reza
                 ;Company :
                 ;Comments:
                 ;
                 ;
                 ;Chip type               : ATmega64
                 ;Program type            : Application
                 ;AVR Core Clock frequency: 8.000000 MHz
                 ;Memory model            : Small
                 ;External RAM size       : 0
                 ;Data Stack size         : 1024
                 ;*****************************************************/
                 ;#include <mega64.h>
                 	#ifndef __SLEEP_DEFINED__
                 	#define __SLEEP_DEFINED__
                 	.EQU __se_bit=0x20
                 	.EQU __sm_mask=0x1C
                 	.EQU __sm_powerdown=0x10
                 	.EQU __sm_powersave=0x18
                 	.EQU __sm_standby=0x14
                 	.EQU __sm_ext_standby=0x1C
                 	.EQU __sm_adc_noise_red=0x08
                 	.SET power_ctrl_reg=mcucr
                 	#endif
                 ;#include <delay.h>
                 ;//
                 ;//#DEFINE SS_DP PORTC //SSDP:Seven segement data port
                 ;//#DEFINE SSDPD DDRC //SSDD:Seven segement data port direction
                 ;//
                 ;//#DEFINE SS_AP PORTA//SSAP:Seven segement activation port
                 ;//#DEFINE SSAPD DDRA//SSDD:Seven segement activation port direction
                 ;
                 ;#define PORT_OUTPUT 0XFF
                 ;#define PORT_INPUT  0X00
                 ;#define SS_0 0X3F
                 ;#define SS_1 0X06
                 ;#define SS_2 0X5B
                 ;#define SS_3 0X4F
                 ;#define SS_4 0X66
                 ;#define SS_5 0X6D
                 ;#define SS_6 0X7D
                 ;#define SS_7 0X07
                 ;#define SS_8 0X8F
                 ;#define SS_9 0X6F
                 ;
                 ;#define TIMER_CLK_PRE_1024 0x05
                 ;#define TIMER_CTC 0x08
                 ;
                 ;// Declare your global variables here
                 ;int OutVal1 = 1;
                 ;int OutVal2 = 1;
                 ;int OutVal3 = 1;
                 ;int OutVal4 = 9;
                 ;
                 ;void ActivateSevenSegement(int index);
                 ;void SetSevenSegement(int OutNum);
                 ;
                 ;// Timer1 output compare A interrupt service routine
                 ;interrupt [TIM1_COMPA] void timer1_compa_isr(void)
                 ; 0000 003B {
                 
                 	.CSEG
                 _timer1_compa_isr:
000080 920a      	ST   -Y,R0
000081 93ea      	ST   -Y,R30
000082 93fa      	ST   -Y,R31
000083 b7ef      	IN   R30,SREG
000084 93ea      	ST   -Y,R30
                 ; 0000 003C // Place your code here
                 ; 0000 003D     if(OutVal4 == 0){
000085 2c0a      	MOV  R0,R10
000086 280b      	OR   R0,R11
000087 f419      	BRNE _0x3
                 ; 0000 003E         OutVal4 = 9;
000088 e0e9      	LDI  R30,LOW(9)
000089 e0f0      	LDI  R31,HIGH(9)
00008a c002      	RJMP _0x19
                 ; 0000 003F         return;
                 ; 0000 0040     }
                 ; 0000 0041     OutVal4 --;
                 _0x3:
00008b 01f5      	MOVW R30,R10
00008c 9731      	SBIW R30,1
                 _0x19:
00008d 015f      	MOVW R10,R30
                 ; 0000 0042 
                 ; 0000 0043 }
00008e 91e9      	LD   R30,Y+
00008f bfef      	OUT  SREG,R30
000090 91f9      	LD   R31,Y+
000091 91e9      	LD   R30,Y+
000092 9009      	LD   R0,Y+
000093 9518      	RETI
                 ;
                 ;void RefreshSevenSegement(int val1,int val2,int val3,int val4)
                 ; 0000 0046 {
                 _RefreshSevenSegement:
                 ; 0000 0047     ActivateSevenSegement(1);
000094 93ba      	ST   -Y,R27
000095 93aa      	ST   -Y,R26
                 ;	val1 -> Y+6
                 ;	val2 -> Y+4
                 ;	val3 -> Y+2
                 ;	val4 -> Y+0
000096 d096      	RCALL SUBOPT_0x0
000097 d025      	RCALL _ActivateSevenSegement
                 ; 0000 0048     SetSevenSegement(val1);
000098 81ae      	LDD  R26,Y+6
000099 81bf      	LDD  R27,Y+6+1
00009a d095      	RCALL SUBOPT_0x1
                 ; 0000 0049     delay_ms(1);
00009b 940e 0134 	CALL _delay_ms
                 ; 0000 004A     ActivateSevenSegement(2);
00009d e0a2      	LDI  R26,LOW(2)
00009e d093      	RCALL SUBOPT_0x2
                 ; 0000 004B     SetSevenSegement(val2);
00009f 81ac      	LDD  R26,Y+4
0000a0 81bd      	LDD  R27,Y+4+1
0000a1 d08e      	RCALL SUBOPT_0x1
                 ; 0000 004C     delay_ms(1);
0000a2 940e 0134 	CALL _delay_ms
                 ; 0000 004D     ActivateSevenSegement(3);
0000a4 e0a3      	LDI  R26,LOW(3)
0000a5 d08c      	RCALL SUBOPT_0x2
                 ; 0000 004E     SetSevenSegement(val3);
0000a6 81aa      	LDD  R26,Y+2
0000a7 81bb      	LDD  R27,Y+2+1
0000a8 d087      	RCALL SUBOPT_0x1
                 ; 0000 004F     delay_ms(1);
0000a9 940e 0134 	CALL _delay_ms
                 ; 0000 0050     ActivateSevenSegement(4);
0000ab e0a4      	LDI  R26,LOW(4)
0000ac d085      	RCALL SUBOPT_0x2
                 ; 0000 0051     SetSevenSegement(val4);
0000ad 81a8      	LD   R26,Y
0000ae 81b9      	LDD  R27,Y+1
0000af d080      	RCALL SUBOPT_0x1
                 ; 0000 0052     delay_ms(1);
0000b0 940e 0134 	CALL _delay_ms
                 ; 0000 0053 }
0000b2 9628      	ADIW R28,8
0000b3 9508      	RET
                 ;
                 ;
                 ;void InitSevenSegement()
                 ; 0000 0057 {
                 _InitSevenSegement:
                 ; 0000 0058     // Input/Output Ports initialization
                 ; 0000 0059     // Port A initialization
                 ; 0000 005A     // Func7=In Func6=In Func5=In Func4=In Func3=In Func2=In Func1=In Func0=In
                 ; 0000 005B     // State7=T State6=T State5=T State4=T State3=T State2=T State1=T State0=T
                 ; 0000 005C     PORTA=0x00;
0000b4 e0e0      	LDI  R30,LOW(0)
0000b5 bbeb      	OUT  0x1B,R30
                 ; 0000 005D     DDRA=PORT_OUTPUT;
0000b6 efef      	LDI  R30,LOW(255)
0000b7 bbea      	OUT  0x1A,R30
                 ; 0000 005E 
                 ; 0000 005F     // Port C initialization
                 ; 0000 0060     // Func7=Out Func6=Out Func5=Out Func4=Out Func3=Out Func2=Out Func1=Out Func0=Out
                 ; 0000 0061     // State7=0 State6=0 State5=0 State4=0 State3=0 State2=0 State1=0 State0=0
                 ; 0000 0062     PORTC=0x00;
0000b8 e0e0      	LDI  R30,LOW(0)
0000b9 bbe5      	OUT  0x15,R30
                 ; 0000 0063     DDRC=PORT_OUTPUT;
0000ba efef      	LDI  R30,LOW(255)
0000bb bbe4      	OUT  0x14,R30
                 ; 0000 0064 
                 ; 0000 0065     //enable first seven segement
                 ; 0000 0066     //PORTA |= 0x01;
                 ; 0000 0067 }
0000bc 9508      	RET
                 ;
                 ;void ActivateSevenSegement(int index)
                 ; 0000 006A {   //PORTA = 0x00;
                 _ActivateSevenSegement:
                 ; 0000 006B     if( index > 0 && index <5)
0000bd 93ba      	ST   -Y,R27
0000be 93aa      	ST   -Y,R26
                 ;	index -> Y+0
0000bf 81a8      	LD   R26,Y
0000c0 81b9      	LDD  R27,Y+1
0000c1 940e 0146 	CALL __CPW02
0000c3 f414      	BRGE _0x5
0000c4 9715      	SBIW R26,5
0000c5 f00c      	BRLT _0x6
                 _0x5:
0000c6 c006      	RJMP _0x4
                 _0x6:
                 ; 0000 006C         PORTA = (1 << (index - 1));
0000c7 81e8      	LD   R30,Y
0000c8 50e1      	SUBI R30,LOW(1)
0000c9 e0a1      	LDI  R26,LOW(1)
0000ca 940e 013e 	CALL __LSLB12
0000cc bbeb      	OUT  0x1B,R30
                 ; 0000 006D }
                 _0x4:
0000cd c050      	RJMP _0x2000001
                 ;
                 ;void InitTimer()
                 ; 0000 0070 {
                 _InitTimer:
                 ; 0000 0071     // Timer/Counter 1 initialization
                 ; 0000 0072     // Clock source: System Clock
                 ; 0000 0073     // Clock value: 7.813 kHz
                 ; 0000 0074     // Mode: CTC top=OCR1A
                 ; 0000 0075     // OC1A output: Discon.
                 ; 0000 0076     // OC1B output: Discon.
                 ; 0000 0077     // OC1C output: Discon.
                 ; 0000 0078     // Noise Canceler: Off
                 ; 0000 0079     // Input Capture on Falling Edge
                 ; 0000 007A     // Timer1 Overflow Interrupt: Off
                 ; 0000 007B     // Input Capture Interrupt: Off
                 ; 0000 007C     // Compare A Match Interrupt: On
                 ; 0000 007D     // Compare B Match Interrupt: Off
                 ; 0000 007E     // Compare C Match Interrupt: Off
                 ; 0000 007F 
                 ; 0000 0080     TCCR1B=TIMER_CLK_PRE_1024 | TIMER_CTC;
0000ce e0ed      	LDI  R30,LOW(13)
0000cf bdee      	OUT  0x2E,R30
                 ; 0000 0081 
                 ; 0000 0082     OCR1AH=0x1E;
0000d0 e1ee      	LDI  R30,LOW(30)
0000d1 bdeb      	OUT  0x2B,R30
                 ; 0000 0083     OCR1AL=0x85;
0000d2 e8e5      	LDI  R30,LOW(133)
0000d3 bdea      	OUT  0x2A,R30
                 ; 0000 0084 
                 ; 0000 0085     // Timer(s)/Counter(s) Interrupt(s) initialization
                 ; 0000 0086     TIMSK=0x10;
0000d4 e1e0      	LDI  R30,LOW(16)
0000d5 bfe7      	OUT  0x37,R30
                 ; 0000 0087 
                 ; 0000 0088 }
0000d6 9508      	RET
                 ;
                 ;void SetSevenSegement(int OutNum)
                 ; 0000 008B {
                 _SetSevenSegement:
                 ; 0000 008C     switch (OutNum)
0000d7 93ba      	ST   -Y,R27
0000d8 93aa      	ST   -Y,R26
                 ;	OutNum -> Y+0
0000d9 81e8      	LD   R30,Y
0000da 81f9      	LDD  R31,Y+1
                 ; 0000 008D     {
                 ; 0000 008E         case 0:
0000db 9730      	SBIW R30,0
0000dc f419      	BRNE _0xA
                 ; 0000 008F             PORTC = SS_0;
0000dd e3ef      	LDI  R30,LOW(63)
0000de bbe5      	OUT  0x15,R30
                 ; 0000 0090             break;
0000df c03e      	RJMP _0x9
                 ; 0000 0091 
                 ; 0000 0092         case 1:
                 _0xA:
0000e0 30e1      	CPI  R30,LOW(0x1)
0000e1 e0a0      	LDI  R26,HIGH(0x1)
0000e2 07fa      	CPC  R31,R26
0000e3 f419      	BRNE _0xB
                 ; 0000 0093             PORTC = SS_1;
0000e4 e0e6      	LDI  R30,LOW(6)
0000e5 bbe5      	OUT  0x15,R30
                 ; 0000 0094             break;
0000e6 c037      	RJMP _0x9
                 ; 0000 0095 
                 ; 0000 0096         case 2:
                 _0xB:
0000e7 30e2      	CPI  R30,LOW(0x2)
0000e8 e0a0      	LDI  R26,HIGH(0x2)
0000e9 07fa      	CPC  R31,R26
0000ea f419      	BRNE _0xC
                 ; 0000 0097             PORTC = SS_2;
0000eb e5eb      	LDI  R30,LOW(91)
0000ec bbe5      	OUT  0x15,R30
                 ; 0000 0098             break;
0000ed c030      	RJMP _0x9
                 ; 0000 0099 
                 ; 0000 009A         case 3:
                 _0xC:
0000ee 30e3      	CPI  R30,LOW(0x3)
0000ef e0a0      	LDI  R26,HIGH(0x3)
0000f0 07fa      	CPC  R31,R26
0000f1 f419      	BRNE _0xD
                 ; 0000 009B             PORTC = SS_3;
0000f2 e4ef      	LDI  R30,LOW(79)
0000f3 bbe5      	OUT  0x15,R30
                 ; 0000 009C             break;
0000f4 c029      	RJMP _0x9
                 ; 0000 009D 
                 ; 0000 009E         case 4:
                 _0xD:
0000f5 30e4      	CPI  R30,LOW(0x4)
0000f6 e0a0      	LDI  R26,HIGH(0x4)
0000f7 07fa      	CPC  R31,R26
0000f8 f419      	BRNE _0xE
                 ; 0000 009F             PORTC = SS_4;
0000f9 e6e6      	LDI  R30,LOW(102)
0000fa bbe5      	OUT  0x15,R30
                 ; 0000 00A0             break;
0000fb c022      	RJMP _0x9
                 ; 0000 00A1 
                 ; 0000 00A2         case 5:
                 _0xE:
0000fc 30e5      	CPI  R30,LOW(0x5)
0000fd e0a0      	LDI  R26,HIGH(0x5)
0000fe 07fa      	CPC  R31,R26
0000ff f419      	BRNE _0xF
                 ; 0000 00A3             PORTC = SS_5;
000100 e6ed      	LDI  R30,LOW(109)
000101 bbe5      	OUT  0x15,R30
                 ; 0000 00A4             break;
000102 c01b      	RJMP _0x9
                 ; 0000 00A5         case 6:
                 _0xF:
000103 30e6      	CPI  R30,LOW(0x6)
000104 e0a0      	LDI  R26,HIGH(0x6)
000105 07fa      	CPC  R31,R26
000106 f419      	BRNE _0x10
                 ; 0000 00A6             PORTC = SS_6;
000107 e7ed      	LDI  R30,LOW(125)
000108 bbe5      	OUT  0x15,R30
                 ; 0000 00A7             break;
000109 c014      	RJMP _0x9
                 ; 0000 00A8         case 7:
                 _0x10:
00010a 30e7      	CPI  R30,LOW(0x7)
00010b e0a0      	LDI  R26,HIGH(0x7)
00010c 07fa      	CPC  R31,R26
00010d f419      	BRNE _0x11
                 ; 0000 00A9             PORTC = SS_7;
00010e e0e7      	LDI  R30,LOW(7)
00010f bbe5      	OUT  0x15,R30
                 ; 0000 00AA             break;
000110 c00d      	RJMP _0x9
                 ; 0000 00AB          case 8:
                 _0x11:
000111 30e8      	CPI  R30,LOW(0x8)
000112 e0a0      	LDI  R26,HIGH(0x8)
000113 07fa      	CPC  R31,R26
000114 f419      	BRNE _0x12
                 ; 0000 00AC             PORTC = SS_8;
000115 e8ef      	LDI  R30,LOW(143)
000116 bbe5      	OUT  0x15,R30
                 ; 0000 00AD             break;
000117 c006      	RJMP _0x9
                 ; 0000 00AE          case 9:
                 _0x12:
000118 30e9      	CPI  R30,LOW(0x9)
000119 e0a0      	LDI  R26,HIGH(0x9)
00011a 07fa      	CPC  R31,R26
00011b f411      	BRNE _0x14
                 ; 0000 00AF             PORTC = SS_9;
00011c e6ef      	LDI  R30,LOW(111)
00011d bbe5      	OUT  0x15,R30
                 ; 0000 00B0             break;
                 ; 0000 00B1          default:
                 _0x14:
                 ; 0000 00B2             break;
                 ; 0000 00B3 
                 ; 0000 00B4 
                 ; 0000 00B5     }
                 _0x9:
                 ; 0000 00B6 }
                 _0x2000001:
00011e 9622      	ADIW R28,2
00011f 9508      	RET
                 ;
                 ;
                 ;void main(void)
                 ; 0000 00BA {
                 _main:
                 ; 0000 00BB // Declare your local variables here
                 ; 0000 00BC 
                 ; 0000 00BD //Initialize timer
                 ; 0000 00BE InitTimer();
000120 dfad      	RCALL _InitTimer
                 ; 0000 00BF //initialize seven segement
                 ; 0000 00C0 InitSevenSegement();
000121 df92      	RCALL _InitSevenSegement
                 ; 0000 00C1 
                 ; 0000 00C2 // Global enable interrupts
                 ; 0000 00C3 #asm("sei")
000122 9478      	sei
                 ; 0000 00C4 
                 ; 0000 00C5 while (1)
                 _0x15:
                 ; 0000 00C6       {
                 ; 0000 00C7       // Place your code here
                 ; 0000 00C8       //SetSevenSegement(OutVal);
                 ; 0000 00C9       RefreshSevenSegement(OutVal1,OutVal2,OutVal3,OutVal4);
000123 925a      	ST   -Y,R5
000124 924a      	ST   -Y,R4
000125 927a      	ST   -Y,R7
000126 926a      	ST   -Y,R6
000127 929a      	ST   -Y,R9
000128 928a      	ST   -Y,R8
000129 01d5      	MOVW R26,R10
00012a df69      	RCALL _RefreshSevenSegement
                 ; 0000 00CA       }
00012b cff7      	RJMP _0x15
                 ; 0000 00CB }
                 _0x18:
00012c cfff      	RJMP _0x18
                 
                 	.CSEG
                 ;OPTIMIZER ADDED SUBROUTINE, CALLED 5 TIMES, CODE SIZE REDUCTION:5 WORDS
                 SUBOPT_0x0:
00012d e0a1      	LDI  R26,LOW(1)
00012e e0b0      	LDI  R27,0
00012f 9508      	RET
                 
                 ;OPTIMIZER ADDED SUBROUTINE, CALLED 4 TIMES, CODE SIZE REDUCTION:3 WORDS
                 SUBOPT_0x1:
000130 dfa6      	RCALL _SetSevenSegement
000131 cffb      	RJMP SUBOPT_0x0
                 
                 ;OPTIMIZER ADDED SUBROUTINE, CALLED 3 TIMES, CODE SIZE REDUCTION:3 WORDS
                 SUBOPT_0x2:
000132 e0b0      	LDI  R27,0
000133 cf89      	RJMP _ActivateSevenSegement
                 
                 
                 	.CSEG
                 _delay_ms:
000134 9610      	adiw r26,0
000135 f039      	breq __delay_ms1
                 __delay_ms0:
                +
000136 ed80     +LDI R24 , LOW ( 0x7D0 )
000137 e097     +LDI R25 , HIGH ( 0x7D0 )
                +__DELAY_USW_LOOP :
000138 9701     +SBIW R24 , 1
000139 f7f1     +BRNE __DELAY_USW_LOOP
                 	__DELAY_USW 0x7D0
00013a 95a8      	wdr
00013b 9711      	sbiw r26,1
00013c f7c9      	brne __delay_ms0
                 __delay_ms1:
00013d 9508      	ret
                 
                 __LSLB12:
00013e 23ee      	TST  R30
00013f 2e0e      	MOV  R0,R30
000140 2fea      	MOV  R30,R26
000141 f019      	BREQ __LSLB12R
                 __LSLB12L:
000142 0fee      	LSL  R30
000143 940a      	DEC  R0
000144 f7e9      	BRNE __LSLB12L
                 __LSLB12R:
000145 9508      	RET
                 
                 __CPW02:
000146 2400      	CLR  R0
000147 160a      	CP   R0,R26
000148 060b      	CPC  R0,R27
000149 9508      	RET
                 
                 ;END OF CODE MARKER
                 __END_OF_CODE:


RESOURCE USE INFORMATION
------------------------

Notice:
The register and instruction counts are symbol table hit counts,
and hence implicitly used resources are not counted, eg, the
'lpm' instruction without operands implicitly uses r0 and z,
none of which are counted.

x,y,z are separate entities in the symbol table and are
counted separately from r26..r31 here.

.dseg memory usage only counts static data declared with .byte

ATmega64 register use summary:
r0 :  13 r1 :   1 r2 :   0 r3 :   0 r4 :   1 r5 :   1 r6 :   1 r7 :   1 
r8 :   1 r9 :   1 r10:   4 r11:   1 r12:   0 r13:   0 r14:   0 r15:   0 
r16:   0 r17:   0 r18:   0 r19:   0 r20:   0 r21:   0 r22:   2 r23:   0 
r24:   9 r25:   3 r26:  40 r27:  14 r28:   3 r29:   1 r30:  79 r31:  18 
x  :   3 y  :  33 z  :   7 
Registers used: 22 out of 35 (62.9%)

ATmega64 instruction use summary:
.lds  :   0 .lds.l:   0 .sts  :   0 .sts.l:   0 adc   :   0 add   :   0 
adiw  :   3 and   :   0 andi  :   0 asr   :   0 bclr  :   0 bld   :   0 
brbc  :   0 brbs  :   0 brcc  :   0 brcs  :   0 break :   0 breq  :   3 
brge  :   1 brhc  :   0 brhs  :   0 brid  :   0 brie  :   0 brlo  :   0 
brlt  :   1 brmi  :   0 brne  :  17 brpl  :   0 brsh  :   0 brtc  :   0 
brts  :   0 brvc  :   0 brvs  :   0 bset  :   0 bst   :   0 call  :   6 
cbi   :   0 cbr   :   0 clc   :   0 clh   :   0 cli   :   1 cln   :   0 
clr   :   3 cls   :   0 clt   :   0 clv   :   0 clz   :   0 com   :   0 
cp    :   1 cpc   :  10 cpi   :   9 cpse  :   0 dec   :   2 des   :   0 
eor   :   0 fmul  :   0 fmuls :   0 fmulsu:   0 icall :   0 ijmp  :   0 
in    :   1 inc   :   0 jmp   :  36 ld    :   8 ldd   :   9 ldi   :  52 
lds   :   0 lpm   :   7 lsl   :   1 lsr   :   0 mov   :   3 movw  :   6 
mul   :   0 muls  :   0 mulsu :   0 neg   :   0 nop   :   0 or    :   1 
ori   :   0 out   :  27 pop   :   0 push  :   0 rcall :  13 ret   :   8 
reti  :   1 rjmp  :  17 rol   :   0 ror   :   0 sbc   :   0 sbci  :   0 
sbi   :   0 sbic  :   0 sbis  :   0 sbiw  :   8 sbr   :   0 sbrc  :   0 
sbrs  :   0 sec   :   0 seh   :   0 sei   :   1 sen   :   0 ser   :   0 
ses   :   0 set   :   0 sev   :   0 sez   :   0 sleep :   0 spm   :   0 
st    :  19 std   :   0 sts   :   1 sub   :   0 subi  :   1 swap  :   0 
tst   :   1 wdr   :   1 
Instructions used: 34 out of 116 (29.3%)

ATmega64 memory use summary [bytes]:
Segment   Begin    End      Code   Data   Used    Size   Use%
---------------------------------------------------------------
[.cseg] 0x000000 0x000294    644     16    660   65536   1.0%
[.dseg] 0x000100 0x000500      0      0      0    4351   0.0%
[.eseg] 0x000000 0x000000      0      0      0    2048   0.0%

Assembly complete, 0 errors, 4 warnings
