
AVRASM ver. 2.1.30  C:\Projects\Micro Proccessor LAB\BlueTooth final project\3\List\BT.asm Sat May 14 12:17:06 2016

C:\Projects\Micro Proccessor LAB\BlueTooth final project\3\List\BT.asm(1073): warning: Register r5 already defined by the .DEF directive
C:\Projects\Micro Proccessor LAB\BlueTooth final project\3\List\BT.asm(1074): warning: Register r4 already defined by the .DEF directive
C:\Projects\Micro Proccessor LAB\BlueTooth final project\3\List\BT.asm(1075): warning: Register r7 already defined by the .DEF directive
C:\Projects\Micro Proccessor LAB\BlueTooth final project\3\List\BT.asm(1076): warning: Register r6 already defined by the .DEF directive
C:\Projects\Micro Proccessor LAB\BlueTooth final project\3\List\BT.asm(1077): warning: Register r9 already defined by the .DEF directive
C:\Projects\Micro Proccessor LAB\BlueTooth final project\3\List\BT.asm(1078): warning: Register r8 already defined by the .DEF directive
                 
                 
                 ;CodeVisionAVR C Compiler V2.05.3 Standard
                 ;(C) Copyright 1998-2011 Pavel Haiduc, HP InfoTech s.r.l.
                 ;http://www.hpinfotech.com
                 
                 ;Chip type                : ATmega64
                 ;Program type             : Application
                 ;Clock frequency          : 8.000000 MHz
                 ;Memory model             : Small
                 ;Optimize for             : Size
                 ;(s)printf features       : int, width
                 ;(s)scanf features        : int, width
                 ;External RAM size        : 0
                 ;Data Stack size          : 1024 byte(s)
                 ;Heap size                : 0 byte(s)
                 ;Promote 'char' to 'int'  : Yes
                 ;'char' is unsigned       : Yes
                 ;8 bit enums              : Yes
                 ;Global 'const' stored in FLASH     : No
                 ;Enhanced function parameter passing: Yes
                 ;Enhanced core instructions         : On
                 ;Smart register allocation          : On
                 ;Automatic register allocation      : On
                 
                 	#pragma AVRPART ADMIN PART_NAME ATmega64
                 	#pragma AVRPART MEMORY PROG_FLASH 65536
                 	#pragma AVRPART MEMORY EEPROM 2048
                 	#pragma AVRPART MEMORY INT_SRAM SIZE 4351
                 	#pragma AVRPART MEMORY INT_SRAM START_ADDR 0x100
                 
                 	#define CALL_SUPPORTED 1
                 
                 	.LISTMAC
                 	.EQU UDRE=0x5
                 	.EQU RXC=0x7
                 	.EQU USR=0xB
                 	.EQU UDR=0xC
                 	.EQU SPSR=0xE
                 	.EQU SPDR=0xF
                 	.EQU EERE=0x0
                 	.EQU EEWE=0x1
                 	.EQU EEMWE=0x2
                 	.EQU EECR=0x1C
                 	.EQU EEDR=0x1D
                 	.EQU EEARL=0x1E
                 	.EQU EEARH=0x1F
                 	.EQU WDTCR=0x21
                 	.EQU MCUCR=0x35
                 	.EQU SPL=0x3D
                 	.EQU SPH=0x3E
                 	.EQU SREG=0x3F
                 	.EQU XMCRA=0x6D
                 	.EQU XMCRB=0x6C
                 
                 	.DEF R0X0=R0
                 	.DEF R0X1=R1
                 	.DEF R0X2=R2
                 	.DEF R0X3=R3
                 	.DEF R0X4=R4
                 	.DEF R0X5=R5
                 	.DEF R0X6=R6
                 	.DEF R0X7=R7
                 	.DEF R0X8=R8
                 	.DEF R0X9=R9
                 	.DEF R0XA=R10
                 	.DEF R0XB=R11
                 	.DEF R0XC=R12
                 	.DEF R0XD=R13
                 	.DEF R0XE=R14
                 	.DEF R0XF=R15
                 	.DEF R0X10=R16
                 	.DEF R0X11=R17
                 	.DEF R0X12=R18
                 	.DEF R0X13=R19
                 	.DEF R0X14=R20
                 	.DEF R0X15=R21
                 	.DEF R0X16=R22
                 	.DEF R0X17=R23
                 	.DEF R0X18=R24
                 	.DEF R0X19=R25
                 	.DEF R0X1A=R26
                 	.DEF R0X1B=R27
                 	.DEF R0X1C=R28
                 	.DEF R0X1D=R29
                 	.DEF R0X1E=R30
                 	.DEF R0X1F=R31
                 
                 	.EQU __SRAM_START=0x0100
                 	.EQU __SRAM_END=0x10FF
                 	.EQU __DSTACK_SIZE=0x0400
                 	.EQU __HEAP_SIZE=0x0000
                 	.EQU __CLEAR_SRAM_SIZE=__SRAM_END-__SRAM_START+1
                 
                 	.MACRO __CPD1N
                 	CPI  R30,LOW(@0)
                 	LDI  R26,HIGH(@0)
                 	CPC  R31,R26
                 	LDI  R26,BYTE3(@0)
                 	CPC  R22,R26
                 	LDI  R26,BYTE4(@0)
                 	CPC  R23,R26
                 	.ENDM
                 
                 	.MACRO __CPD2N
                 	CPI  R26,LOW(@0)
                 	LDI  R30,HIGH(@0)
                 	CPC  R27,R30
                 	LDI  R30,BYTE3(@0)
                 	CPC  R24,R30
                 	LDI  R30,BYTE4(@0)
                 	CPC  R25,R30
                 	.ENDM
                 
                 	.MACRO __CPWRR
                 	CP   R@0,R@2
                 	CPC  R@1,R@3
                 	.ENDM
                 
                 	.MACRO __CPWRN
                 	CPI  R@0,LOW(@2)
                 	LDI  R30,HIGH(@2)
                 	CPC  R@1,R30
                 	.ENDM
                 
                 	.MACRO __ADDB1MN
                 	SUBI R30,LOW(-@0-(@1))
                 	.ENDM
                 
                 	.MACRO __ADDB2MN
                 	SUBI R26,LOW(-@0-(@1))
                 	.ENDM
                 
                 	.MACRO __ADDW1MN
                 	SUBI R30,LOW(-@0-(@1))
                 	SBCI R31,HIGH(-@0-(@1))
                 	.ENDM
                 
                 	.MACRO __ADDW2MN
                 	SUBI R26,LOW(-@0-(@1))
                 	SBCI R27,HIGH(-@0-(@1))
                 	.ENDM
                 
                 	.MACRO __ADDW1FN
                 	SUBI R30,LOW(-2*@0-(@1))
                 	SBCI R31,HIGH(-2*@0-(@1))
                 	.ENDM
                 
                 	.MACRO __ADDD1FN
                 	SUBI R30,LOW(-2*@0-(@1))
                 	SBCI R31,HIGH(-2*@0-(@1))
                 	SBCI R22,BYTE3(-2*@0-(@1))
                 	.ENDM
                 
                 	.MACRO __ADDD1N
                 	SUBI R30,LOW(-@0)
                 	SBCI R31,HIGH(-@0)
                 	SBCI R22,BYTE3(-@0)
                 	SBCI R23,BYTE4(-@0)
                 	.ENDM
                 
                 	.MACRO __ADDD2N
                 	SUBI R26,LOW(-@0)
                 	SBCI R27,HIGH(-@0)
                 	SBCI R24,BYTE3(-@0)
                 	SBCI R25,BYTE4(-@0)
                 	.ENDM
                 
                 	.MACRO __SUBD1N
                 	SUBI R30,LOW(@0)
                 	SBCI R31,HIGH(@0)
                 	SBCI R22,BYTE3(@0)
                 	SBCI R23,BYTE4(@0)
                 	.ENDM
                 
                 	.MACRO __SUBD2N
                 	SUBI R26,LOW(@0)
                 	SBCI R27,HIGH(@0)
                 	SBCI R24,BYTE3(@0)
                 	SBCI R25,BYTE4(@0)
                 	.ENDM
                 
                 	.MACRO __ANDBMNN
                 	LDS  R30,@0+(@1)
                 	ANDI R30,LOW(@2)
                 	STS  @0+(@1),R30
                 	.ENDM
                 
                 	.MACRO __ANDWMNN
                 	LDS  R30,@0+(@1)
                 	ANDI R30,LOW(@2)
                 	STS  @0+(@1),R30
                 	LDS  R30,@0+(@1)+1
                 	ANDI R30,HIGH(@2)
                 	STS  @0+(@1)+1,R30
                 	.ENDM
                 
                 	.MACRO __ANDD1N
                 	ANDI R30,LOW(@0)
                 	ANDI R31,HIGH(@0)
                 	ANDI R22,BYTE3(@0)
                 	ANDI R23,BYTE4(@0)
                 	.ENDM
                 
                 	.MACRO __ANDD2N
                 	ANDI R26,LOW(@0)
                 	ANDI R27,HIGH(@0)
                 	ANDI R24,BYTE3(@0)
                 	ANDI R25,BYTE4(@0)
                 	.ENDM
                 
                 	.MACRO __ORBMNN
                 	LDS  R30,@0+(@1)
                 	ORI  R30,LOW(@2)
                 	STS  @0+(@1),R30
                 	.ENDM
                 
                 	.MACRO __ORWMNN
                 	LDS  R30,@0+(@1)
                 	ORI  R30,LOW(@2)
                 	STS  @0+(@1),R30
                 	LDS  R30,@0+(@1)+1
                 	ORI  R30,HIGH(@2)
                 	STS  @0+(@1)+1,R30
                 	.ENDM
                 
                 	.MACRO __ORD1N
                 	ORI  R30,LOW(@0)
                 	ORI  R31,HIGH(@0)
                 	ORI  R22,BYTE3(@0)
                 	ORI  R23,BYTE4(@0)
                 	.ENDM
                 
                 	.MACRO __ORD2N
                 	ORI  R26,LOW(@0)
                 	ORI  R27,HIGH(@0)
                 	ORI  R24,BYTE3(@0)
                 	ORI  R25,BYTE4(@0)
                 	.ENDM
                 
                 	.MACRO __DELAY_USB
                 	LDI  R24,LOW(@0)
                 __DELAY_USB_LOOP:
                 	DEC  R24
                 	BRNE __DELAY_USB_LOOP
                 	.ENDM
                 
                 	.MACRO __DELAY_USW
                 	LDI  R24,LOW(@0)
                 	LDI  R25,HIGH(@0)
                 __DELAY_USW_LOOP:
                 	SBIW R24,1
                 	BRNE __DELAY_USW_LOOP
                 	.ENDM
                 
                 	.MACRO __GETD1S
                 	LDD  R30,Y+@0
                 	LDD  R31,Y+@0+1
                 	LDD  R22,Y+@0+2
                 	LDD  R23,Y+@0+3
                 	.ENDM
                 
                 	.MACRO __GETD2S
                 	LDD  R26,Y+@0
                 	LDD  R27,Y+@0+1
                 	LDD  R24,Y+@0+2
                 	LDD  R25,Y+@0+3
                 	.ENDM
                 
                 	.MACRO __PUTD1S
                 	STD  Y+@0,R30
                 	STD  Y+@0+1,R31
                 	STD  Y+@0+2,R22
                 	STD  Y+@0+3,R23
                 	.ENDM
                 
                 	.MACRO __PUTD2S
                 	STD  Y+@0,R26
                 	STD  Y+@0+1,R27
                 	STD  Y+@0+2,R24
                 	STD  Y+@0+3,R25
                 	.ENDM
                 
                 	.MACRO __PUTDZ2
                 	STD  Z+@0,R26
                 	STD  Z+@0+1,R27
                 	STD  Z+@0+2,R24
                 	STD  Z+@0+3,R25
                 	.ENDM
                 
                 	.MACRO __CLRD1S
                 	STD  Y+@0,R30
                 	STD  Y+@0+1,R30
                 	STD  Y+@0+2,R30
                 	STD  Y+@0+3,R30
                 	.ENDM
                 
                 	.MACRO __POINTB1MN
                 	LDI  R30,LOW(@0+(@1))
                 	.ENDM
                 
                 	.MACRO __POINTW1MN
                 	LDI  R30,LOW(@0+(@1))
                 	LDI  R31,HIGH(@0+(@1))
                 	.ENDM
                 
                 	.MACRO __POINTD1M
                 	LDI  R30,LOW(@0)
                 	LDI  R31,HIGH(@0)
                 	LDI  R22,BYTE3(@0)
                 	LDI  R23,BYTE4(@0)
                 	.ENDM
                 
                 	.MACRO __POINTW1FN
                 	LDI  R30,LOW(2*@0+(@1))
                 	LDI  R31,HIGH(2*@0+(@1))
                 	.ENDM
                 
                 	.MACRO __POINTD1FN
                 	LDI  R30,LOW(2*@0+(@1))
                 	LDI  R31,HIGH(2*@0+(@1))
                 	LDI  R22,BYTE3(2*@0+(@1))
                 	LDI  R23,BYTE4(2*@0+(@1))
                 	.ENDM
                 
                 	.MACRO __POINTB2MN
                 	LDI  R26,LOW(@0+(@1))
                 	.ENDM
                 
                 	.MACRO __POINTW2MN
                 	LDI  R26,LOW(@0+(@1))
                 	LDI  R27,HIGH(@0+(@1))
                 	.ENDM
                 
                 	.MACRO __POINTW2FN
                 	LDI  R26,LOW(2*@0+(@1))
                 	LDI  R27,HIGH(2*@0+(@1))
                 	.ENDM
                 
                 	.MACRO __POINTD2FN
                 	LDI  R26,LOW(2*@0+(@1))
                 	LDI  R27,HIGH(2*@0+(@1))
                 	LDI  R24,BYTE3(2*@0+(@1))
                 	LDI  R25,BYTE4(2*@0+(@1))
                 	.ENDM
                 
                 	.MACRO __POINTBRM
                 	LDI  R@0,LOW(@1)
                 	.ENDM
                 
                 	.MACRO __POINTWRM
                 	LDI  R@0,LOW(@2)
                 	LDI  R@1,HIGH(@2)
                 	.ENDM
                 
                 	.MACRO __POINTBRMN
                 	LDI  R@0,LOW(@1+(@2))
                 	.ENDM
                 
                 	.MACRO __POINTWRMN
                 	LDI  R@0,LOW(@2+(@3))
                 	LDI  R@1,HIGH(@2+(@3))
                 	.ENDM
                 
                 	.MACRO __POINTWRFN
                 	LDI  R@0,LOW(@2*2+(@3))
                 	LDI  R@1,HIGH(@2*2+(@3))
                 	.ENDM
                 
                 	.MACRO __GETD1N
                 	LDI  R30,LOW(@0)
                 	LDI  R31,HIGH(@0)
                 	LDI  R22,BYTE3(@0)
                 	LDI  R23,BYTE4(@0)
                 	.ENDM
                 
                 	.MACRO __GETD2N
                 	LDI  R26,LOW(@0)
                 	LDI  R27,HIGH(@0)
                 	LDI  R24,BYTE3(@0)
                 	LDI  R25,BYTE4(@0)
                 	.ENDM
                 
                 	.MACRO __GETB1MN
                 	LDS  R30,@0+(@1)
                 	.ENDM
                 
                 	.MACRO __GETB1HMN
                 	LDS  R31,@0+(@1)
                 	.ENDM
                 
                 	.MACRO __GETW1MN
                 	LDS  R30,@0+(@1)
                 	LDS  R31,@0+(@1)+1
                 	.ENDM
                 
                 	.MACRO __GETD1MN
                 	LDS  R30,@0+(@1)
                 	LDS  R31,@0+(@1)+1
                 	LDS  R22,@0+(@1)+2
                 	LDS  R23,@0+(@1)+3
                 	.ENDM
                 
                 	.MACRO __GETBRMN
                 	LDS  R@0,@1+(@2)
                 	.ENDM
                 
                 	.MACRO __GETWRMN
                 	LDS  R@0,@2+(@3)
                 	LDS  R@1,@2+(@3)+1
                 	.ENDM
                 
                 	.MACRO __GETWRZ
                 	LDD  R@0,Z+@2
                 	LDD  R@1,Z+@2+1
                 	.ENDM
                 
                 	.MACRO __GETD2Z
                 	LDD  R26,Z+@0
                 	LDD  R27,Z+@0+1
                 	LDD  R24,Z+@0+2
                 	LDD  R25,Z+@0+3
                 	.ENDM
                 
                 	.MACRO __GETB2MN
                 	LDS  R26,@0+(@1)
                 	.ENDM
                 
                 	.MACRO __GETW2MN
                 	LDS  R26,@0+(@1)
                 	LDS  R27,@0+(@1)+1
                 	.ENDM
                 
                 	.MACRO __GETD2MN
                 	LDS  R26,@0+(@1)
                 	LDS  R27,@0+(@1)+1
                 	LDS  R24,@0+(@1)+2
                 	LDS  R25,@0+(@1)+3
                 	.ENDM
                 
                 	.MACRO __PUTB1MN
                 	STS  @0+(@1),R30
                 	.ENDM
                 
                 	.MACRO __PUTW1MN
                 	STS  @0+(@1),R30
                 	STS  @0+(@1)+1,R31
                 	.ENDM
                 
                 	.MACRO __PUTD1MN
                 	STS  @0+(@1),R30
                 	STS  @0+(@1)+1,R31
                 	STS  @0+(@1)+2,R22
                 	STS  @0+(@1)+3,R23
                 	.ENDM
                 
                 	.MACRO __PUTB1EN
                 	LDI  R26,LOW(@0+(@1))
                 	LDI  R27,HIGH(@0+(@1))
                 	CALL __EEPROMWRB
                 	.ENDM
                 
                 	.MACRO __PUTW1EN
                 	LDI  R26,LOW(@0+(@1))
                 	LDI  R27,HIGH(@0+(@1))
                 	CALL __EEPROMWRW
                 	.ENDM
                 
                 	.MACRO __PUTD1EN
                 	LDI  R26,LOW(@0+(@1))
                 	LDI  R27,HIGH(@0+(@1))
                 	CALL __EEPROMWRD
                 	.ENDM
                 
                 	.MACRO __PUTBR0MN
                 	STS  @0+(@1),R0
                 	.ENDM
                 
                 	.MACRO __PUTBMRN
                 	STS  @0+(@1),R@2
                 	.ENDM
                 
                 	.MACRO __PUTWMRN
                 	STS  @0+(@1),R@2
                 	STS  @0+(@1)+1,R@3
                 	.ENDM
                 
                 	.MACRO __PUTBZR
                 	STD  Z+@1,R@0
                 	.ENDM
                 
                 	.MACRO __PUTWZR
                 	STD  Z+@2,R@0
                 	STD  Z+@2+1,R@1
                 	.ENDM
                 
                 	.MACRO __GETW1R
                 	MOV  R30,R@0
                 	MOV  R31,R@1
                 	.ENDM
                 
                 	.MACRO __GETW2R
                 	MOV  R26,R@0
                 	MOV  R27,R@1
                 	.ENDM
                 
                 	.MACRO __GETWRN
                 	LDI  R@0,LOW(@2)
                 	LDI  R@1,HIGH(@2)
                 	.ENDM
                 
                 	.MACRO __PUTW1R
                 	MOV  R@0,R30
                 	MOV  R@1,R31
                 	.ENDM
                 
                 	.MACRO __PUTW2R
                 	MOV  R@0,R26
                 	MOV  R@1,R27
                 	.ENDM
                 
                 	.MACRO __ADDWRN
                 	SUBI R@0,LOW(-@2)
                 	SBCI R@1,HIGH(-@2)
                 	.ENDM
                 
                 	.MACRO __ADDWRR
                 	ADD  R@0,R@2
                 	ADC  R@1,R@3
                 	.ENDM
                 
                 	.MACRO __SUBWRN
                 	SUBI R@0,LOW(@2)
                 	SBCI R@1,HIGH(@2)
                 	.ENDM
                 
                 	.MACRO __SUBWRR
                 	SUB  R@0,R@2
                 	SBC  R@1,R@3
                 	.ENDM
                 
                 	.MACRO __ANDWRN
                 	ANDI R@0,LOW(@2)
                 	ANDI R@1,HIGH(@2)
                 	.ENDM
                 
                 	.MACRO __ANDWRR
                 	AND  R@0,R@2
                 	AND  R@1,R@3
                 	.ENDM
                 
                 	.MACRO __ORWRN
                 	ORI  R@0,LOW(@2)
                 	ORI  R@1,HIGH(@2)
                 	.ENDM
                 
                 	.MACRO __ORWRR
                 	OR   R@0,R@2
                 	OR   R@1,R@3
                 	.ENDM
                 
                 	.MACRO __EORWRR
                 	EOR  R@0,R@2
                 	EOR  R@1,R@3
                 	.ENDM
                 
                 	.MACRO __GETWRS
                 	LDD  R@0,Y+@2
                 	LDD  R@1,Y+@2+1
                 	.ENDM
                 
                 	.MACRO __PUTBSR
                 	STD  Y+@1,R@0
                 	.ENDM
                 
                 	.MACRO __PUTWSR
                 	STD  Y+@2,R@0
                 	STD  Y+@2+1,R@1
                 	.ENDM
                 
                 	.MACRO __MOVEWRR
                 	MOV  R@0,R@2
                 	MOV  R@1,R@3
                 	.ENDM
                 
                 	.MACRO __INWR
                 	IN   R@0,@2
                 	IN   R@1,@2+1
                 	.ENDM
                 
                 	.MACRO __OUTWR
                 	OUT  @2+1,R@1
                 	OUT  @2,R@0
                 	.ENDM
                 
                 	.MACRO __CALL1MN
                 	LDS  R30,@0+(@1)
                 	LDS  R31,@0+(@1)+1
                 	ICALL
                 	.ENDM
                 
                 	.MACRO __CALL1FN
                 	LDI  R30,LOW(2*@0+(@1))
                 	LDI  R31,HIGH(2*@0+(@1))
                 	CALL __GETW1PF
                 	ICALL
                 	.ENDM
                 
                 	.MACRO __CALL2EN
                 	LDI  R26,LOW(@0+(@1))
                 	LDI  R27,HIGH(@0+(@1))
                 	CALL __EEPROMRDW
                 	ICALL
                 	.ENDM
                 
                 	.MACRO __GETW1STACK
                 	IN   R26,SPL
                 	IN   R27,SPH
                 	ADIW R26,@0+1
                 	LD   R30,X+
                 	LD   R31,X
                 	.ENDM
                 
                 	.MACRO __GETD1STACK
                 	IN   R26,SPL
                 	IN   R27,SPH
                 	ADIW R26,@0+1
                 	LD   R30,X+
                 	LD   R31,X+
                 	LD   R22,X
                 	.ENDM
                 
                 	.MACRO __NBST
                 	BST  R@0,@1
                 	IN   R30,SREG
                 	LDI  R31,0x40
                 	EOR  R30,R31
                 	OUT  SREG,R30
                 	.ENDM
                 
                 
                 	.MACRO __PUTB1SN
                 	LDD  R26,Y+@0
                 	LDD  R27,Y+@0+1
                 	SUBI R26,LOW(-@1)
                 	SBCI R27,HIGH(-@1)
                 	ST   X,R30
                 	.ENDM
                 
                 	.MACRO __PUTW1SN
                 	LDD  R26,Y+@0
                 	LDD  R27,Y+@0+1
                 	SUBI R26,LOW(-@1)
                 	SBCI R27,HIGH(-@1)
                 	ST   X+,R30
                 	ST   X,R31
                 	.ENDM
                 
                 	.MACRO __PUTD1SN
                 	LDD  R26,Y+@0
                 	LDD  R27,Y+@0+1
                 	SUBI R26,LOW(-@1)
                 	SBCI R27,HIGH(-@1)
                 	CALL __PUTDP1
                 	.ENDM
                 
                 	.MACRO __PUTB1SNS
                 	LDD  R26,Y+@0
                 	LDD  R27,Y+@0+1
                 	ADIW R26,@1
                 	ST   X,R30
                 	.ENDM
                 
                 	.MACRO __PUTW1SNS
                 	LDD  R26,Y+@0
                 	LDD  R27,Y+@0+1
                 	ADIW R26,@1
                 	ST   X+,R30
                 	ST   X,R31
                 	.ENDM
                 
                 	.MACRO __PUTD1SNS
                 	LDD  R26,Y+@0
                 	LDD  R27,Y+@0+1
                 	ADIW R26,@1
                 	CALL __PUTDP1
                 	.ENDM
                 
                 	.MACRO __PUTB1PMN
                 	LDS  R26,@0
                 	LDS  R27,@0+1
                 	SUBI R26,LOW(-@1)
                 	SBCI R27,HIGH(-@1)
                 	ST   X,R30
                 	.ENDM
                 
                 	.MACRO __PUTW1PMN
                 	LDS  R26,@0
                 	LDS  R27,@0+1
                 	SUBI R26,LOW(-@1)
                 	SBCI R27,HIGH(-@1)
                 	ST   X+,R30
                 	ST   X,R31
                 	.ENDM
                 
                 	.MACRO __PUTD1PMN
                 	LDS  R26,@0
                 	LDS  R27,@0+1
                 	SUBI R26,LOW(-@1)
                 	SBCI R27,HIGH(-@1)
                 	CALL __PUTDP1
                 	.ENDM
                 
                 	.MACRO __PUTB1PMNS
                 	LDS  R26,@0
                 	LDS  R27,@0+1
                 	ADIW R26,@1
                 	ST   X,R30
                 	.ENDM
                 
                 	.MACRO __PUTW1PMNS
                 	LDS  R26,@0
                 	LDS  R27,@0+1
                 	ADIW R26,@1
                 	ST   X+,R30
                 	ST   X,R31
                 	.ENDM
                 
                 	.MACRO __PUTD1PMNS
                 	LDS  R26,@0
                 	LDS  R27,@0+1
                 	ADIW R26,@1
                 	CALL __PUTDP1
                 	.ENDM
                 
                 	.MACRO __PUTB1RN
                 	MOVW R26,R@0
                 	SUBI R26,LOW(-@1)
                 	SBCI R27,HIGH(-@1)
                 	ST   X,R30
                 	.ENDM
                 
                 	.MACRO __PUTW1RN
                 	MOVW R26,R@0
                 	SUBI R26,LOW(-@1)
                 	SBCI R27,HIGH(-@1)
                 	ST   X+,R30
                 	ST   X,R31
                 	.ENDM
                 
                 	.MACRO __PUTD1RN
                 	MOVW R26,R@0
                 	SUBI R26,LOW(-@1)
                 	SBCI R27,HIGH(-@1)
                 	CALL __PUTDP1
                 	.ENDM
                 
                 	.MACRO __PUTB1RNS
                 	MOVW R26,R@0
                 	ADIW R26,@1
                 	ST   X,R30
                 	.ENDM
                 
                 	.MACRO __PUTW1RNS
                 	MOVW R26,R@0
                 	ADIW R26,@1
                 	ST   X+,R30
                 	ST   X,R31
                 	.ENDM
                 
                 	.MACRO __PUTD1RNS
                 	MOVW R26,R@0
                 	ADIW R26,@1
                 	CALL __PUTDP1
                 	.ENDM
                 
                 	.MACRO __PUTB1RON
                 	MOV  R26,R@0
                 	MOV  R27,R@1
                 	SUBI R26,LOW(-@2)
                 	SBCI R27,HIGH(-@2)
                 	ST   X,R30
                 	.ENDM
                 
                 	.MACRO __PUTW1RON
                 	MOV  R26,R@0
                 	MOV  R27,R@1
                 	SUBI R26,LOW(-@2)
                 	SBCI R27,HIGH(-@2)
                 	ST   X+,R30
                 	ST   X,R31
                 	.ENDM
                 
                 	.MACRO __PUTD1RON
                 	MOV  R26,R@0
                 	MOV  R27,R@1
                 	SUBI R26,LOW(-@2)
                 	SBCI R27,HIGH(-@2)
                 	CALL __PUTDP1
                 	.ENDM
                 
                 	.MACRO __PUTB1RONS
                 	MOV  R26,R@0
                 	MOV  R27,R@1
                 	ADIW R26,@2
                 	ST   X,R30
                 	.ENDM
                 
                 	.MACRO __PUTW1RONS
                 	MOV  R26,R@0
                 	MOV  R27,R@1
                 	ADIW R26,@2
                 	ST   X+,R30
                 	ST   X,R31
                 	.ENDM
                 
                 	.MACRO __PUTD1RONS
                 	MOV  R26,R@0
                 	MOV  R27,R@1
                 	ADIW R26,@2
                 	CALL __PUTDP1
                 	.ENDM
                 
                 
                 	.MACRO __GETB1SX
                 	MOVW R30,R28
                 	SUBI R30,LOW(-@0)
                 	SBCI R31,HIGH(-@0)
                 	LD   R30,Z
                 	.ENDM
                 
                 	.MACRO __GETB1HSX
                 	MOVW R30,R28
                 	SUBI R30,LOW(-@0)
                 	SBCI R31,HIGH(-@0)
                 	LD   R31,Z
                 	.ENDM
                 
                 	.MACRO __GETW1SX
                 	MOVW R30,R28
                 	SUBI R30,LOW(-@0)
                 	SBCI R31,HIGH(-@0)
                 	LD   R0,Z+
                 	LD   R31,Z
                 	MOV  R30,R0
                 	.ENDM
                 
                 	.MACRO __GETD1SX
                 	MOVW R30,R28
                 	SUBI R30,LOW(-@0)
                 	SBCI R31,HIGH(-@0)
                 	LD   R0,Z+
                 	LD   R1,Z+
                 	LD   R22,Z+
                 	LD   R23,Z
                 	MOVW R30,R0
                 	.ENDM
                 
                 	.MACRO __GETB2SX
                 	MOVW R26,R28
                 	SUBI R26,LOW(-@0)
                 	SBCI R27,HIGH(-@0)
                 	LD   R26,X
                 	.ENDM
                 
                 	.MACRO __GETW2SX
                 	MOVW R26,R28
                 	SUBI R26,LOW(-@0)
                 	SBCI R27,HIGH(-@0)
                 	LD   R0,X+
                 	LD   R27,X
                 	MOV  R26,R0
                 	.ENDM
                 
                 	.MACRO __GETD2SX
                 	MOVW R26,R28
                 	SUBI R26,LOW(-@0)
                 	SBCI R27,HIGH(-@0)
                 	LD   R0,X+
                 	LD   R1,X+
                 	LD   R24,X+
                 	LD   R25,X
                 	MOVW R26,R0
                 	.ENDM
                 
                 	.MACRO __GETBRSX
                 	MOVW R30,R28
                 	SUBI R30,LOW(-@1)
                 	SBCI R31,HIGH(-@1)
                 	LD   R@0,Z
                 	.ENDM
                 
                 	.MACRO __GETWRSX
                 	MOVW R30,R28
                 	SUBI R30,LOW(-@2)
                 	SBCI R31,HIGH(-@2)
                 	LD   R@0,Z+
                 	LD   R@1,Z
                 	.ENDM
                 
                 	.MACRO __GETBRSX2
                 	MOVW R26,R28
                 	SUBI R26,LOW(-@1)
                 	SBCI R27,HIGH(-@1)
                 	LD   R@0,X
                 	.ENDM
                 
                 	.MACRO __GETWRSX2
                 	MOVW R26,R28
                 	SUBI R26,LOW(-@2)
                 	SBCI R27,HIGH(-@2)
                 	LD   R@0,X+
                 	LD   R@1,X
                 	.ENDM
                 
                 	.MACRO __LSLW8SX
                 	MOVW R30,R28
                 	SUBI R30,LOW(-@0)
                 	SBCI R31,HIGH(-@0)
                 	LD   R31,Z
                 	CLR  R30
                 	.ENDM
                 
                 	.MACRO __PUTB1SX
                 	MOVW R26,R28
                 	SUBI R26,LOW(-@0)
                 	SBCI R27,HIGH(-@0)
                 	ST   X,R30
                 	.ENDM
                 
                 	.MACRO __PUTW1SX
                 	MOVW R26,R28
                 	SUBI R26,LOW(-@0)
                 	SBCI R27,HIGH(-@0)
                 	ST   X+,R30
                 	ST   X,R31
                 	.ENDM
                 
                 	.MACRO __PUTD1SX
                 	MOVW R26,R28
                 	SUBI R26,LOW(-@0)
                 	SBCI R27,HIGH(-@0)
                 	ST   X+,R30
                 	ST   X+,R31
                 	ST   X+,R22
                 	ST   X,R23
                 	.ENDM
                 
                 	.MACRO __CLRW1SX
                 	MOVW R26,R28
                 	SUBI R26,LOW(-@0)
                 	SBCI R27,HIGH(-@0)
                 	ST   X+,R30
                 	ST   X,R30
                 	.ENDM
                 
                 	.MACRO __CLRD1SX
                 	MOVW R26,R28
                 	SUBI R26,LOW(-@0)
                 	SBCI R27,HIGH(-@0)
                 	ST   X+,R30
                 	ST   X+,R30
                 	ST   X+,R30
                 	ST   X,R30
                 	.ENDM
                 
                 	.MACRO __PUTB2SX
                 	MOVW R30,R28
                 	SUBI R30,LOW(-@0)
                 	SBCI R31,HIGH(-@0)
                 	ST   Z,R26
                 	.ENDM
                 
                 	.MACRO __PUTW2SX
                 	MOVW R30,R28
                 	SUBI R30,LOW(-@0)
                 	SBCI R31,HIGH(-@0)
                 	ST   Z+,R26
                 	ST   Z,R27
                 	.ENDM
                 
                 	.MACRO __PUTD2SX
                 	MOVW R30,R28
                 	SUBI R30,LOW(-@0)
                 	SBCI R31,HIGH(-@0)
                 	ST   Z+,R26
                 	ST   Z+,R27
                 	ST   Z+,R24
                 	ST   Z,R25
                 	.ENDM
                 
                 	.MACRO __PUTBSRX
                 	MOVW R30,R28
                 	SUBI R30,LOW(-@1)
                 	SBCI R31,HIGH(-@1)
                 	ST   Z,R@0
                 	.ENDM
                 
                 	.MACRO __PUTWSRX
                 	MOVW R30,R28
                 	SUBI R30,LOW(-@2)
                 	SBCI R31,HIGH(-@2)
                 	ST   Z+,R@0
                 	ST   Z,R@1
                 	.ENDM
                 
                 	.MACRO __PUTB1SNX
                 	MOVW R26,R28
                 	SUBI R26,LOW(-@0)
                 	SBCI R27,HIGH(-@0)
                 	LD   R0,X+
                 	LD   R27,X
                 	MOV  R26,R0
                 	SUBI R26,LOW(-@1)
                 	SBCI R27,HIGH(-@1)
                 	ST   X,R30
                 	.ENDM
                 
                 	.MACRO __PUTW1SNX
                 	MOVW R26,R28
                 	SUBI R26,LOW(-@0)
                 	SBCI R27,HIGH(-@0)
                 	LD   R0,X+
                 	LD   R27,X
                 	MOV  R26,R0
                 	SUBI R26,LOW(-@1)
                 	SBCI R27,HIGH(-@1)
                 	ST   X+,R30
                 	ST   X,R31
                 	.ENDM
                 
                 	.MACRO __PUTD1SNX
                 	MOVW R26,R28
                 	SUBI R26,LOW(-@0)
                 	SBCI R27,HIGH(-@0)
                 	LD   R0,X+
                 	LD   R27,X
                 	MOV  R26,R0
                 	SUBI R26,LOW(-@1)
                 	SBCI R27,HIGH(-@1)
                 	ST   X+,R30
                 	ST   X+,R31
                 	ST   X+,R22
                 	ST   X,R23
                 	.ENDM
                 
                 	.MACRO __MULBRR
                 	MULS R@0,R@1
                 	MOVW R30,R0
                 	.ENDM
                 
                 	.MACRO __MULBRRU
                 	MUL  R@0,R@1
                 	MOVW R30,R0
                 	.ENDM
                 
                 	.MACRO __MULBRR0
                 	MULS R@0,R@1
                 	.ENDM
                 
                 	.MACRO __MULBRRU0
                 	MUL  R@0,R@1
                 	.ENDM
                 
                 	.MACRO __MULBNWRU
                 	LDI  R26,@2
                 	MUL  R26,R@0
                 	MOVW R30,R0
                 	MUL  R26,R@1
                 	ADD  R31,R0
                 	.ENDM
                 
                 ;NAME DEFINITIONS FOR GLOBAL VARIABLES ALLOCATED TO REGISTERS
                 	.DEF _rx_wr_index0=R5
                 	.DEF _rx_rd_index0=R4
                 	.DEF _rx_counter0=R7
                 	.DEF _tx_wr_index0=R6
                 	.DEF _tx_rd_index0=R9
                 	.DEF _tx_counter0=R8
                 
                 	.CSEG
                 	.ORG 0x00
                 
                 ;START OF CODE MARKER
                 __START_OF_CODE:
                 
                 ;INTERRUPT VECTORS
000000 940c 004b 	JMP  __RESET
000002 940c 0000 	JMP  0x00
000004 940c 0000 	JMP  0x00
000006 940c 0000 	JMP  0x00
000008 940c 0000 	JMP  0x00
00000a 940c 0000 	JMP  0x00
00000c 940c 0000 	JMP  0x00
00000e 940c 0000 	JMP  0x00
000010 940c 0000 	JMP  0x00
000012 940c 0000 	JMP  0x00
000014 940c 0000 	JMP  0x00
000016 940c 0000 	JMP  0x00
000018 940c 0000 	JMP  0x00
00001a 940c 0000 	JMP  0x00
00001c 940c 0000 	JMP  0x00
00001e 940c 0000 	JMP  0x00
000020 940c 0000 	JMP  0x00
000022 940c 0000 	JMP  0x00
000024 940c 008a 	JMP  _usart0_rx_isr
000026 940c 0000 	JMP  0x00
000028 940c 00a9 	JMP  _usart0_tx_isr
00002a 940c 0000 	JMP  0x00
00002c 940c 0000 	JMP  0x00
00002e 940c 0000 	JMP  0x00
000030 940c 0000 	JMP  0x00
000032 940c 0000 	JMP  0x00
000034 940c 0000 	JMP  0x00
000036 940c 0000 	JMP  0x00
000038 940c 0000 	JMP  0x00
00003a 940c 0000 	JMP  0x00
00003c 940c 0000 	JMP  0x00
00003e 940c 0000 	JMP  0x00
000040 940c 0000 	JMP  0x00
000042 940c 0000 	JMP  0x00
000044 940c 0000 	JMP  0x00
                 
                 ;REGISTER BIT VARIABLES INITIALIZATION
                 __REG_BIT_VARS:
000046 0000      	.DW  0x0000
                 
                 
                 __GLOBAL_INI_TBL:
000047 0001      	.DW  0x01
000048 0002      	.DW  0x02
000049 008c      	.DW  __REG_BIT_VARS*2
                 
                 _0xFFFFFFFF:
00004a 0000      	.DW  0
                 
                 __RESET:
00004b 94f8      	CLI
00004c 27ee      	CLR  R30
00004d bbec      	OUT  EECR,R30
                 
                 ;INTERRUPT VECTORS ARE PLACED
                 ;AT THE START OF FLASH
00004e e0f1      	LDI  R31,1
00004f bff5      	OUT  MCUCR,R31
000050 bfe5      	OUT  MCUCR,R30
000051 93e0 006c 	STS  XMCRB,R30
                 
                 ;DISABLE WATCHDOG
000053 e1f8      	LDI  R31,0x18
000054 bdf1      	OUT  WDTCR,R31
000055 bde1      	OUT  WDTCR,R30
                 
                 ;CLEAR R2-R14
000056 e08d      	LDI  R24,(14-2)+1
000057 e0a2      	LDI  R26,2
000058 27bb      	CLR  R27
                 __CLEAR_REG:
000059 93ed      	ST   X+,R30
00005a 958a      	DEC  R24
00005b f7e9      	BRNE __CLEAR_REG
                 
                 ;CLEAR SRAM
00005c e080      	LDI  R24,LOW(__CLEAR_SRAM_SIZE)
00005d e190      	LDI  R25,HIGH(__CLEAR_SRAM_SIZE)
00005e e0a0      	LDI  R26,LOW(__SRAM_START)
00005f e0b1      	LDI  R27,HIGH(__SRAM_START)
                 __CLEAR_SRAM:
000060 93ed      	ST   X+,R30
000061 9701      	SBIW R24,1
000062 f7e9      	BRNE __CLEAR_SRAM
                 
                 ;GLOBAL VARIABLES INITIALIZATION
000063 e8ee      	LDI  R30,LOW(__GLOBAL_INI_TBL*2)
000064 e0f0      	LDI  R31,HIGH(__GLOBAL_INI_TBL*2)
                 __GLOBAL_INI_NEXT:
000065 9185      	LPM  R24,Z+
000066 9195      	LPM  R25,Z+
000067 9700      	SBIW R24,0
000068 f061      	BREQ __GLOBAL_INI_END
000069 91a5      	LPM  R26,Z+
00006a 91b5      	LPM  R27,Z+
00006b 9005      	LPM  R0,Z+
00006c 9015      	LPM  R1,Z+
00006d 01bf      	MOVW R22,R30
00006e 01f0      	MOVW R30,R0
                 __GLOBAL_INI_LOOP:
00006f 9005      	LPM  R0,Z+
000070 920d      	ST   X+,R0
000071 9701      	SBIW R24,1
000072 f7e1      	BRNE __GLOBAL_INI_LOOP
000073 01fb      	MOVW R30,R22
000074 cff0      	RJMP __GLOBAL_INI_NEXT
                 __GLOBAL_INI_END:
                 
                 ;HARDWARE STACK POINTER INITIALIZATION
000075 efef      	LDI  R30,LOW(__SRAM_END-__HEAP_SIZE)
000076 bfed      	OUT  SPL,R30
000077 e1e0      	LDI  R30,HIGH(__SRAM_END-__HEAP_SIZE)
000078 bfee      	OUT  SPH,R30
                 
                 ;DATA STACK POINTER INITIALIZATION
000079 e0c0      	LDI  R28,LOW(__SRAM_START+__DSTACK_SIZE)
00007a e0d5      	LDI  R29,HIGH(__SRAM_START+__DSTACK_SIZE)
                 
00007b 940c 00ef 	JMP  _main
                 
                 	.ESEG
                 	.ORG 0
                 
                 	.DSEG
                 	.ORG 0x500
                 
                 	.CSEG
                 ;/*****************************************************
                 ;This program was produced by the
                 ;CodeWizardAVR V2.05.3 Standard
                 ;Automatic Program Generator
                 ;© Copyright 1998-2011 Pavel Haiduc, HP InfoTech s.r.l.
                 ;http://www.hpinfotech.com
                 ;
                 ;Project :
                 ;Version :
                 ;Date    : 5/14/2016
                 ;Author  : Reza
                 ;Company :
                 ;Comments:
                 ;
                 ;
                 ;Chip type               : ATmega64
                 ;Program type            : Application
                 ;AVR Core Clock frequency: 8.000000 MHz
                 ;Memory model            : Small
                 ;External RAM size       : 0
                 ;Data Stack size         : 1024
                 ;*****************************************************/
                 ;
                 ;#include <mega64.h>
                 	#ifndef __SLEEP_DEFINED__
                 	#define __SLEEP_DEFINED__
                 	.EQU __se_bit=0x20
                 	.EQU __sm_mask=0x1C
                 	.EQU __sm_powerdown=0x10
                 	.EQU __sm_powersave=0x18
                 	.EQU __sm_standby=0x14
                 	.EQU __sm_ext_standby=0x1C
                 	.EQU __sm_adc_noise_red=0x08
                 	.SET power_ctrl_reg=mcucr
                 	#endif
                 ;#include <delay.h>
                 ;
                 ;#ifndef RXB8
                 ;#define RXB8 1
                 ;#endif
                 ;
                 ;#ifndef TXB8
                 ;#define TXB8 0
                 ;#endif
                 ;
                 ;#ifndef UPE
                 ;#define UPE 2
                 ;#endif
                 ;
                 ;#ifndef DOR
                 ;#define DOR 3
                 ;#endif
                 ;
                 ;#ifndef FE
                 ;#define FE 4
                 ;#endif
                 ;
                 ;#ifndef UDRE
                 ;#define UDRE 5
                 ;#endif
                 ;
                 ;#ifndef RXC
                 ;#define RXC 7
                 ;#endif
                 ;
                 ;#define FRAMING_ERROR (1<<FE)
                 ;#define PARITY_ERROR (1<<UPE)
                 ;#define DATA_OVERRUN (1<<DOR)
                 ;#define DATA_REGISTER_EMPTY (1<<UDRE)
                 ;#define RX_COMPLETE (1<<RXC)
                 ;
                 ;// USART0 Receiver buffer
                 ;#define RX_BUFFER_SIZE0 8
                 ;char rx_buffer0[RX_BUFFER_SIZE0];
                 ;
                 ;#if RX_BUFFER_SIZE0 <= 256
                 ;unsigned char rx_wr_index0,rx_rd_index0,rx_counter0;
                 ;#else
                 ;unsigned int rx_wr_index0,rx_rd_index0,rx_counter0;
                 ;#endif
                 ;
                 ;
                 ;#define ADC_VREF_TYPE 0x00
                 ;
                 ;// Read the AD conversion result
                 ;unsigned int read_adc(unsigned char adc_input)
                 ; 0000 004C {
                 
                 	.CSEG
                 _read_adc:
                 ; 0000 004D ADMUX=adc_input | (ADC_VREF_TYPE & 0xff);
00007d 93aa      	ST   -Y,R26
                 ;	adc_input -> Y+0
00007e 81e8      	LD   R30,Y
00007f b9e7      	OUT  0x7,R30
                 ; 0000 004E // Delay needed for the stabilization of the ADC input voltage
                 ; 0000 004F delay_us(10);
                +
000080 e18b     +LDI R24 , LOW ( 27 )
                +__DELAY_USB_LOOP :
000081 958a     +DEC R24
000082 f7f1     +BRNE __DELAY_USB_LOOP
                 	__DELAY_USB 27
                 ; 0000 0050 // Start the AD conversion
                 ; 0000 0051 ADCSRA|=0x40;
000083 9a36      	SBI  0x6,6
                 ; 0000 0052 // Wait for the AD conversion to complete
                 ; 0000 0053 while ((ADCSRA & 0x10)==0);
                 _0x3:
000084 9b34      	SBIS 0x6,4
000085 cffe      	RJMP _0x3
                 ; 0000 0054 ADCSRA|=0x10;
000086 9a34      	SBI  0x6,4
                 ; 0000 0055 return ADCW;
000087 b1e4      	IN   R30,0x4
000088 b1f5      	IN   R31,0x4+1
000089 c04f      	RJMP _0x2000001
                 ; 0000 0056 }
                 ;
                 ;
                 ;// This flag is set on USART0 Receiver buffer overflow
                 ;bit rx_buffer_overflow0;
                 ;
                 ;// USART0 Receiver interrupt service routine
                 ;interrupt [USART0_RXC] void usart0_rx_isr(void)
                 ; 0000 005E {
                 _usart0_rx_isr:
00008a 93ea      	ST   -Y,R30
00008b 93fa      	ST   -Y,R31
00008c b7ef      	IN   R30,SREG
00008d 93ea      	ST   -Y,R30
                 ; 0000 005F char status,data;
                 ; 0000 0060 status=UCSR0A;
00008e 931a      	ST   -Y,R17
00008f 930a      	ST   -Y,R16
                 ;	status -> R17
                 ;	data -> R16
000090 b11b      	IN   R17,11
                 ; 0000 0061 data=UDR0;
000091 b10c      	IN   R16,12
                 ; 0000 0062 if ((status & (FRAMING_ERROR | PARITY_ERROR | DATA_OVERRUN))==0)
000092 2fe1      	MOV  R30,R17
000093 71ec      	ANDI R30,LOW(0x1C)
000094 f489      	BRNE _0x6
                 ; 0000 0063    {
                 ; 0000 0064    rx_buffer0[rx_wr_index0++]=data;
000095 2de5      	MOV  R30,R5
000096 9453      	INC  R5
000097 e0f0      	LDI  R31,0
000098 50e0      	SUBI R30,LOW(-_rx_buffer0)
000099 4ffb      	SBCI R31,HIGH(-_rx_buffer0)
00009a 8300      	ST   Z,R16
                 ; 0000 0065 #if RX_BUFFER_SIZE0 == 256
                 ; 0000 0066    // special case for receiver buffer size=256
                 ; 0000 0067    if (++rx_counter0 == 0) rx_buffer_overflow0=1;
                 ; 0000 0068 #else
                 ; 0000 0069    if (rx_wr_index0 == RX_BUFFER_SIZE0) rx_wr_index0=0;
00009b e0e8      	LDI  R30,LOW(8)
00009c 15e5      	CP   R30,R5
00009d f409      	BRNE _0x7
00009e 2455      	CLR  R5
                 ; 0000 006A    if (++rx_counter0 == RX_BUFFER_SIZE0)
                 _0x7:
00009f 9473      	INC  R7
0000a0 e0e8      	LDI  R30,LOW(8)
0000a1 15e7      	CP   R30,R7
0000a2 f419      	BRNE _0x8
                 ; 0000 006B       {
                 ; 0000 006C       rx_counter0=0;
0000a3 2477      	CLR  R7
                 ; 0000 006D       rx_buffer_overflow0=1;
0000a4 9468      	SET
0000a5 f820      	BLD  R2,0
                 ; 0000 006E       }
                 ; 0000 006F #endif
                 ; 0000 0070    }
                 _0x8:
                 ; 0000 0071 }
                 _0x6:
0000a6 9109      	LD   R16,Y+
0000a7 9119      	LD   R17,Y+
0000a8 c012      	RJMP _0x1B
                 ;
                 ;#ifndef _DEBUG_TERMINAL_IO_
                 ;// Get a character from the USART0 Receiver buffer
                 ;#define _ALTERNATE_GETCHAR_
                 ;#pragma used+
                 ;char getchar(void)
                 ; 0000 0078 {
                 ; 0000 0079 char data;
                 ; 0000 007A while (rx_counter0==0);
                 ;	data -> R17
                 ; 0000 007B data=rx_buffer0[rx_rd_index0++];
                 ; 0000 007C #if RX_BUFFER_SIZE0 != 256
                 ; 0000 007D if (rx_rd_index0 == RX_BUFFER_SIZE0) rx_rd_index0=0;
                 ; 0000 007E #endif
                 ; 0000 007F #asm("cli")
                 ; 0000 0080 --rx_counter0;
                 ; 0000 0081 #asm("sei")
                 ; 0000 0082 return data;
                 ; 0000 0083 }
                 ;#pragma used-
                 ;#endif
                 ;
                 ;// USART0 Transmitter buffer
                 ;#define TX_BUFFER_SIZE0 8
                 ;char tx_buffer0[TX_BUFFER_SIZE0];
                 ;
                 ;#if TX_BUFFER_SIZE0 <= 256
                 ;unsigned char tx_wr_index0,tx_rd_index0,tx_counter0;
                 ;#else
                 ;unsigned int tx_wr_index0,tx_rd_index0,tx_counter0;
                 ;#endif
                 ;
                 ;// USART0 Transmitter interrupt service routine
                 ;interrupt [USART0_TXC] void usart0_tx_isr(void)
                 ; 0000 0093 {
                 _usart0_tx_isr:
0000a9 93ea      	ST   -Y,R30
0000aa 93fa      	ST   -Y,R31
0000ab b7ef      	IN   R30,SREG
0000ac 93ea      	ST   -Y,R30
                 ; 0000 0094 if (tx_counter0)
0000ad 2088      	TST  R8
0000ae f061      	BREQ _0xD
                 ; 0000 0095    {
                 ; 0000 0096    --tx_counter0;
0000af 948a      	DEC  R8
                 ; 0000 0097    UDR0=tx_buffer0[tx_rd_index0++];
0000b0 2de9      	MOV  R30,R9
0000b1 9493      	INC  R9
0000b2 e0f0      	LDI  R31,0
0000b3 5fe8      	SUBI R30,LOW(-_tx_buffer0)
0000b4 4ffa      	SBCI R31,HIGH(-_tx_buffer0)
0000b5 81e0      	LD   R30,Z
0000b6 b9ec      	OUT  0xC,R30
                 ; 0000 0098 #if TX_BUFFER_SIZE0 != 256
                 ; 0000 0099    if (tx_rd_index0 == TX_BUFFER_SIZE0) tx_rd_index0=0;
0000b7 e0e8      	LDI  R30,LOW(8)
0000b8 15e9      	CP   R30,R9
0000b9 f409      	BRNE _0xE
0000ba 2499      	CLR  R9
                 ; 0000 009A #endif
                 ; 0000 009B    }
                 _0xE:
                 ; 0000 009C }
                 _0xD:
                 _0x1B:
0000bb 91e9      	LD   R30,Y+
0000bc bfef      	OUT  SREG,R30
0000bd 91f9      	LD   R31,Y+
0000be 91e9      	LD   R30,Y+
0000bf 9518      	RETI
                 ;
                 ;#ifndef _DEBUG_TERMINAL_IO_
                 ;// Write a character to the USART0 Transmitter buffer
                 ;#define _ALTERNATE_PUTCHAR_
                 ;#pragma used+
                 ;void putchar(char c)
                 ; 0000 00A3 {
                 _putchar:
                 ; 0000 00A4 while (tx_counter0 == TX_BUFFER_SIZE0);
0000c0 93aa      	ST   -Y,R26
                 ;	c -> Y+0
                 _0xF:
0000c1 e0e8      	LDI  R30,LOW(8)
0000c2 15e8      	CP   R30,R8
0000c3 f3e9      	BREQ _0xF
                 ; 0000 00A5 #asm("cli")
0000c4 94f8      	cli
                 ; 0000 00A6 if (tx_counter0 || ((UCSR0A & DATA_REGISTER_EMPTY)==0))
0000c5 2088      	TST  R8
0000c6 f411      	BRNE _0x13
0000c7 995d      	SBIC 0xB,5
0000c8 c00d      	RJMP _0x12
                 _0x13:
                 ; 0000 00A7    {
                 ; 0000 00A8    tx_buffer0[tx_wr_index0++]=c;
0000c9 2de6      	MOV  R30,R6
0000ca 9463      	INC  R6
0000cb e0f0      	LDI  R31,0
0000cc 5fe8      	SUBI R30,LOW(-_tx_buffer0)
0000cd 4ffa      	SBCI R31,HIGH(-_tx_buffer0)
0000ce 81a8      	LD   R26,Y
0000cf 83a0      	STD  Z+0,R26
                 ; 0000 00A9 #if TX_BUFFER_SIZE0 != 256
                 ; 0000 00AA    if (tx_wr_index0 == TX_BUFFER_SIZE0) tx_wr_index0=0;
0000d0 e0e8      	LDI  R30,LOW(8)
0000d1 15e6      	CP   R30,R6
0000d2 f409      	BRNE _0x15
0000d3 2466      	CLR  R6
                 ; 0000 00AB #endif
                 ; 0000 00AC    ++tx_counter0;
                 _0x15:
0000d4 9483      	INC  R8
                 ; 0000 00AD    }
                 ; 0000 00AE else
0000d5 c002      	RJMP _0x16
                 _0x12:
                 ; 0000 00AF    UDR0=c;
0000d6 81e8      	LD   R30,Y
0000d7 b9ec      	OUT  0xC,R30
                 ; 0000 00B0 #asm("sei")
                 _0x16:
0000d8 9478      	sei
                 ; 0000 00B1 }
                 _0x2000001:
0000d9 9621      	ADIW R28,1
0000da 9508      	RET
                 ;#pragma used-
                 ;#endif
                 ;
                 ;
                 ;void BT_Send(unsigned int data)
                 ; 0000 00B7 {
                 _BT_Send:
                 ; 0000 00B8 int dataTemp = 0;
                 ; 0000 00B9 dataTemp = data/100;
0000db 93ba      	ST   -Y,R27
0000dc 93aa      	ST   -Y,R26
0000dd 931a      	ST   -Y,R17
0000de 930a      	ST   -Y,R16
                 ;	data -> Y+2
                 ;	dataTemp -> R16,R17
                +
0000df e000     +LDI R16 , LOW ( 0 )
0000e0 e010     +LDI R17 , HIGH ( 0 )
                 	__GETWRN 16,17,0
0000e1 81aa      	LDD  R26,Y+2
0000e2 81bb      	LDD  R27,Y+2+1
0000e3 e6e4      	LDI  R30,LOW(100)
0000e4 e0f0      	LDI  R31,HIGH(100)
0000e5 940e 0156 	CALL __DIVW21U
0000e7 018f      	MOVW R16,R30
                 ; 0000 00BA putchar(48 + dataTemp);
0000e8 2fa0      	MOV  R26,R16
0000e9 5da0      	SUBI R26,-LOW(48)
0000ea dfd5      	RCALL _putchar
                 ; 0000 00BB }
0000eb 8119      	LDD  R17,Y+1
0000ec 8108      	LDD  R16,Y+0
0000ed 9624      	ADIW R28,4
0000ee 9508      	RET
                 ;
                 ;// Declare your global variables here
                 ;
                 ;void main(void)
                 ; 0000 00C0 {
                 _main:
                 ; 0000 00C1 // Declare your local variables here
                 ; 0000 00C2 unsigned int adcVal = 0;
                 ; 0000 00C3 // Input/Output Ports initialization
                 ; 0000 00C4 // Port A initialization
                 ; 0000 00C5 // Func7=In Func6=In Func5=In Func4=In Func3=Out Func2=Out Func1=Out Func0=Out
                 ; 0000 00C6 // State7=T State6=T State5=T State4=T State3=0 State2=0 State1=0 State0=0
                 ; 0000 00C7 PORTA=0x00;
                 ;	adcVal -> R16,R17
                +
0000ef e000     +LDI R16 , LOW ( 0 )
0000f0 e010     +LDI R17 , HIGH ( 0 )
                 	__GETWRN 16,17,0
0000f1 e0e0      	LDI  R30,LOW(0)
0000f2 bbeb      	OUT  0x1B,R30
                 ; 0000 00C8 DDRA=0x0F;
0000f3 e0ef      	LDI  R30,LOW(15)
0000f4 bbea      	OUT  0x1A,R30
                 ; 0000 00C9 
                 ; 0000 00CA // Port B initialization
                 ; 0000 00CB // Func7=In Func6=In Func5=In Func4=In Func3=In Func2=In Func1=In Func0=In
                 ; 0000 00CC // State7=T State6=T State5=T State4=T State3=T State2=T State1=T State0=T
                 ; 0000 00CD PORTB=0x00;
0000f5 e0e0      	LDI  R30,LOW(0)
0000f6 bbe8      	OUT  0x18,R30
                 ; 0000 00CE DDRB=0x00;
0000f7 bbe7      	OUT  0x17,R30
                 ; 0000 00CF 
                 ; 0000 00D0 // Port C initialization
                 ; 0000 00D1 // Func7=In Func6=In Func5=In Func4=In Func3=In Func2=In Func1=In Func0=In
                 ; 0000 00D2 // State7=T State6=T State5=T State4=T State3=T State2=T State1=T State0=T
                 ; 0000 00D3 PORTC=0x00;
0000f8 bbe5      	OUT  0x15,R30
                 ; 0000 00D4 DDRC=0x00;
0000f9 bbe4      	OUT  0x14,R30
                 ; 0000 00D5 
                 ; 0000 00D6 // Port D initialization
                 ; 0000 00D7 // Func7=In Func6=In Func5=In Func4=In Func3=In Func2=In Func1=In Func0=In
                 ; 0000 00D8 // State7=T State6=T State5=T State4=T State3=T State2=T State1=T State0=T
                 ; 0000 00D9 PORTD=0x00;
0000fa bbe2      	OUT  0x12,R30
                 ; 0000 00DA DDRD=0x00;
0000fb bbe1      	OUT  0x11,R30
                 ; 0000 00DB 
                 ; 0000 00DC // Port E initialization
                 ; 0000 00DD // Func7=In Func6=In Func5=In Func4=In Func3=In Func2=In Func1=Out Func0=In
                 ; 0000 00DE // State7=T State6=T State5=T State4=T State3=T State2=T State1=0 State0=T
                 ; 0000 00DF PORTE=0x00;
0000fc b9e3      	OUT  0x3,R30
                 ; 0000 00E0 DDRE=0x02;
0000fd e0e2      	LDI  R30,LOW(2)
0000fe b9e2      	OUT  0x2,R30
                 ; 0000 00E1 
                 ; 0000 00E2 // Port F initialization
                 ; 0000 00E3 // Func7=In Func6=In Func5=In Func4=In Func3=In Func2=In Func1=In Func0=In
                 ; 0000 00E4 // State7=T State6=T State5=T State4=T State3=T State2=T State1=T State0=T
                 ; 0000 00E5 PORTF=0x00;
0000ff e0e0      	LDI  R30,LOW(0)
000100 93e0 0062 	STS  98,R30
                 ; 0000 00E6 DDRF=0x00;
000102 93e0 0061 	STS  97,R30
                 ; 0000 00E7 
                 ; 0000 00E8 // Port G initialization
                 ; 0000 00E9 // Func4=In Func3=In Func2=In Func1=In Func0=In
                 ; 0000 00EA // State4=T State3=T State2=T State1=T State0=T
                 ; 0000 00EB PORTG=0x00;
000104 93e0 0065 	STS  101,R30
                 ; 0000 00EC DDRG=0x00;
000106 93e0 0064 	STS  100,R30
                 ; 0000 00ED 
                 ; 0000 00EE // USART0 initialization
                 ; 0000 00EF // Communication Parameters: 8 Data, 1 Stop, No Parity
                 ; 0000 00F0 // USART0 Receiver: On
                 ; 0000 00F1 // USART0 Transmitter: On
                 ; 0000 00F2 // USART0 Mode: Asynchronous
                 ; 0000 00F3 // USART0 Baud Rate: 9600
                 ; 0000 00F4 //UCSR0A=0x00;
                 ; 0000 00F5 //UCSR0B=0xD8;
                 ; 0000 00F6 //UCSR0C=0x06;
                 ; 0000 00F7 //UBRR0H=0x00;
                 ; 0000 00F8 //UBRR0L=0x33;
                 ; 0000 00F9 // ADC initialization
                 ; 0000 00FA // ADC Clock frequency: 1000.000 kHz
                 ; 0000 00FB // ADC Voltage Reference: AREF pin
                 ; 0000 00FC ADMUX=ADC_VREF_TYPE & 0xff;
000108 b9e7      	OUT  0x7,R30
                 ; 0000 00FD ADCSRA=0x83;
000109 e8e3      	LDI  R30,LOW(131)
00010a b9e6      	OUT  0x6,R30
                 ; 0000 00FE // USART0 initialization
                 ; 0000 00FF // Communication Parameters: 8 Data, 1 Stop, No Parity
                 ; 0000 0100 // USART0 Receiver: On
                 ; 0000 0101 // USART0 Transmitter: On
                 ; 0000 0102 // USART0 Mode: Asynchronous
                 ; 0000 0103 // USART0 Baud Rate: 38400
                 ; 0000 0104 UCSR0A=0x00;
00010b d035      	RCALL SUBOPT_0x0
                 ; 0000 0105 UCSR0B=0xD8;
                 ; 0000 0106 UCSR0C=0x06;
                 ; 0000 0107 UBRR0H=0x00;
                 ; 0000 0108 UBRR0L=0x0C;
00010c e0ec      	LDI  R30,LOW(12)
00010d b9e9      	OUT  0x9,R30
                 ; 0000 0109 
                 ; 0000 010A //initialize BT module
                 ; 0000 010B putchar('A');
00010e e4a1      	LDI  R26,LOW(65)
00010f dfb0      	RCALL _putchar
                 ; 0000 010C putchar('T');
000110 e5a4      	LDI  R26,LOW(84)
000111 dfae      	RCALL _putchar
                 ; 0000 010D putchar('+');
000112 e2ab      	LDI  R26,LOW(43)
000113 dfac      	RCALL _putchar
                 ; 0000 010E putchar('N');
000114 e4ae      	LDI  R26,LOW(78)
000115 dfaa      	RCALL _putchar
                 ; 0000 010F putchar('A');
000116 e4a1      	LDI  R26,LOW(65)
000117 dfa8      	RCALL _putchar
                 ; 0000 0110 putchar('M');
000118 e4ad      	LDI  R26,LOW(77)
000119 dfa6      	RCALL _putchar
                 ; 0000 0111 putchar('E');
00011a e4a5      	LDI  R26,LOW(69)
00011b dfa4      	RCALL _putchar
                 ; 0000 0112 putchar('=');
00011c e3ad      	LDI  R26,LOW(61)
00011d dfa2      	RCALL _putchar
                 ; 0000 0113 putchar('R');
00011e e5a2      	LDI  R26,LOW(82)
00011f dfa0      	RCALL _putchar
                 ; 0000 0114 putchar('M');
000120 e4ad      	LDI  R26,LOW(77)
000121 df9e      	RCALL _putchar
                 ; 0000 0115 putchar('\r');
000122 e0ad      	LDI  R26,LOW(13)
000123 df9c      	RCALL _putchar
                 ; 0000 0116 putchar('\n');
000124 e0aa      	LDI  R26,LOW(10)
000125 df9a      	RCALL _putchar
                 ; 0000 0117 
                 ; 0000 0118 //putchar('A');
                 ; 0000 0119 // USART0 initialization
                 ; 0000 011A // Communication Parameters: 8 Data, 1 Stop, No Parity
                 ; 0000 011B // USART0 Receiver: On
                 ; 0000 011C // USART0 Transmitter: On
                 ; 0000 011D // USART0 Mode: Asynchronous
                 ; 0000 011E // USART0 Baud Rate: 9600
                 ; 0000 011F delay_ms(1000);
000126 eea8      	LDI  R26,LOW(1000)
000127 e0b3      	LDI  R27,HIGH(1000)
000128 940e 014c 	CALL _delay_ms
                 ; 0000 0120 UCSR0A=0x00;
00012a d016      	RCALL SUBOPT_0x0
                 ; 0000 0121 UCSR0B=0xD8;
                 ; 0000 0122 UCSR0C=0x06;
                 ; 0000 0123 UBRR0H=0x00;
                 ; 0000 0124 UBRR0L=0x33;
00012b e3e3      	LDI  R30,LOW(51)
00012c b9e9      	OUT  0x9,R30
                 ; 0000 0125 
                 ; 0000 0126 putchar('H');
00012d e4a8      	LDI  R26,LOW(72)
00012e df91      	RCALL _putchar
                 ; 0000 0127 putchar('E');
00012f e4a5      	LDI  R26,LOW(69)
000130 df8f      	RCALL _putchar
                 ; 0000 0128 putchar('Y');
000131 e5a9      	LDI  R26,LOW(89)
000132 df8d      	RCALL _putchar
                 ; 0000 0129 putchar('!');
000133 e2a1      	LDI  R26,LOW(33)
000134 df8b      	RCALL _putchar
                 ; 0000 012A 
                 ; 0000 012B // Global enable interrupts
                 ; 0000 012C #asm("sei")
000135 9478      	sei
                 ; 0000 012D 
                 ; 0000 012E while (1)
                 _0x17:
                 ; 0000 012F       {
                 ; 0000 0130       // Place your code here
                 ; 0000 0131       adcVal = read_adc(0);
000136 e0a0      	LDI  R26,LOW(0)
000137 df45      	RCALL _read_adc
000138 018f      	MOVW R16,R30
                 ; 0000 0132       BT_Send(adcVal);
000139 01d8      	MOVW R26,R16
00013a dfa0      	RCALL _BT_Send
                 ; 0000 0133       delay_ms(500);
00013b efa4      	LDI  R26,LOW(500)
00013c e0b1      	LDI  R27,HIGH(500)
00013d 940e 014c 	CALL _delay_ms
                 ; 0000 0134       }
00013f cff6      	RJMP _0x17
                 ; 0000 0135 }
                 _0x1A:
000140 cfff      	RJMP _0x1A
                 
                 	.DSEG
                 _rx_buffer0:
000500           	.BYTE 0x8
                 _tx_buffer0:
000508           	.BYTE 0x8
                 
                 	.CSEG
                 ;OPTIMIZER ADDED SUBROUTINE, CALLED 2 TIMES, CODE SIZE REDUCTION:5 WORDS
                 SUBOPT_0x0:
000141 e0e0      	LDI  R30,LOW(0)
000142 b9eb      	OUT  0xB,R30
000143 ede8      	LDI  R30,LOW(216)
000144 b9ea      	OUT  0xA,R30
000145 e0e6      	LDI  R30,LOW(6)
000146 93e0 0095 	STS  149,R30
000148 e0e0      	LDI  R30,LOW(0)
000149 93e0 0090 	STS  144,R30
00014b 9508      	RET
                 
                 
                 	.CSEG
                 _delay_ms:
00014c 9610      	adiw r26,0
00014d f039      	breq __delay_ms1
                 __delay_ms0:
                +
00014e ed80     +LDI R24 , LOW ( 0x7D0 )
00014f e097     +LDI R25 , HIGH ( 0x7D0 )
                +__DELAY_USW_LOOP :
000150 9701     +SBIW R24 , 1
000151 f7f1     +BRNE __DELAY_USW_LOOP
                 	__DELAY_USW 0x7D0
000152 95a8      	wdr
000153 9711      	sbiw r26,1
000154 f7c9      	brne __delay_ms0
                 __delay_ms1:
000155 9508      	ret
                 
                 __DIVW21U:
000156 2400      	CLR  R0
000157 2411      	CLR  R1
000158 e190      	LDI  R25,16
                 __DIVW21U1:
000159 0faa      	LSL  R26
00015a 1fbb      	ROL  R27
00015b 1c00      	ROL  R0
00015c 1c11      	ROL  R1
00015d 1a0e      	SUB  R0,R30
00015e 0a1f      	SBC  R1,R31
00015f f418      	BRCC __DIVW21U2
000160 0e0e      	ADD  R0,R30
000161 1e1f      	ADC  R1,R31
000162 c001      	RJMP __DIVW21U3
                 __DIVW21U2:
000163 60a1      	SBR  R26,1
                 __DIVW21U3:
000164 959a      	DEC  R25
000165 f799      	BRNE __DIVW21U1
000166 01fd      	MOVW R30,R26
000167 01d0      	MOVW R26,R0
000168 9508      	RET
                 
                 ;END OF CODE MARKER
                 __END_OF_CODE:


RESOURCE USE INFORMATION
------------------------

Notice:
The register and instruction counts are symbol table hit counts,
and hence implicitly used resources are not counted, eg, the
'lpm' instruction without operands implicitly uses r0 and z,
none of which are counted.

x,y,z are separate entities in the symbol table and are
counted separately from r26..r31 here.

.dseg memory usage only counts static data declared with .byte

ATmega64 register use summary:
r0 :   9 r1 :   5 r2 :   1 r3 :   0 r4 :   0 r5 :   4 r6 :   4 r7 :   3 
r8 :   5 r9 :   4 r10:   0 r11:   0 r12:   0 r13:   0 r14:   0 r15:   0 
r16:  12 r17:   8 r18:   0 r19:   0 r20:   0 r21:   0 r22:   2 r23:   0 
r24:  11 r25:   5 r26:  37 r27:   8 r28:   3 r29:   1 r30:  89 r31:  18 
x  :   3 y  :  26 z  :  10 
Registers used: 22 out of 35 (62.9%)

ATmega64 instruction use summary:
.lds  :   0 .lds.l:   0 .sts  :   0 .sts.l:   0 adc   :   1 add   :   1 
adiw  :   3 and   :   0 andi  :   1 asr   :   0 bclr  :   0 bld   :   1 
brbc  :   0 brbs  :   0 brcc  :   1 brcs  :   0 break :   0 breq  :   4 
brge  :   0 brhc  :   0 brhs  :   0 brid  :   0 brie  :   0 brlo  :   0 
brlt  :   0 brmi  :   0 brne  :  13 brpl  :   0 brsh  :   0 brtc  :   0 
brts  :   0 brvc  :   0 brvs  :   0 bset  :   0 bst   :   0 call  :   3 
cbi   :   0 cbr   :   0 clc   :   0 clh   :   0 cli   :   2 cln   :   0 
clr   :   8 cls   :   0 clt   :   0 clv   :   0 clz   :   0 com   :   0 
cp    :   5 cpc   :   0 cpi   :   0 cpse  :   0 dec   :   4 des   :   0 
eor   :   0 fmul  :   0 fmuls :   0 fmulsu:   0 icall :   0 ijmp  :   0 
in    :   6 inc   :   5 jmp   :  36 ld    :   9 ldd   :   4 ldi   :  65 
lds   :   0 lpm   :   7 lsl   :   1 lsr   :   0 mov   :   5 movw  :   8 
mul   :   0 muls  :   0 mulsu :   0 neg   :   0 nop   :   0 or    :   0 
ori   :   0 out   :  27 pop   :   0 push  :   0 rcall :  21 ret   :   5 
reti  :   1 rjmp  :   9 rol   :   3 ror   :   0 sbc   :   1 sbci  :   3 
sbi   :   2 sbic  :   1 sbis  :   1 sbiw  :   5 sbr   :   1 sbrc  :   0 
sbrs  :   0 sec   :   0 seh   :   0 sei   :   2 sen   :   0 ser   :   0 
ses   :   0 set   :   1 sev   :   0 sez   :   0 sleep :   0 spm   :   0 
st    :  18 std   :   1 sts   :   7 sub   :   1 subi  :   4 swap  :   0 
tst   :   2 wdr   :   1 
Instructions used: 45 out of 116 (38.8%)

ATmega64 memory use summary [bytes]:
Segment   Begin    End      Code   Data   Used    Size   Use%
---------------------------------------------------------------
[.cseg] 0x000000 0x0002d2    712     10    722   65536   1.1%
[.dseg] 0x000100 0x000510      0     16     16    4351   0.4%
[.eseg] 0x000000 0x000000      0      0      0    2048   0.0%

Assembly complete, 0 errors, 6 warnings
